<?xml version="1.0" encoding="UTF-8"?>
<robot generator="Robot 4.0.3 (Python 3.9.5 on darwin)" generated="20210719 10:23:05.466" rpa="false" schemaversion="2">
<suite id="s1" name="TestCases" source="/Users/hsreekum/PycharmProjects/DAMrobotAutomationframeworktwo/TestCases">
<suite id="s1-s1" name="Syndicationconsoletests" source="/Users/hsreekum/PycharmProjects/DAMrobotAutomationframeworktwo/TestCases/Syndicationconsoletests">
<suite id="s1-s1-s1" name="SyndicationAfterPublicationreqbymetest" source="/Users/hsreekum/PycharmProjects/DAMrobotAutomationframeworktwo/TestCases/Syndicationconsoletests/SyndicationAfterPublicationreqbymetest.robot">
<test id="s1-s1-s1-t1" name="SyndicationAfterpublication">
<kw name="Start TestCase" library="CommonFunctionality" type="SETUP">
<kw name="Open Browser" library="SeleniumLibrary">
<arg>https://google.com</arg>
<arg>chrome</arg>
<doc>Opens a new browser instance to the optional ``url``.</doc>
<msg timestamp="20210719 10:23:05.778" level="INFO">Opening browser 'chrome' to base url 'https://google.com'.</msg>
<status status="PASS" starttime="20210719 10:23:05.777" endtime="20210719 10:23:11.532"/>
</kw>
<kw name="Maximize Browser Window" library="SeleniumLibrary">
<doc>Maximizes current browser window.</doc>
<status status="PASS" starttime="20210719 10:23:11.534" endtime="20210719 10:23:11.783"/>
</kw>
<status status="PASS" starttime="20210719 10:23:05.775" endtime="20210719 10:23:11.783"/>
</kw>
<kw name="Open my url" library="LoginKeywords">
<arg>${SiteUrl}</arg>
<kw name="Go To" library="SeleniumLibrary">
<arg>${SiteUrl}</arg>
<doc>Navigates the current browser window to the provided ``url``.</doc>
<msg timestamp="20210719 10:23:11.786" level="INFO">Opening url 'https://emea-staging.cnidam.com'</msg>
<status status="PASS" starttime="20210719 10:23:11.785" endtime="20210719 10:23:14.170"/>
</kw>
<kw name="Maximize Browser Window" library="SeleniumLibrary">
<doc>Maximizes current browser window.</doc>
<status status="PASS" starttime="20210719 10:23:14.171" endtime="20210719 10:23:14.310"/>
</kw>
<status status="PASS" starttime="20210719 10:23:11.784" endtime="20210719 10:23:14.310"/>
</kw>
<kw name="Enter UserName" library="LoginKeywords">
<arg>${user}</arg>
<kw name="Wait Until Page Contains Element" library="SeleniumLibrary">
<arg>${txt_loginUserName_lctr}</arg>
<arg>timeout=30s</arg>
<doc>Waits until the element ``locator`` appears on the current page.</doc>
<status status="PASS" starttime="20210719 10:23:14.311" endtime="20210719 10:23:14.321"/>
</kw>
<kw name="Input Text" library="SeleniumLibrary">
<arg>${txt_loginUserName_lctr}</arg>
<arg>${username}</arg>
<doc>Types the given ``text`` into the text field identified by ``locator``.</doc>
<msg timestamp="20210719 10:23:14.322" level="INFO">Typing text 'harikrishnan.sreekumaran@condenast.com' into text field 'id:idp-discovery-username'.</msg>
<status status="PASS" starttime="20210719 10:23:14.321" endtime="20210719 10:23:14.448"/>
</kw>
<kw name="Click Button" library="SeleniumLibrary">
<arg>${submitbutton_lctr}</arg>
<doc>Clicks the button identified by ``locator``.</doc>
<msg timestamp="20210719 10:23:14.449" level="INFO">Clicking button 'id:idp-discovery-submit'.</msg>
<status status="PASS" starttime="20210719 10:23:14.449" endtime="20210719 10:23:14.500"/>
</kw>
<status status="PASS" starttime="20210719 10:23:14.311" endtime="20210719 10:23:14.502"/>
</kw>
<kw name="Enter Password" library="LoginKeywords">
<arg>${pwd}</arg>
<kw name="Wait Until Page Contains Element" library="SeleniumLibrary">
<arg>${txt_loginps_lctr}</arg>
<arg>timeout=30s</arg>
<doc>Waits until the element ``locator`` appears on the current page.</doc>
<status status="PASS" starttime="20210719 10:23:14.502" endtime="20210719 10:23:16.613"/>
</kw>
<kw name="Input Text" library="SeleniumLibrary">
<arg>${txt_loginps_lctr}</arg>
<arg>${password}</arg>
<doc>Types the given ``text`` into the text field identified by ``locator``.</doc>
<msg timestamp="20210719 10:23:16.615" level="INFO">Typing text 'Mondaytuesday2021!' into text field 'class:password-with-toggle'.</msg>
<status status="PASS" starttime="20210719 10:23:16.614" endtime="20210719 10:23:16.694"/>
</kw>
<status status="PASS" starttime="20210719 10:23:14.502" endtime="20210719 10:23:16.696"/>
</kw>
<kw name="Click Verify" library="LoginKeywords">
<kw name="Wait Until Page Contains Element" library="SeleniumLibrary">
<arg>${txt_verify_lctr}</arg>
<arg>timeout=30s</arg>
<doc>Waits until the element ``locator`` appears on the current page.</doc>
<status status="PASS" starttime="20210719 10:23:16.697" endtime="20210719 10:23:16.706"/>
</kw>
<kw name="Click Button" library="SeleniumLibrary">
<arg>${txt_verify_lctr}</arg>
<doc>Clicks the button identified by ``locator``.</doc>
<msg timestamp="20210719 10:23:16.708" level="INFO">Clicking button 'css:input[class='button button-primary']'.</msg>
<status status="PASS" starttime="20210719 10:23:16.707" endtime="20210719 10:23:16.758"/>
</kw>
<status status="PASS" starttime="20210719 10:23:16.696" endtime="20210719 10:23:16.759"/>
</kw>
<kw name="Sleep" library="BuiltIn">
<arg>7s</arg>
<doc>Pauses the test executed for the given time.</doc>
<msg timestamp="20210719 10:23:23.760" level="INFO">Slept 7 seconds</msg>
<status status="PASS" starttime="20210719 10:23:16.760" endtime="20210719 10:23:23.760"/>
</kw>
<kw name="Get Title" library="SeleniumLibrary">
<var>${act_title}</var>
<doc>Returns the title of the current page.</doc>
<msg timestamp="20210719 10:23:23.767" level="INFO">${act_title} = Staging EMEA | Welcome to AEM</msg>
<status status="PASS" starttime="20210719 10:23:23.761" endtime="20210719 10:23:23.767"/>
</kw>
<kw name="Run Keyword If" library="BuiltIn">
<arg>'${act_title}' == 'Staging EMEA | Welcome to AEM'</arg>
<arg>Verify successful login</arg>
<arg>ELSE</arg>
<arg>Verify unsuccessful login</arg>
<doc>Runs the given keyword with the given arguments, if ``condition`` is true.</doc>
<kw name="Verify successful login" library="LoginKeywords">
<kw name="Log" library="BuiltIn">
<arg>**********Login test is passed**********</arg>
<doc>Logs the given message with the given level.</doc>
<msg timestamp="20210719 10:23:23.769" level="INFO">**********Login test is passed**********</msg>
<status status="PASS" starttime="20210719 10:23:23.769" endtime="20210719 10:23:23.769"/>
</kw>
<kw name="Log Title" library="SeleniumLibrary">
<doc>Logs and returns the title of the current page.</doc>
<msg timestamp="20210719 10:23:23.773" level="INFO">Staging EMEA | Welcome to AEM</msg>
<status status="PASS" starttime="20210719 10:23:23.770" endtime="20210719 10:23:23.773"/>
</kw>
<status status="PASS" starttime="20210719 10:23:23.768" endtime="20210719 10:23:23.773"/>
</kw>
<status status="PASS" starttime="20210719 10:23:23.768" endtime="20210719 10:23:23.774"/>
</kw>
<kw name="Go to Syndication After Publication" library="SyndicationafterpublicationreqbymeKeywords">
<kw name="Wait Until Element Is Enabled" library="SeleniumLibrary">
<arg>${SyndicationAfterPublicationtab_lctr}</arg>
<doc>Waits until the element ``locator`` is enabled.</doc>
<status status="PASS" starttime="20210719 10:23:23.774" endtime="20210719 10:23:23.797"/>
</kw>
<kw name="Click Element" library="SeleniumLibrary">
<arg>${SyndicationAfterPublicationtab_lctr}</arg>
<doc>Click the element identified by ``locator``.</doc>
<msg timestamp="20210719 10:23:23.799" level="INFO">Clicking element 'xpath://div[text()='Syndication after publication']'.</msg>
<status status="PASS" starttime="20210719 10:23:23.798" endtime="20210719 10:23:26.161"/>
</kw>
<status status="PASS" starttime="20210719 10:23:23.774" endtime="20210719 10:23:26.163"/>
</kw>
<kw name="Get current Layout markets displayed in the page" library="SyndicationafterpublicationreqbymeKeywords">
<kw name="Sleep" library="BuiltIn">
<arg>3s</arg>
<doc>Pauses the test executed for the given time.</doc>
<msg timestamp="20210719 10:23:29.165" level="INFO">Slept 3 seconds</msg>
<status status="PASS" starttime="20210719 10:23:26.164" endtime="20210719 10:23:29.165"/>
</kw>
<kw name="Wait Until Element Is Enabled" library="SeleniumLibrary">
<arg>${currentlayoutmarketsdisplayed_lctr}</arg>
<doc>Waits until the element ``locator`` is enabled.</doc>
<status status="PASS" starttime="20210719 10:23:29.166" endtime="20210719 10:23:29.405"/>
</kw>
<kw name="Get WebElements" library="SeleniumLibrary">
<var>@{layoutmarketdisplayedlist}</var>
<arg>${currentlayoutmarketsdisplayed_lctr}</arg>
<doc>Returns a list of WebElement objects matching the ``locator``.</doc>
<msg timestamp="20210719 10:23:29.413" level="INFO">@{layoutmarketdisplayedlist} = [ &lt;selenium.webdriver.remote.webelement.WebElement (session="5f319d8f6141203e87a47ebf72af0ff9", element="7eab2f8d-d71d-4fee-bd43-4de99e1541ab")&gt; | &lt;selenium.webdriver.remote.webelement.WebElement (ses...</msg>
<status status="PASS" starttime="20210719 10:23:29.405" endtime="20210719 10:23:29.413"/>
</kw>
<kw name="Get Element Count" library="SeleniumLibrary">
<var>${layoutmarketdisplayedcount}</var>
<arg>${currentlayoutmarketsdisplayed_lctr}</arg>
<doc>Returns the number of elements matching ``locator``.</doc>
<msg timestamp="20210719 10:23:29.423" level="INFO">${layoutmarketdisplayedcount} = 45</msg>
<status status="PASS" starttime="20210719 10:23:29.414" endtime="20210719 10:23:29.423"/>
</kw>
<kw name="Log To Console" library="BuiltIn">
<arg>${layoutmarketdisplayedcount}</arg>
<doc>Logs the given message to the console.</doc>
<status status="PASS" starttime="20210719 10:23:29.424" endtime="20210719 10:23:29.425"/>
</kw>
<kw name="Log" library="BuiltIn">
<arg>${layoutmarketdisplayedcount}</arg>
<doc>Logs the given message with the given level.</doc>
<msg timestamp="20210719 10:23:29.426" level="INFO">45</msg>
<status status="PASS" starttime="20210719 10:23:29.426" endtime="20210719 10:23:29.426"/>
</kw>
<for flavor="IN RANGE">
<var>${i}</var>
<value>0</value>
<value>${${layoutmarketdisplayedcount}}</value>
<iter>
<var name="${i}">0</var>
<kw name="Get Text" library="SeleniumLibrary">
<var>${LayoutmarketdisplayedText}</var>
<arg>${layoutmarketdisplayedlist}[${i}]</arg>
<doc>Returns the text value of the element identified by ``locator``.</doc>
<msg timestamp="20210719 10:23:29.442" level="INFO">${LayoutmarketdisplayedText} = Taiwan</msg>
<status status="PASS" starttime="20210719 10:23:29.430" endtime="20210719 10:23:29.442"/>
</kw>
<kw name="Log To Console" library="BuiltIn">
<arg>${LayoutmarketdisplayedText}</arg>
<doc>Logs the given message to the console.</doc>
<status status="PASS" starttime="20210719 10:23:29.443" endtime="20210719 10:23:29.443"/>
</kw>
<kw name="Log" library="BuiltIn">
<arg>${LayoutmarketdisplayedText}</arg>
<doc>Logs the given message with the given level.</doc>
<msg timestamp="20210719 10:23:29.444" level="INFO">Taiwan</msg>
<status status="PASS" starttime="20210719 10:23:29.444" endtime="20210719 10:23:29.444"/>
</kw>
<status status="PASS" starttime="20210719 10:23:29.430" endtime="20210719 10:23:29.445"/>
</iter>
<iter>
<var name="${i}">1</var>
<kw name="Get Text" library="SeleniumLibrary">
<var>${LayoutmarketdisplayedText}</var>
<arg>${layoutmarketdisplayedlist}[${i}]</arg>
<doc>Returns the text value of the element identified by ``locator``.</doc>
<msg timestamp="20210719 10:23:29.457" level="INFO">${LayoutmarketdisplayedText} = Taiwan</msg>
<status status="PASS" starttime="20210719 10:23:29.445" endtime="20210719 10:23:29.457"/>
</kw>
<kw name="Log To Console" library="BuiltIn">
<arg>${LayoutmarketdisplayedText}</arg>
<doc>Logs the given message to the console.</doc>
<status status="PASS" starttime="20210719 10:23:29.458" endtime="20210719 10:23:29.458"/>
</kw>
<kw name="Log" library="BuiltIn">
<arg>${LayoutmarketdisplayedText}</arg>
<doc>Logs the given message with the given level.</doc>
<msg timestamp="20210719 10:23:29.459" level="INFO">Taiwan</msg>
<status status="PASS" starttime="20210719 10:23:29.458" endtime="20210719 10:23:29.459"/>
</kw>
<status status="PASS" starttime="20210719 10:23:29.445" endtime="20210719 10:23:29.459"/>
</iter>
<iter>
<var name="${i}">2</var>
<kw name="Get Text" library="SeleniumLibrary">
<var>${LayoutmarketdisplayedText}</var>
<arg>${layoutmarketdisplayedlist}[${i}]</arg>
<doc>Returns the text value of the element identified by ``locator``.</doc>
<msg timestamp="20210719 10:23:29.471" level="INFO">${LayoutmarketdisplayedText} = Taiwan</msg>
<status status="PASS" starttime="20210719 10:23:29.460" endtime="20210719 10:23:29.471"/>
</kw>
<kw name="Log To Console" library="BuiltIn">
<arg>${LayoutmarketdisplayedText}</arg>
<doc>Logs the given message to the console.</doc>
<status status="PASS" starttime="20210719 10:23:29.472" endtime="20210719 10:23:29.472"/>
</kw>
<kw name="Log" library="BuiltIn">
<arg>${LayoutmarketdisplayedText}</arg>
<doc>Logs the given message with the given level.</doc>
<msg timestamp="20210719 10:23:29.473" level="INFO">Taiwan</msg>
<status status="PASS" starttime="20210719 10:23:29.473" endtime="20210719 10:23:29.473"/>
</kw>
<status status="PASS" starttime="20210719 10:23:29.460" endtime="20210719 10:23:29.474"/>
</iter>
<iter>
<var name="${i}">3</var>
<kw name="Get Text" library="SeleniumLibrary">
<var>${LayoutmarketdisplayedText}</var>
<arg>${layoutmarketdisplayedlist}[${i}]</arg>
<doc>Returns the text value of the element identified by ``locator``.</doc>
<msg timestamp="20210719 10:23:29.486" level="INFO">${LayoutmarketdisplayedText} = Taiwan</msg>
<status status="PASS" starttime="20210719 10:23:29.475" endtime="20210719 10:23:29.486"/>
</kw>
<kw name="Log To Console" library="BuiltIn">
<arg>${LayoutmarketdisplayedText}</arg>
<doc>Logs the given message to the console.</doc>
<status status="PASS" starttime="20210719 10:23:29.486" endtime="20210719 10:23:29.487"/>
</kw>
<kw name="Log" library="BuiltIn">
<arg>${LayoutmarketdisplayedText}</arg>
<doc>Logs the given message with the given level.</doc>
<msg timestamp="20210719 10:23:29.488" level="INFO">Taiwan</msg>
<status status="PASS" starttime="20210719 10:23:29.487" endtime="20210719 10:23:29.488"/>
</kw>
<status status="PASS" starttime="20210719 10:23:29.475" endtime="20210719 10:23:29.488"/>
</iter>
<iter>
<var name="${i}">4</var>
<kw name="Get Text" library="SeleniumLibrary">
<var>${LayoutmarketdisplayedText}</var>
<arg>${layoutmarketdisplayedlist}[${i}]</arg>
<doc>Returns the text value of the element identified by ``locator``.</doc>
<msg timestamp="20210719 10:23:29.499" level="INFO">${LayoutmarketdisplayedText} = Taiwan</msg>
<status status="PASS" starttime="20210719 10:23:29.489" endtime="20210719 10:23:29.499"/>
</kw>
<kw name="Log To Console" library="BuiltIn">
<arg>${LayoutmarketdisplayedText}</arg>
<doc>Logs the given message to the console.</doc>
<status status="PASS" starttime="20210719 10:23:29.500" endtime="20210719 10:23:29.500"/>
</kw>
<kw name="Log" library="BuiltIn">
<arg>${LayoutmarketdisplayedText}</arg>
<doc>Logs the given message with the given level.</doc>
<msg timestamp="20210719 10:23:29.501" level="INFO">Taiwan</msg>
<status status="PASS" starttime="20210719 10:23:29.501" endtime="20210719 10:23:29.501"/>
</kw>
<status status="PASS" starttime="20210719 10:23:29.489" endtime="20210719 10:23:29.502"/>
</iter>
<iter>
<var name="${i}">5</var>
<kw name="Get Text" library="SeleniumLibrary">
<var>${LayoutmarketdisplayedText}</var>
<arg>${layoutmarketdisplayedlist}[${i}]</arg>
<doc>Returns the text value of the element identified by ``locator``.</doc>
<msg timestamp="20210719 10:23:29.513" level="INFO">${LayoutmarketdisplayedText} = United Kingdom</msg>
<status status="PASS" starttime="20210719 10:23:29.502" endtime="20210719 10:23:29.513"/>
</kw>
<kw name="Log To Console" library="BuiltIn">
<arg>${LayoutmarketdisplayedText}</arg>
<doc>Logs the given message to the console.</doc>
<status status="PASS" starttime="20210719 10:23:29.514" endtime="20210719 10:23:29.514"/>
</kw>
<kw name="Log" library="BuiltIn">
<arg>${LayoutmarketdisplayedText}</arg>
<doc>Logs the given message with the given level.</doc>
<msg timestamp="20210719 10:23:29.515" level="INFO">United Kingdom</msg>
<status status="PASS" starttime="20210719 10:23:29.515" endtime="20210719 10:23:29.515"/>
</kw>
<status status="PASS" starttime="20210719 10:23:29.502" endtime="20210719 10:23:29.516"/>
</iter>
<iter>
<var name="${i}">6</var>
<kw name="Get Text" library="SeleniumLibrary">
<var>${LayoutmarketdisplayedText}</var>
<arg>${layoutmarketdisplayedlist}[${i}]</arg>
<doc>Returns the text value of the element identified by ``locator``.</doc>
<msg timestamp="20210719 10:23:29.529" level="INFO">${LayoutmarketdisplayedText} = United Kingdom</msg>
<status status="PASS" starttime="20210719 10:23:29.517" endtime="20210719 10:23:29.529"/>
</kw>
<kw name="Log To Console" library="BuiltIn">
<arg>${LayoutmarketdisplayedText}</arg>
<doc>Logs the given message to the console.</doc>
<status status="PASS" starttime="20210719 10:23:29.530" endtime="20210719 10:23:29.531"/>
</kw>
<kw name="Log" library="BuiltIn">
<arg>${LayoutmarketdisplayedText}</arg>
<doc>Logs the given message with the given level.</doc>
<msg timestamp="20210719 10:23:29.532" level="INFO">United Kingdom</msg>
<status status="PASS" starttime="20210719 10:23:29.531" endtime="20210719 10:23:29.532"/>
</kw>
<status status="PASS" starttime="20210719 10:23:29.516" endtime="20210719 10:23:29.532"/>
</iter>
<iter>
<var name="${i}">7</var>
<kw name="Get Text" library="SeleniumLibrary">
<var>${LayoutmarketdisplayedText}</var>
<arg>${layoutmarketdisplayedlist}[${i}]</arg>
<doc>Returns the text value of the element identified by ``locator``.</doc>
<msg timestamp="20210719 10:23:29.558" level="INFO">${LayoutmarketdisplayedText} = United Kingdom</msg>
<status status="PASS" starttime="20210719 10:23:29.533" endtime="20210719 10:23:29.558"/>
</kw>
<kw name="Log To Console" library="BuiltIn">
<arg>${LayoutmarketdisplayedText}</arg>
<doc>Logs the given message to the console.</doc>
<status status="PASS" starttime="20210719 10:23:29.559" endtime="20210719 10:23:29.560"/>
</kw>
<kw name="Log" library="BuiltIn">
<arg>${LayoutmarketdisplayedText}</arg>
<doc>Logs the given message with the given level.</doc>
<msg timestamp="20210719 10:23:29.561" level="INFO">United Kingdom</msg>
<status status="PASS" starttime="20210719 10:23:29.560" endtime="20210719 10:23:29.561"/>
</kw>
<status status="PASS" starttime="20210719 10:23:29.533" endtime="20210719 10:23:29.562"/>
</iter>
<iter>
<var name="${i}">8</var>
<kw name="Get Text" library="SeleniumLibrary">
<var>${LayoutmarketdisplayedText}</var>
<arg>${layoutmarketdisplayedlist}[${i}]</arg>
<doc>Returns the text value of the element identified by ``locator``.</doc>
<msg timestamp="20210719 10:23:29.580" level="INFO">${LayoutmarketdisplayedText} = United Kingdom</msg>
<status status="PASS" starttime="20210719 10:23:29.563" endtime="20210719 10:23:29.580"/>
</kw>
<kw name="Log To Console" library="BuiltIn">
<arg>${LayoutmarketdisplayedText}</arg>
<doc>Logs the given message to the console.</doc>
<status status="PASS" starttime="20210719 10:23:29.581" endtime="20210719 10:23:29.582"/>
</kw>
<kw name="Log" library="BuiltIn">
<arg>${LayoutmarketdisplayedText}</arg>
<doc>Logs the given message with the given level.</doc>
<msg timestamp="20210719 10:23:29.583" level="INFO">United Kingdom</msg>
<status status="PASS" starttime="20210719 10:23:29.582" endtime="20210719 10:23:29.583"/>
</kw>
<status status="PASS" starttime="20210719 10:23:29.562" endtime="20210719 10:23:29.584"/>
</iter>
<iter>
<var name="${i}">9</var>
<kw name="Get Text" library="SeleniumLibrary">
<var>${LayoutmarketdisplayedText}</var>
<arg>${layoutmarketdisplayedlist}[${i}]</arg>
<doc>Returns the text value of the element identified by ``locator``.</doc>
<msg timestamp="20210719 10:23:29.597" level="INFO">${LayoutmarketdisplayedText} = United Kingdom</msg>
<status status="PASS" starttime="20210719 10:23:29.585" endtime="20210719 10:23:29.597"/>
</kw>
<kw name="Log To Console" library="BuiltIn">
<arg>${LayoutmarketdisplayedText}</arg>
<doc>Logs the given message to the console.</doc>
<status status="PASS" starttime="20210719 10:23:29.598" endtime="20210719 10:23:29.599"/>
</kw>
<kw name="Log" library="BuiltIn">
<arg>${LayoutmarketdisplayedText}</arg>
<doc>Logs the given message with the given level.</doc>
<msg timestamp="20210719 10:23:29.600" level="INFO">United Kingdom</msg>
<status status="PASS" starttime="20210719 10:23:29.599" endtime="20210719 10:23:29.600"/>
</kw>
<status status="PASS" starttime="20210719 10:23:29.584" endtime="20210719 10:23:29.601"/>
</iter>
<iter>
<var name="${i}">10</var>
<kw name="Get Text" library="SeleniumLibrary">
<var>${LayoutmarketdisplayedText}</var>
<arg>${layoutmarketdisplayedlist}[${i}]</arg>
<doc>Returns the text value of the element identified by ``locator``.</doc>
<msg timestamp="20210719 10:23:29.613" level="INFO">${LayoutmarketdisplayedText} = United Kingdom</msg>
<status status="PASS" starttime="20210719 10:23:29.601" endtime="20210719 10:23:29.614"/>
</kw>
<kw name="Log To Console" library="BuiltIn">
<arg>${LayoutmarketdisplayedText}</arg>
<doc>Logs the given message to the console.</doc>
<status status="PASS" starttime="20210719 10:23:29.616" endtime="20210719 10:23:29.616"/>
</kw>
<kw name="Log" library="BuiltIn">
<arg>${LayoutmarketdisplayedText}</arg>
<doc>Logs the given message with the given level.</doc>
<msg timestamp="20210719 10:23:29.617" level="INFO">United Kingdom</msg>
<status status="PASS" starttime="20210719 10:23:29.617" endtime="20210719 10:23:29.617"/>
</kw>
<status status="PASS" starttime="20210719 10:23:29.601" endtime="20210719 10:23:29.618"/>
</iter>
<iter>
<var name="${i}">11</var>
<kw name="Get Text" library="SeleniumLibrary">
<var>${LayoutmarketdisplayedText}</var>
<arg>${layoutmarketdisplayedlist}[${i}]</arg>
<doc>Returns the text value of the element identified by ``locator``.</doc>
<msg timestamp="20210719 10:23:29.632" level="INFO">${LayoutmarketdisplayedText} = Singapore</msg>
<status status="PASS" starttime="20210719 10:23:29.619" endtime="20210719 10:23:29.632"/>
</kw>
<kw name="Log To Console" library="BuiltIn">
<arg>${LayoutmarketdisplayedText}</arg>
<doc>Logs the given message to the console.</doc>
<status status="PASS" starttime="20210719 10:23:29.633" endtime="20210719 10:23:29.634"/>
</kw>
<kw name="Log" library="BuiltIn">
<arg>${LayoutmarketdisplayedText}</arg>
<doc>Logs the given message with the given level.</doc>
<msg timestamp="20210719 10:23:29.634" level="INFO">Singapore</msg>
<status status="PASS" starttime="20210719 10:23:29.634" endtime="20210719 10:23:29.635"/>
</kw>
<status status="PASS" starttime="20210719 10:23:29.619" endtime="20210719 10:23:29.635"/>
</iter>
<iter>
<var name="${i}">12</var>
<kw name="Get Text" library="SeleniumLibrary">
<var>${LayoutmarketdisplayedText}</var>
<arg>${layoutmarketdisplayedlist}[${i}]</arg>
<doc>Returns the text value of the element identified by ``locator``.</doc>
<msg timestamp="20210719 10:23:29.648" level="INFO">${LayoutmarketdisplayedText} = Greece</msg>
<status status="PASS" starttime="20210719 10:23:29.636" endtime="20210719 10:23:29.648"/>
</kw>
<kw name="Log To Console" library="BuiltIn">
<arg>${LayoutmarketdisplayedText}</arg>
<doc>Logs the given message to the console.</doc>
<status status="PASS" starttime="20210719 10:23:29.649" endtime="20210719 10:23:29.650"/>
</kw>
<kw name="Log" library="BuiltIn">
<arg>${LayoutmarketdisplayedText}</arg>
<doc>Logs the given message with the given level.</doc>
<msg timestamp="20210719 10:23:29.651" level="INFO">Greece</msg>
<status status="PASS" starttime="20210719 10:23:29.650" endtime="20210719 10:23:29.651"/>
</kw>
<status status="PASS" starttime="20210719 10:23:29.636" endtime="20210719 10:23:29.651"/>
</iter>
<iter>
<var name="${i}">13</var>
<kw name="Get Text" library="SeleniumLibrary">
<var>${LayoutmarketdisplayedText}</var>
<arg>${layoutmarketdisplayedlist}[${i}]</arg>
<doc>Returns the text value of the element identified by ``locator``.</doc>
<msg timestamp="20210719 10:23:29.663" level="INFO">${LayoutmarketdisplayedText} = Singapore</msg>
<status status="PASS" starttime="20210719 10:23:29.652" endtime="20210719 10:23:29.663"/>
</kw>
<kw name="Log To Console" library="BuiltIn">
<arg>${LayoutmarketdisplayedText}</arg>
<doc>Logs the given message to the console.</doc>
<status status="PASS" starttime="20210719 10:23:29.664" endtime="20210719 10:23:29.665"/>
</kw>
<kw name="Log" library="BuiltIn">
<arg>${LayoutmarketdisplayedText}</arg>
<doc>Logs the given message with the given level.</doc>
<msg timestamp="20210719 10:23:29.666" level="INFO">Singapore</msg>
<status status="PASS" starttime="20210719 10:23:29.665" endtime="20210719 10:23:29.666"/>
</kw>
<status status="PASS" starttime="20210719 10:23:29.652" endtime="20210719 10:23:29.667"/>
</iter>
<iter>
<var name="${i}">14</var>
<kw name="Get Text" library="SeleniumLibrary">
<var>${LayoutmarketdisplayedText}</var>
<arg>${layoutmarketdisplayedlist}[${i}]</arg>
<doc>Returns the text value of the element identified by ``locator``.</doc>
<msg timestamp="20210719 10:23:29.678" level="INFO">${LayoutmarketdisplayedText} = Greece</msg>
<status status="PASS" starttime="20210719 10:23:29.667" endtime="20210719 10:23:29.678"/>
</kw>
<kw name="Log To Console" library="BuiltIn">
<arg>${LayoutmarketdisplayedText}</arg>
<doc>Logs the given message to the console.</doc>
<status status="PASS" starttime="20210719 10:23:29.679" endtime="20210719 10:23:29.680"/>
</kw>
<kw name="Log" library="BuiltIn">
<arg>${LayoutmarketdisplayedText}</arg>
<doc>Logs the given message with the given level.</doc>
<msg timestamp="20210719 10:23:29.680" level="INFO">Greece</msg>
<status status="PASS" starttime="20210719 10:23:29.680" endtime="20210719 10:23:29.680"/>
</kw>
<status status="PASS" starttime="20210719 10:23:29.667" endtime="20210719 10:23:29.681"/>
</iter>
<iter>
<var name="${i}">15</var>
<kw name="Get Text" library="SeleniumLibrary">
<var>${LayoutmarketdisplayedText}</var>
<arg>${layoutmarketdisplayedlist}[${i}]</arg>
<doc>Returns the text value of the element identified by ``locator``.</doc>
<msg timestamp="20210719 10:23:29.693" level="INFO">${LayoutmarketdisplayedText} = Taiwan</msg>
<status status="PASS" starttime="20210719 10:23:29.681" endtime="20210719 10:23:29.693"/>
</kw>
<kw name="Log To Console" library="BuiltIn">
<arg>${LayoutmarketdisplayedText}</arg>
<doc>Logs the given message to the console.</doc>
<status status="PASS" starttime="20210719 10:23:29.694" endtime="20210719 10:23:29.694"/>
</kw>
<kw name="Log" library="BuiltIn">
<arg>${LayoutmarketdisplayedText}</arg>
<doc>Logs the given message with the given level.</doc>
<msg timestamp="20210719 10:23:29.695" level="INFO">Taiwan</msg>
<status status="PASS" starttime="20210719 10:23:29.695" endtime="20210719 10:23:29.695"/>
</kw>
<status status="PASS" starttime="20210719 10:23:29.681" endtime="20210719 10:23:29.696"/>
</iter>
<iter>
<var name="${i}">16</var>
<kw name="Get Text" library="SeleniumLibrary">
<var>${LayoutmarketdisplayedText}</var>
<arg>${layoutmarketdisplayedlist}[${i}]</arg>
<doc>Returns the text value of the element identified by ``locator``.</doc>
<msg timestamp="20210719 10:23:29.707" level="INFO">${LayoutmarketdisplayedText} = Taiwan</msg>
<status status="PASS" starttime="20210719 10:23:29.696" endtime="20210719 10:23:29.707"/>
</kw>
<kw name="Log To Console" library="BuiltIn">
<arg>${LayoutmarketdisplayedText}</arg>
<doc>Logs the given message to the console.</doc>
<status status="PASS" starttime="20210719 10:23:29.708" endtime="20210719 10:23:29.708"/>
</kw>
<kw name="Log" library="BuiltIn">
<arg>${LayoutmarketdisplayedText}</arg>
<doc>Logs the given message with the given level.</doc>
<msg timestamp="20210719 10:23:29.709" level="INFO">Taiwan</msg>
<status status="PASS" starttime="20210719 10:23:29.709" endtime="20210719 10:23:29.709"/>
</kw>
<status status="PASS" starttime="20210719 10:23:29.696" endtime="20210719 10:23:29.710"/>
</iter>
<iter>
<var name="${i}">17</var>
<kw name="Get Text" library="SeleniumLibrary">
<var>${LayoutmarketdisplayedText}</var>
<arg>${layoutmarketdisplayedlist}[${i}]</arg>
<doc>Returns the text value of the element identified by ``locator``.</doc>
<msg timestamp="20210719 10:23:29.721" level="INFO">${LayoutmarketdisplayedText} = United Kingdom</msg>
<status status="PASS" starttime="20210719 10:23:29.710" endtime="20210719 10:23:29.721"/>
</kw>
<kw name="Log To Console" library="BuiltIn">
<arg>${LayoutmarketdisplayedText}</arg>
<doc>Logs the given message to the console.</doc>
<status status="PASS" starttime="20210719 10:23:29.722" endtime="20210719 10:23:29.722"/>
</kw>
<kw name="Log" library="BuiltIn">
<arg>${LayoutmarketdisplayedText}</arg>
<doc>Logs the given message with the given level.</doc>
<msg timestamp="20210719 10:23:29.723" level="INFO">United Kingdom</msg>
<status status="PASS" starttime="20210719 10:23:29.723" endtime="20210719 10:23:29.723"/>
</kw>
<status status="PASS" starttime="20210719 10:23:29.710" endtime="20210719 10:23:29.724"/>
</iter>
<iter>
<var name="${i}">18</var>
<kw name="Get Text" library="SeleniumLibrary">
<var>${LayoutmarketdisplayedText}</var>
<arg>${layoutmarketdisplayedlist}[${i}]</arg>
<doc>Returns the text value of the element identified by ``locator``.</doc>
<msg timestamp="20210719 10:23:29.735" level="INFO">${LayoutmarketdisplayedText} = United Kingdom</msg>
<status status="PASS" starttime="20210719 10:23:29.724" endtime="20210719 10:23:29.735"/>
</kw>
<kw name="Log To Console" library="BuiltIn">
<arg>${LayoutmarketdisplayedText}</arg>
<doc>Logs the given message to the console.</doc>
<status status="PASS" starttime="20210719 10:23:29.736" endtime="20210719 10:23:29.736"/>
</kw>
<kw name="Log" library="BuiltIn">
<arg>${LayoutmarketdisplayedText}</arg>
<doc>Logs the given message with the given level.</doc>
<msg timestamp="20210719 10:23:29.737" level="INFO">United Kingdom</msg>
<status status="PASS" starttime="20210719 10:23:29.737" endtime="20210719 10:23:29.737"/>
</kw>
<status status="PASS" starttime="20210719 10:23:29.724" endtime="20210719 10:23:29.738"/>
</iter>
<iter>
<var name="${i}">19</var>
<kw name="Get Text" library="SeleniumLibrary">
<var>${LayoutmarketdisplayedText}</var>
<arg>${layoutmarketdisplayedlist}[${i}]</arg>
<doc>Returns the text value of the element identified by ``locator``.</doc>
<msg timestamp="20210719 10:23:29.749" level="INFO">${LayoutmarketdisplayedText} = Japan</msg>
<status status="PASS" starttime="20210719 10:23:29.738" endtime="20210719 10:23:29.749"/>
</kw>
<kw name="Log To Console" library="BuiltIn">
<arg>${LayoutmarketdisplayedText}</arg>
<doc>Logs the given message to the console.</doc>
<status status="PASS" starttime="20210719 10:23:29.750" endtime="20210719 10:23:29.750"/>
</kw>
<kw name="Log" library="BuiltIn">
<arg>${LayoutmarketdisplayedText}</arg>
<doc>Logs the given message with the given level.</doc>
<msg timestamp="20210719 10:23:29.751" level="INFO">Japan</msg>
<status status="PASS" starttime="20210719 10:23:29.751" endtime="20210719 10:23:29.751"/>
</kw>
<status status="PASS" starttime="20210719 10:23:29.738" endtime="20210719 10:23:29.751"/>
</iter>
<iter>
<var name="${i}">20</var>
<kw name="Get Text" library="SeleniumLibrary">
<var>${LayoutmarketdisplayedText}</var>
<arg>${layoutmarketdisplayedlist}[${i}]</arg>
<doc>Returns the text value of the element identified by ``locator``.</doc>
<msg timestamp="20210719 10:23:29.762" level="INFO">${LayoutmarketdisplayedText} = Japan</msg>
<status status="PASS" starttime="20210719 10:23:29.752" endtime="20210719 10:23:29.762"/>
</kw>
<kw name="Log To Console" library="BuiltIn">
<arg>${LayoutmarketdisplayedText}</arg>
<doc>Logs the given message to the console.</doc>
<status status="PASS" starttime="20210719 10:23:29.763" endtime="20210719 10:23:29.763"/>
</kw>
<kw name="Log" library="BuiltIn">
<arg>${LayoutmarketdisplayedText}</arg>
<doc>Logs the given message with the given level.</doc>
<msg timestamp="20210719 10:23:29.764" level="INFO">Japan</msg>
<status status="PASS" starttime="20210719 10:23:29.764" endtime="20210719 10:23:29.764"/>
</kw>
<status status="PASS" starttime="20210719 10:23:29.752" endtime="20210719 10:23:29.765"/>
</iter>
<iter>
<var name="${i}">21</var>
<kw name="Get Text" library="SeleniumLibrary">
<var>${LayoutmarketdisplayedText}</var>
<arg>${layoutmarketdisplayedlist}[${i}]</arg>
<doc>Returns the text value of the element identified by ``locator``.</doc>
<msg timestamp="20210719 10:23:29.775" level="INFO">${LayoutmarketdisplayedText} = United Kingdom</msg>
<status status="PASS" starttime="20210719 10:23:29.765" endtime="20210719 10:23:29.775"/>
</kw>
<kw name="Log To Console" library="BuiltIn">
<arg>${LayoutmarketdisplayedText}</arg>
<doc>Logs the given message to the console.</doc>
<status status="PASS" starttime="20210719 10:23:29.776" endtime="20210719 10:23:29.777"/>
</kw>
<kw name="Log" library="BuiltIn">
<arg>${LayoutmarketdisplayedText}</arg>
<doc>Logs the given message with the given level.</doc>
<msg timestamp="20210719 10:23:29.777" level="INFO">United Kingdom</msg>
<status status="PASS" starttime="20210719 10:23:29.777" endtime="20210719 10:23:29.777"/>
</kw>
<status status="PASS" starttime="20210719 10:23:29.765" endtime="20210719 10:23:29.778"/>
</iter>
<iter>
<var name="${i}">22</var>
<kw name="Get Text" library="SeleniumLibrary">
<var>${LayoutmarketdisplayedText}</var>
<arg>${layoutmarketdisplayedlist}[${i}]</arg>
<doc>Returns the text value of the element identified by ``locator``.</doc>
<msg timestamp="20210719 10:23:29.790" level="INFO">${LayoutmarketdisplayedText} = United Kingdom</msg>
<status status="PASS" starttime="20210719 10:23:29.778" endtime="20210719 10:23:29.790"/>
</kw>
<kw name="Log To Console" library="BuiltIn">
<arg>${LayoutmarketdisplayedText}</arg>
<doc>Logs the given message to the console.</doc>
<status status="PASS" starttime="20210719 10:23:29.791" endtime="20210719 10:23:29.791"/>
</kw>
<kw name="Log" library="BuiltIn">
<arg>${LayoutmarketdisplayedText}</arg>
<doc>Logs the given message with the given level.</doc>
<msg timestamp="20210719 10:23:29.792" level="INFO">United Kingdom</msg>
<status status="PASS" starttime="20210719 10:23:29.792" endtime="20210719 10:23:29.792"/>
</kw>
<status status="PASS" starttime="20210719 10:23:29.778" endtime="20210719 10:23:29.793"/>
</iter>
<iter>
<var name="${i}">23</var>
<kw name="Get Text" library="SeleniumLibrary">
<var>${LayoutmarketdisplayedText}</var>
<arg>${layoutmarketdisplayedlist}[${i}]</arg>
<doc>Returns the text value of the element identified by ``locator``.</doc>
<msg timestamp="20210719 10:23:29.803" level="INFO">${LayoutmarketdisplayedText} = United Kingdom</msg>
<status status="PASS" starttime="20210719 10:23:29.793" endtime="20210719 10:23:29.804"/>
</kw>
<kw name="Log To Console" library="BuiltIn">
<arg>${LayoutmarketdisplayedText}</arg>
<doc>Logs the given message to the console.</doc>
<status status="PASS" starttime="20210719 10:23:29.804" endtime="20210719 10:23:29.805"/>
</kw>
<kw name="Log" library="BuiltIn">
<arg>${LayoutmarketdisplayedText}</arg>
<doc>Logs the given message with the given level.</doc>
<msg timestamp="20210719 10:23:29.805" level="INFO">United Kingdom</msg>
<status status="PASS" starttime="20210719 10:23:29.805" endtime="20210719 10:23:29.805"/>
</kw>
<status status="PASS" starttime="20210719 10:23:29.793" endtime="20210719 10:23:29.806"/>
</iter>
<iter>
<var name="${i}">24</var>
<kw name="Get Text" library="SeleniumLibrary">
<var>${LayoutmarketdisplayedText}</var>
<arg>${layoutmarketdisplayedlist}[${i}]</arg>
<doc>Returns the text value of the element identified by ``locator``.</doc>
<msg timestamp="20210719 10:23:29.816" level="INFO">${LayoutmarketdisplayedText} = Taiwan</msg>
<status status="PASS" starttime="20210719 10:23:29.806" endtime="20210719 10:23:29.816"/>
</kw>
<kw name="Log To Console" library="BuiltIn">
<arg>${LayoutmarketdisplayedText}</arg>
<doc>Logs the given message to the console.</doc>
<status status="PASS" starttime="20210719 10:23:29.817" endtime="20210719 10:23:29.817"/>
</kw>
<kw name="Log" library="BuiltIn">
<arg>${LayoutmarketdisplayedText}</arg>
<doc>Logs the given message with the given level.</doc>
<msg timestamp="20210719 10:23:29.818" level="INFO">Taiwan</msg>
<status status="PASS" starttime="20210719 10:23:29.817" endtime="20210719 10:23:29.818"/>
</kw>
<status status="PASS" starttime="20210719 10:23:29.806" endtime="20210719 10:23:29.818"/>
</iter>
<iter>
<var name="${i}">25</var>
<kw name="Get Text" library="SeleniumLibrary">
<var>${LayoutmarketdisplayedText}</var>
<arg>${layoutmarketdisplayedlist}[${i}]</arg>
<doc>Returns the text value of the element identified by ``locator``.</doc>
<msg timestamp="20210719 10:23:29.829" level="INFO">${LayoutmarketdisplayedText} = Taiwan</msg>
<status status="PASS" starttime="20210719 10:23:29.819" endtime="20210719 10:23:29.829"/>
</kw>
<kw name="Log To Console" library="BuiltIn">
<arg>${LayoutmarketdisplayedText}</arg>
<doc>Logs the given message to the console.</doc>
<status status="PASS" starttime="20210719 10:23:29.830" endtime="20210719 10:23:29.831"/>
</kw>
<kw name="Log" library="BuiltIn">
<arg>${LayoutmarketdisplayedText}</arg>
<doc>Logs the given message with the given level.</doc>
<msg timestamp="20210719 10:23:29.831" level="INFO">Taiwan</msg>
<status status="PASS" starttime="20210719 10:23:29.831" endtime="20210719 10:23:29.831"/>
</kw>
<status status="PASS" starttime="20210719 10:23:29.819" endtime="20210719 10:23:29.832"/>
</iter>
<iter>
<var name="${i}">26</var>
<kw name="Get Text" library="SeleniumLibrary">
<var>${LayoutmarketdisplayedText}</var>
<arg>${layoutmarketdisplayedlist}[${i}]</arg>
<doc>Returns the text value of the element identified by ``locator``.</doc>
<msg timestamp="20210719 10:23:29.842" level="INFO">${LayoutmarketdisplayedText} = United Kingdom</msg>
<status status="PASS" starttime="20210719 10:23:29.832" endtime="20210719 10:23:29.842"/>
</kw>
<kw name="Log To Console" library="BuiltIn">
<arg>${LayoutmarketdisplayedText}</arg>
<doc>Logs the given message to the console.</doc>
<status status="PASS" starttime="20210719 10:23:29.843" endtime="20210719 10:23:29.844"/>
</kw>
<kw name="Log" library="BuiltIn">
<arg>${LayoutmarketdisplayedText}</arg>
<doc>Logs the given message with the given level.</doc>
<msg timestamp="20210719 10:23:29.844" level="INFO">United Kingdom</msg>
<status status="PASS" starttime="20210719 10:23:29.844" endtime="20210719 10:23:29.844"/>
</kw>
<status status="PASS" starttime="20210719 10:23:29.832" endtime="20210719 10:23:29.845"/>
</iter>
<iter>
<var name="${i}">27</var>
<kw name="Get Text" library="SeleniumLibrary">
<var>${LayoutmarketdisplayedText}</var>
<arg>${layoutmarketdisplayedlist}[${i}]</arg>
<doc>Returns the text value of the element identified by ``locator``.</doc>
<msg timestamp="20210719 10:23:29.855" level="INFO">${LayoutmarketdisplayedText} = Japan</msg>
<status status="PASS" starttime="20210719 10:23:29.845" endtime="20210719 10:23:29.855"/>
</kw>
<kw name="Log To Console" library="BuiltIn">
<arg>${LayoutmarketdisplayedText}</arg>
<doc>Logs the given message to the console.</doc>
<status status="PASS" starttime="20210719 10:23:29.856" endtime="20210719 10:23:29.856"/>
</kw>
<kw name="Log" library="BuiltIn">
<arg>${LayoutmarketdisplayedText}</arg>
<doc>Logs the given message with the given level.</doc>
<msg timestamp="20210719 10:23:29.857" level="INFO">Japan</msg>
<status status="PASS" starttime="20210719 10:23:29.856" endtime="20210719 10:23:29.857"/>
</kw>
<status status="PASS" starttime="20210719 10:23:29.845" endtime="20210719 10:23:29.857"/>
</iter>
<iter>
<var name="${i}">28</var>
<kw name="Get Text" library="SeleniumLibrary">
<var>${LayoutmarketdisplayedText}</var>
<arg>${layoutmarketdisplayedlist}[${i}]</arg>
<doc>Returns the text value of the element identified by ``locator``.</doc>
<msg timestamp="20210719 10:23:29.868" level="INFO">${LayoutmarketdisplayedText} = Japan</msg>
<status status="PASS" starttime="20210719 10:23:29.858" endtime="20210719 10:23:29.868"/>
</kw>
<kw name="Log To Console" library="BuiltIn">
<arg>${LayoutmarketdisplayedText}</arg>
<doc>Logs the given message to the console.</doc>
<status status="PASS" starttime="20210719 10:23:29.868" endtime="20210719 10:23:29.869"/>
</kw>
<kw name="Log" library="BuiltIn">
<arg>${LayoutmarketdisplayedText}</arg>
<doc>Logs the given message with the given level.</doc>
<msg timestamp="20210719 10:23:29.870" level="INFO">Japan</msg>
<status status="PASS" starttime="20210719 10:23:29.870" endtime="20210719 10:23:29.870"/>
</kw>
<status status="PASS" starttime="20210719 10:23:29.858" endtime="20210719 10:23:29.871"/>
</iter>
<iter>
<var name="${i}">29</var>
<kw name="Get Text" library="SeleniumLibrary">
<var>${LayoutmarketdisplayedText}</var>
<arg>${layoutmarketdisplayedlist}[${i}]</arg>
<doc>Returns the text value of the element identified by ``locator``.</doc>
<msg timestamp="20210719 10:23:29.882" level="INFO">${LayoutmarketdisplayedText} = Spain</msg>
<status status="PASS" starttime="20210719 10:23:29.872" endtime="20210719 10:23:29.882"/>
</kw>
<kw name="Log To Console" library="BuiltIn">
<arg>${LayoutmarketdisplayedText}</arg>
<doc>Logs the given message to the console.</doc>
<status status="PASS" starttime="20210719 10:23:29.883" endtime="20210719 10:23:29.883"/>
</kw>
<kw name="Log" library="BuiltIn">
<arg>${LayoutmarketdisplayedText}</arg>
<doc>Logs the given message with the given level.</doc>
<msg timestamp="20210719 10:23:29.884" level="INFO">Spain</msg>
<status status="PASS" starttime="20210719 10:23:29.883" endtime="20210719 10:23:29.884"/>
</kw>
<status status="PASS" starttime="20210719 10:23:29.871" endtime="20210719 10:23:29.884"/>
</iter>
<iter>
<var name="${i}">30</var>
<kw name="Get Text" library="SeleniumLibrary">
<var>${LayoutmarketdisplayedText}</var>
<arg>${layoutmarketdisplayedlist}[${i}]</arg>
<doc>Returns the text value of the element identified by ``locator``.</doc>
<msg timestamp="20210719 10:23:29.895" level="INFO">${LayoutmarketdisplayedText} = Spain</msg>
<status status="PASS" starttime="20210719 10:23:29.885" endtime="20210719 10:23:29.895"/>
</kw>
<kw name="Log To Console" library="BuiltIn">
<arg>${LayoutmarketdisplayedText}</arg>
<doc>Logs the given message to the console.</doc>
<status status="PASS" starttime="20210719 10:23:29.895" endtime="20210719 10:23:29.896"/>
</kw>
<kw name="Log" library="BuiltIn">
<arg>${LayoutmarketdisplayedText}</arg>
<doc>Logs the given message with the given level.</doc>
<msg timestamp="20210719 10:23:29.896" level="INFO">Spain</msg>
<status status="PASS" starttime="20210719 10:23:29.896" endtime="20210719 10:23:29.896"/>
</kw>
<status status="PASS" starttime="20210719 10:23:29.884" endtime="20210719 10:23:29.897"/>
</iter>
<iter>
<var name="${i}">31</var>
<kw name="Get Text" library="SeleniumLibrary">
<var>${LayoutmarketdisplayedText}</var>
<arg>${layoutmarketdisplayedlist}[${i}]</arg>
<doc>Returns the text value of the element identified by ``locator``.</doc>
<msg timestamp="20210719 10:23:29.907" level="INFO">${LayoutmarketdisplayedText} = Taiwan</msg>
<status status="PASS" starttime="20210719 10:23:29.897" endtime="20210719 10:23:29.907"/>
</kw>
<kw name="Log To Console" library="BuiltIn">
<arg>${LayoutmarketdisplayedText}</arg>
<doc>Logs the given message to the console.</doc>
<status status="PASS" starttime="20210719 10:23:29.908" endtime="20210719 10:23:29.908"/>
</kw>
<kw name="Log" library="BuiltIn">
<arg>${LayoutmarketdisplayedText}</arg>
<doc>Logs the given message with the given level.</doc>
<msg timestamp="20210719 10:23:29.909" level="INFO">Taiwan</msg>
<status status="PASS" starttime="20210719 10:23:29.909" endtime="20210719 10:23:29.909"/>
</kw>
<status status="PASS" starttime="20210719 10:23:29.897" endtime="20210719 10:23:29.910"/>
</iter>
<iter>
<var name="${i}">32</var>
<kw name="Get Text" library="SeleniumLibrary">
<var>${LayoutmarketdisplayedText}</var>
<arg>${layoutmarketdisplayedlist}[${i}]</arg>
<doc>Returns the text value of the element identified by ``locator``.</doc>
<msg timestamp="20210719 10:23:29.920" level="INFO">${LayoutmarketdisplayedText} = Taiwan</msg>
<status status="PASS" starttime="20210719 10:23:29.910" endtime="20210719 10:23:29.920"/>
</kw>
<kw name="Log To Console" library="BuiltIn">
<arg>${LayoutmarketdisplayedText}</arg>
<doc>Logs the given message to the console.</doc>
<status status="PASS" starttime="20210719 10:23:29.921" endtime="20210719 10:23:29.921"/>
</kw>
<kw name="Log" library="BuiltIn">
<arg>${LayoutmarketdisplayedText}</arg>
<doc>Logs the given message with the given level.</doc>
<msg timestamp="20210719 10:23:29.922" level="INFO">Taiwan</msg>
<status status="PASS" starttime="20210719 10:23:29.922" endtime="20210719 10:23:29.922"/>
</kw>
<status status="PASS" starttime="20210719 10:23:29.910" endtime="20210719 10:23:29.922"/>
</iter>
<iter>
<var name="${i}">33</var>
<kw name="Get Text" library="SeleniumLibrary">
<var>${LayoutmarketdisplayedText}</var>
<arg>${layoutmarketdisplayedlist}[${i}]</arg>
<doc>Returns the text value of the element identified by ``locator``.</doc>
<msg timestamp="20210719 10:23:29.933" level="INFO">${LayoutmarketdisplayedText} = Taiwan</msg>
<status status="PASS" starttime="20210719 10:23:29.923" endtime="20210719 10:23:29.933"/>
</kw>
<kw name="Log To Console" library="BuiltIn">
<arg>${LayoutmarketdisplayedText}</arg>
<doc>Logs the given message to the console.</doc>
<status status="PASS" starttime="20210719 10:23:29.934" endtime="20210719 10:23:29.934"/>
</kw>
<kw name="Log" library="BuiltIn">
<arg>${LayoutmarketdisplayedText}</arg>
<doc>Logs the given message with the given level.</doc>
<msg timestamp="20210719 10:23:29.935" level="INFO">Taiwan</msg>
<status status="PASS" starttime="20210719 10:23:29.935" endtime="20210719 10:23:29.935"/>
</kw>
<status status="PASS" starttime="20210719 10:23:29.923" endtime="20210719 10:23:29.935"/>
</iter>
<iter>
<var name="${i}">34</var>
<kw name="Get Text" library="SeleniumLibrary">
<var>${LayoutmarketdisplayedText}</var>
<arg>${layoutmarketdisplayedlist}[${i}]</arg>
<doc>Returns the text value of the element identified by ``locator``.</doc>
<msg timestamp="20210719 10:23:29.946" level="INFO">${LayoutmarketdisplayedText} = United Kingdom</msg>
<status status="PASS" starttime="20210719 10:23:29.936" endtime="20210719 10:23:29.946"/>
</kw>
<kw name="Log To Console" library="BuiltIn">
<arg>${LayoutmarketdisplayedText}</arg>
<doc>Logs the given message to the console.</doc>
<status status="PASS" starttime="20210719 10:23:29.947" endtime="20210719 10:23:29.947"/>
</kw>
<kw name="Log" library="BuiltIn">
<arg>${LayoutmarketdisplayedText}</arg>
<doc>Logs the given message with the given level.</doc>
<msg timestamp="20210719 10:23:29.948" level="INFO">United Kingdom</msg>
<status status="PASS" starttime="20210719 10:23:29.948" endtime="20210719 10:23:29.948"/>
</kw>
<status status="PASS" starttime="20210719 10:23:29.936" endtime="20210719 10:23:29.949"/>
</iter>
<iter>
<var name="${i}">35</var>
<kw name="Get Text" library="SeleniumLibrary">
<var>${LayoutmarketdisplayedText}</var>
<arg>${layoutmarketdisplayedlist}[${i}]</arg>
<doc>Returns the text value of the element identified by ``locator``.</doc>
<msg timestamp="20210719 10:23:29.959" level="INFO">${LayoutmarketdisplayedText} = United Kingdom</msg>
<status status="PASS" starttime="20210719 10:23:29.949" endtime="20210719 10:23:29.960"/>
</kw>
<kw name="Log To Console" library="BuiltIn">
<arg>${LayoutmarketdisplayedText}</arg>
<doc>Logs the given message to the console.</doc>
<status status="PASS" starttime="20210719 10:23:29.960" endtime="20210719 10:23:29.961"/>
</kw>
<kw name="Log" library="BuiltIn">
<arg>${LayoutmarketdisplayedText}</arg>
<doc>Logs the given message with the given level.</doc>
<msg timestamp="20210719 10:23:29.961" level="INFO">United Kingdom</msg>
<status status="PASS" starttime="20210719 10:23:29.961" endtime="20210719 10:23:29.962"/>
</kw>
<status status="PASS" starttime="20210719 10:23:29.949" endtime="20210719 10:23:29.962"/>
</iter>
<iter>
<var name="${i}">36</var>
<kw name="Get Text" library="SeleniumLibrary">
<var>${LayoutmarketdisplayedText}</var>
<arg>${layoutmarketdisplayedlist}[${i}]</arg>
<doc>Returns the text value of the element identified by ``locator``.</doc>
<msg timestamp="20210719 10:23:29.973" level="INFO">${LayoutmarketdisplayedText} = Italy</msg>
<status status="PASS" starttime="20210719 10:23:29.963" endtime="20210719 10:23:29.973"/>
</kw>
<kw name="Log To Console" library="BuiltIn">
<arg>${LayoutmarketdisplayedText}</arg>
<doc>Logs the given message to the console.</doc>
<status status="PASS" starttime="20210719 10:23:29.974" endtime="20210719 10:23:29.974"/>
</kw>
<kw name="Log" library="BuiltIn">
<arg>${LayoutmarketdisplayedText}</arg>
<doc>Logs the given message with the given level.</doc>
<msg timestamp="20210719 10:23:29.975" level="INFO">Italy</msg>
<status status="PASS" starttime="20210719 10:23:29.974" endtime="20210719 10:23:29.975"/>
</kw>
<status status="PASS" starttime="20210719 10:23:29.963" endtime="20210719 10:23:29.975"/>
</iter>
<iter>
<var name="${i}">37</var>
<kw name="Get Text" library="SeleniumLibrary">
<var>${LayoutmarketdisplayedText}</var>
<arg>${layoutmarketdisplayedlist}[${i}]</arg>
<doc>Returns the text value of the element identified by ``locator``.</doc>
<msg timestamp="20210719 10:23:29.990" level="INFO">${LayoutmarketdisplayedText} = Japan</msg>
<status status="PASS" starttime="20210719 10:23:29.976" endtime="20210719 10:23:29.990"/>
</kw>
<kw name="Log To Console" library="BuiltIn">
<arg>${LayoutmarketdisplayedText}</arg>
<doc>Logs the given message to the console.</doc>
<status status="PASS" starttime="20210719 10:23:29.991" endtime="20210719 10:23:29.992"/>
</kw>
<kw name="Log" library="BuiltIn">
<arg>${LayoutmarketdisplayedText}</arg>
<doc>Logs the given message with the given level.</doc>
<msg timestamp="20210719 10:23:29.993" level="INFO">Japan</msg>
<status status="PASS" starttime="20210719 10:23:29.993" endtime="20210719 10:23:29.993"/>
</kw>
<status status="PASS" starttime="20210719 10:23:29.976" endtime="20210719 10:23:29.994"/>
</iter>
<iter>
<var name="${i}">38</var>
<kw name="Get Text" library="SeleniumLibrary">
<var>${LayoutmarketdisplayedText}</var>
<arg>${layoutmarketdisplayedlist}[${i}]</arg>
<doc>Returns the text value of the element identified by ``locator``.</doc>
<msg timestamp="20210719 10:23:30.005" level="INFO">${LayoutmarketdisplayedText} = Japan</msg>
<status status="PASS" starttime="20210719 10:23:29.995" endtime="20210719 10:23:30.005"/>
</kw>
<kw name="Log To Console" library="BuiltIn">
<arg>${LayoutmarketdisplayedText}</arg>
<doc>Logs the given message to the console.</doc>
<status status="PASS" starttime="20210719 10:23:30.006" endtime="20210719 10:23:30.007"/>
</kw>
<kw name="Log" library="BuiltIn">
<arg>${LayoutmarketdisplayedText}</arg>
<doc>Logs the given message with the given level.</doc>
<msg timestamp="20210719 10:23:30.007" level="INFO">Japan</msg>
<status status="PASS" starttime="20210719 10:23:30.007" endtime="20210719 10:23:30.007"/>
</kw>
<status status="PASS" starttime="20210719 10:23:29.995" endtime="20210719 10:23:30.008"/>
</iter>
<iter>
<var name="${i}">39</var>
<kw name="Get Text" library="SeleniumLibrary">
<var>${LayoutmarketdisplayedText}</var>
<arg>${layoutmarketdisplayedlist}[${i}]</arg>
<doc>Returns the text value of the element identified by ``locator``.</doc>
<msg timestamp="20210719 10:23:30.019" level="INFO">${LayoutmarketdisplayedText} = Spain</msg>
<status status="PASS" starttime="20210719 10:23:30.008" endtime="20210719 10:23:30.019"/>
</kw>
<kw name="Log To Console" library="BuiltIn">
<arg>${LayoutmarketdisplayedText}</arg>
<doc>Logs the given message to the console.</doc>
<status status="PASS" starttime="20210719 10:23:30.020" endtime="20210719 10:23:30.021"/>
</kw>
<kw name="Log" library="BuiltIn">
<arg>${LayoutmarketdisplayedText}</arg>
<doc>Logs the given message with the given level.</doc>
<msg timestamp="20210719 10:23:30.021" level="INFO">Spain</msg>
<status status="PASS" starttime="20210719 10:23:30.021" endtime="20210719 10:23:30.021"/>
</kw>
<status status="PASS" starttime="20210719 10:23:30.008" endtime="20210719 10:23:30.022"/>
</iter>
<iter>
<var name="${i}">40</var>
<kw name="Get Text" library="SeleniumLibrary">
<var>${LayoutmarketdisplayedText}</var>
<arg>${layoutmarketdisplayedlist}[${i}]</arg>
<doc>Returns the text value of the element identified by ``locator``.</doc>
<msg timestamp="20210719 10:23:30.034" level="INFO">${LayoutmarketdisplayedText} = Spain</msg>
<status status="PASS" starttime="20210719 10:23:30.022" endtime="20210719 10:23:30.034"/>
</kw>
<kw name="Log To Console" library="BuiltIn">
<arg>${LayoutmarketdisplayedText}</arg>
<doc>Logs the given message to the console.</doc>
<status status="PASS" starttime="20210719 10:23:30.034" endtime="20210719 10:23:30.035"/>
</kw>
<kw name="Log" library="BuiltIn">
<arg>${LayoutmarketdisplayedText}</arg>
<doc>Logs the given message with the given level.</doc>
<msg timestamp="20210719 10:23:30.036" level="INFO">Spain</msg>
<status status="PASS" starttime="20210719 10:23:30.036" endtime="20210719 10:23:30.036"/>
</kw>
<status status="PASS" starttime="20210719 10:23:30.022" endtime="20210719 10:23:30.037"/>
</iter>
<iter>
<var name="${i}">41</var>
<kw name="Get Text" library="SeleniumLibrary">
<var>${LayoutmarketdisplayedText}</var>
<arg>${layoutmarketdisplayedlist}[${i}]</arg>
<doc>Returns the text value of the element identified by ``locator``.</doc>
<msg timestamp="20210719 10:23:30.050" level="INFO">${LayoutmarketdisplayedText} = Taiwan</msg>
<status status="PASS" starttime="20210719 10:23:30.038" endtime="20210719 10:23:30.050"/>
</kw>
<kw name="Log To Console" library="BuiltIn">
<arg>${LayoutmarketdisplayedText}</arg>
<doc>Logs the given message to the console.</doc>
<status status="PASS" starttime="20210719 10:23:30.051" endtime="20210719 10:23:30.052"/>
</kw>
<kw name="Log" library="BuiltIn">
<arg>${LayoutmarketdisplayedText}</arg>
<doc>Logs the given message with the given level.</doc>
<msg timestamp="20210719 10:23:30.052" level="INFO">Taiwan</msg>
<status status="PASS" starttime="20210719 10:23:30.052" endtime="20210719 10:23:30.052"/>
</kw>
<status status="PASS" starttime="20210719 10:23:30.038" endtime="20210719 10:23:30.053"/>
</iter>
<iter>
<var name="${i}">42</var>
<kw name="Get Text" library="SeleniumLibrary">
<var>${LayoutmarketdisplayedText}</var>
<arg>${layoutmarketdisplayedlist}[${i}]</arg>
<doc>Returns the text value of the element identified by ``locator``.</doc>
<msg timestamp="20210719 10:23:30.064" level="INFO">${LayoutmarketdisplayedText} = Taiwan</msg>
<status status="PASS" starttime="20210719 10:23:30.054" endtime="20210719 10:23:30.064"/>
</kw>
<kw name="Log To Console" library="BuiltIn">
<arg>${LayoutmarketdisplayedText}</arg>
<doc>Logs the given message to the console.</doc>
<status status="PASS" starttime="20210719 10:23:30.065" endtime="20210719 10:23:30.066"/>
</kw>
<kw name="Log" library="BuiltIn">
<arg>${LayoutmarketdisplayedText}</arg>
<doc>Logs the given message with the given level.</doc>
<msg timestamp="20210719 10:23:30.066" level="INFO">Taiwan</msg>
<status status="PASS" starttime="20210719 10:23:30.066" endtime="20210719 10:23:30.066"/>
</kw>
<status status="PASS" starttime="20210719 10:23:30.053" endtime="20210719 10:23:30.067"/>
</iter>
<iter>
<var name="${i}">43</var>
<kw name="Get Text" library="SeleniumLibrary">
<var>${LayoutmarketdisplayedText}</var>
<arg>${layoutmarketdisplayedlist}[${i}]</arg>
<doc>Returns the text value of the element identified by ``locator``.</doc>
<msg timestamp="20210719 10:23:30.079" level="INFO">${LayoutmarketdisplayedText} = United Kingdom</msg>
<status status="PASS" starttime="20210719 10:23:30.068" endtime="20210719 10:23:30.079"/>
</kw>
<kw name="Log To Console" library="BuiltIn">
<arg>${LayoutmarketdisplayedText}</arg>
<doc>Logs the given message to the console.</doc>
<status status="PASS" starttime="20210719 10:23:30.080" endtime="20210719 10:23:30.080"/>
</kw>
<kw name="Log" library="BuiltIn">
<arg>${LayoutmarketdisplayedText}</arg>
<doc>Logs the given message with the given level.</doc>
<msg timestamp="20210719 10:23:30.081" level="INFO">United Kingdom</msg>
<status status="PASS" starttime="20210719 10:23:30.081" endtime="20210719 10:23:30.081"/>
</kw>
<status status="PASS" starttime="20210719 10:23:30.067" endtime="20210719 10:23:30.082"/>
</iter>
<iter>
<var name="${i}">44</var>
<kw name="Get Text" library="SeleniumLibrary">
<var>${LayoutmarketdisplayedText}</var>
<arg>${layoutmarketdisplayedlist}[${i}]</arg>
<doc>Returns the text value of the element identified by ``locator``.</doc>
<msg timestamp="20210719 10:23:30.093" level="INFO">${LayoutmarketdisplayedText} = United Kingdom</msg>
<status status="PASS" starttime="20210719 10:23:30.082" endtime="20210719 10:23:30.093"/>
</kw>
<kw name="Log To Console" library="BuiltIn">
<arg>${LayoutmarketdisplayedText}</arg>
<doc>Logs the given message to the console.</doc>
<status status="PASS" starttime="20210719 10:23:30.094" endtime="20210719 10:23:30.094"/>
</kw>
<kw name="Log" library="BuiltIn">
<arg>${LayoutmarketdisplayedText}</arg>
<doc>Logs the given message with the given level.</doc>
<msg timestamp="20210719 10:23:30.095" level="INFO">United Kingdom</msg>
<status status="PASS" starttime="20210719 10:23:30.094" endtime="20210719 10:23:30.095"/>
</kw>
<status status="PASS" starttime="20210719 10:23:30.082" endtime="20210719 10:23:30.095"/>
</iter>
<status status="PASS" starttime="20210719 10:23:29.427" endtime="20210719 10:23:30.095"/>
</for>
<status status="PASS" starttime="20210719 10:23:26.163" endtime="20210719 10:23:30.096"/>
</kw>
<kw name="Get current Layout titles displayed in the page" library="SyndicationafterpublicationreqbymeKeywords">
<kw name="Sleep" library="BuiltIn">
<arg>3s</arg>
<doc>Pauses the test executed for the given time.</doc>
<msg timestamp="20210719 10:23:33.097" level="INFO">Slept 3 seconds</msg>
<status status="PASS" starttime="20210719 10:23:30.097" endtime="20210719 10:23:33.097"/>
</kw>
<kw name="Wait Until Element Is Enabled" library="SeleniumLibrary">
<arg>${currentlayouttitlesdisplayed_lctr}</arg>
<doc>Waits until the element ``locator`` is enabled.</doc>
<status status="PASS" starttime="20210719 10:23:33.098" endtime="20210719 10:23:33.115"/>
</kw>
<kw name="Get WebElements" library="SeleniumLibrary">
<var>@{layouttitledisplayedlist}</var>
<arg>${currentlayouttitlesdisplayed_lctr}</arg>
<doc>Returns a list of WebElement objects matching the ``locator``.</doc>
<msg timestamp="20210719 10:23:33.123" level="INFO">@{layouttitledisplayedlist} = [ &lt;selenium.webdriver.remote.webelement.WebElement (session="5f319d8f6141203e87a47ebf72af0ff9", element="f6ec671d-6fbf-4131-9e7f-0fbb93ae858b")&gt; | &lt;selenium.webdriver.remote.webelement.WebElement (ses...</msg>
<status status="PASS" starttime="20210719 10:23:33.115" endtime="20210719 10:23:33.123"/>
</kw>
<kw name="Get Element Count" library="SeleniumLibrary">
<var>${layouttitledisplayedcount}</var>
<arg>${currentlayouttitlesdisplayed_lctr}</arg>
<doc>Returns the number of elements matching ``locator``.</doc>
<msg timestamp="20210719 10:23:33.130" level="INFO">${layouttitledisplayedcount} = 45</msg>
<status status="PASS" starttime="20210719 10:23:33.123" endtime="20210719 10:23:33.130"/>
</kw>
<kw name="Log To Console" library="BuiltIn">
<arg>${layouttitledisplayedcount}</arg>
<doc>Logs the given message to the console.</doc>
<status status="PASS" starttime="20210719 10:23:33.131" endtime="20210719 10:23:33.131"/>
</kw>
<kw name="Log" library="BuiltIn">
<arg>${layouttitledisplayedcount}</arg>
<doc>Logs the given message with the given level.</doc>
<msg timestamp="20210719 10:23:33.132" level="INFO">45</msg>
<status status="PASS" starttime="20210719 10:23:33.132" endtime="20210719 10:23:33.132"/>
</kw>
<for flavor="IN RANGE">
<var>${i}</var>
<value>0</value>
<value>${${layouttitledisplayedcount}}</value>
<iter>
<var name="${i}">0</var>
<kw name="Get Text" library="SeleniumLibrary">
<var>${LayouttitledisplayedText}</var>
<arg>${layouttitledisplayedlist}[${i}]</arg>
<doc>Returns the text value of the element identified by ``locator``.</doc>
<msg timestamp="20210719 10:23:33.144" level="INFO">${LayouttitledisplayedText} = GQ</msg>
<status status="PASS" starttime="20210719 10:23:33.135" endtime="20210719 10:23:33.144"/>
</kw>
<kw name="Log To Console" library="BuiltIn">
<arg>${LayouttitledisplayedText}</arg>
<doc>Logs the given message to the console.</doc>
<status status="PASS" starttime="20210719 10:23:33.144" endtime="20210719 10:23:33.145"/>
</kw>
<kw name="Log" library="BuiltIn">
<arg>${LayouttitledisplayedText}</arg>
<doc>Logs the given message with the given level.</doc>
<msg timestamp="20210719 10:23:33.145" level="INFO">GQ</msg>
<status status="PASS" starttime="20210719 10:23:33.145" endtime="20210719 10:23:33.145"/>
</kw>
<status status="PASS" starttime="20210719 10:23:33.135" endtime="20210719 10:23:33.146"/>
</iter>
<iter>
<var name="${i}">1</var>
<kw name="Get Text" library="SeleniumLibrary">
<var>${LayouttitledisplayedText}</var>
<arg>${layouttitledisplayedlist}[${i}]</arg>
<doc>Returns the text value of the element identified by ``locator``.</doc>
<msg timestamp="20210719 10:23:33.154" level="INFO">${LayouttitledisplayedText} = GQ</msg>
<status status="PASS" starttime="20210719 10:23:33.146" endtime="20210719 10:23:33.154"/>
</kw>
<kw name="Log To Console" library="BuiltIn">
<arg>${LayouttitledisplayedText}</arg>
<doc>Logs the given message to the console.</doc>
<status status="PASS" starttime="20210719 10:23:33.155" endtime="20210719 10:23:33.155"/>
</kw>
<kw name="Log" library="BuiltIn">
<arg>${LayouttitledisplayedText}</arg>
<doc>Logs the given message with the given level.</doc>
<msg timestamp="20210719 10:23:33.156" level="INFO">GQ</msg>
<status status="PASS" starttime="20210719 10:23:33.156" endtime="20210719 10:23:33.156"/>
</kw>
<status status="PASS" starttime="20210719 10:23:33.146" endtime="20210719 10:23:33.157"/>
</iter>
<iter>
<var name="${i}">2</var>
<kw name="Get Text" library="SeleniumLibrary">
<var>${LayouttitledisplayedText}</var>
<arg>${layouttitledisplayedlist}[${i}]</arg>
<doc>Returns the text value of the element identified by ``locator``.</doc>
<msg timestamp="20210719 10:23:33.165" level="INFO">${LayouttitledisplayedText} = GQ</msg>
<status status="PASS" starttime="20210719 10:23:33.157" endtime="20210719 10:23:33.165"/>
</kw>
<kw name="Log To Console" library="BuiltIn">
<arg>${LayouttitledisplayedText}</arg>
<doc>Logs the given message to the console.</doc>
<status status="PASS" starttime="20210719 10:23:33.166" endtime="20210719 10:23:33.166"/>
</kw>
<kw name="Log" library="BuiltIn">
<arg>${LayouttitledisplayedText}</arg>
<doc>Logs the given message with the given level.</doc>
<msg timestamp="20210719 10:23:33.167" level="INFO">GQ</msg>
<status status="PASS" starttime="20210719 10:23:33.166" endtime="20210719 10:23:33.167"/>
</kw>
<status status="PASS" starttime="20210719 10:23:33.157" endtime="20210719 10:23:33.167"/>
</iter>
<iter>
<var name="${i}">3</var>
<kw name="Get Text" library="SeleniumLibrary">
<var>${LayouttitledisplayedText}</var>
<arg>${layouttitledisplayedlist}[${i}]</arg>
<doc>Returns the text value of the element identified by ``locator``.</doc>
<msg timestamp="20210719 10:23:33.176" level="INFO">${LayouttitledisplayedText} = GQ</msg>
<status status="PASS" starttime="20210719 10:23:33.167" endtime="20210719 10:23:33.177"/>
</kw>
<kw name="Log To Console" library="BuiltIn">
<arg>${LayouttitledisplayedText}</arg>
<doc>Logs the given message to the console.</doc>
<status status="PASS" starttime="20210719 10:23:33.177" endtime="20210719 10:23:33.178"/>
</kw>
<kw name="Log" library="BuiltIn">
<arg>${LayouttitledisplayedText}</arg>
<doc>Logs the given message with the given level.</doc>
<msg timestamp="20210719 10:23:33.178" level="INFO">GQ</msg>
<status status="PASS" starttime="20210719 10:23:33.178" endtime="20210719 10:23:33.179"/>
</kw>
<status status="PASS" starttime="20210719 10:23:33.167" endtime="20210719 10:23:33.179"/>
</iter>
<iter>
<var name="${i}">4</var>
<kw name="Get Text" library="SeleniumLibrary">
<var>${LayouttitledisplayedText}</var>
<arg>${layouttitledisplayedlist}[${i}]</arg>
<doc>Returns the text value of the element identified by ``locator``.</doc>
<msg timestamp="20210719 10:23:33.189" level="INFO">${LayouttitledisplayedText} = GQ</msg>
<status status="PASS" starttime="20210719 10:23:33.180" endtime="20210719 10:23:33.189"/>
</kw>
<kw name="Log To Console" library="BuiltIn">
<arg>${LayouttitledisplayedText}</arg>
<doc>Logs the given message to the console.</doc>
<status status="PASS" starttime="20210719 10:23:33.190" endtime="20210719 10:23:33.190"/>
</kw>
<kw name="Log" library="BuiltIn">
<arg>${LayouttitledisplayedText}</arg>
<doc>Logs the given message with the given level.</doc>
<msg timestamp="20210719 10:23:33.191" level="INFO">GQ</msg>
<status status="PASS" starttime="20210719 10:23:33.190" endtime="20210719 10:23:33.191"/>
</kw>
<status status="PASS" starttime="20210719 10:23:33.179" endtime="20210719 10:23:33.191"/>
</iter>
<iter>
<var name="${i}">5</var>
<kw name="Get Text" library="SeleniumLibrary">
<var>${LayouttitledisplayedText}</var>
<arg>${layouttitledisplayedlist}[${i}]</arg>
<doc>Returns the text value of the element identified by ``locator``.</doc>
<msg timestamp="20210719 10:23:33.201" level="INFO">${LayouttitledisplayedText} = Glamour</msg>
<status status="PASS" starttime="20210719 10:23:33.192" endtime="20210719 10:23:33.201"/>
</kw>
<kw name="Log To Console" library="BuiltIn">
<arg>${LayouttitledisplayedText}</arg>
<doc>Logs the given message to the console.</doc>
<status status="PASS" starttime="20210719 10:23:33.202" endtime="20210719 10:23:33.202"/>
</kw>
<kw name="Log" library="BuiltIn">
<arg>${LayouttitledisplayedText}</arg>
<doc>Logs the given message with the given level.</doc>
<msg timestamp="20210719 10:23:33.203" level="INFO">Glamour</msg>
<status status="PASS" starttime="20210719 10:23:33.202" endtime="20210719 10:23:33.203"/>
</kw>
<status status="PASS" starttime="20210719 10:23:33.192" endtime="20210719 10:23:33.203"/>
</iter>
<iter>
<var name="${i}">6</var>
<kw name="Get Text" library="SeleniumLibrary">
<var>${LayouttitledisplayedText}</var>
<arg>${layouttitledisplayedlist}[${i}]</arg>
<doc>Returns the text value of the element identified by ``locator``.</doc>
<msg timestamp="20210719 10:23:33.212" level="INFO">${LayouttitledisplayedText} = Glamour</msg>
<status status="PASS" starttime="20210719 10:23:33.204" endtime="20210719 10:23:33.212"/>
</kw>
<kw name="Log To Console" library="BuiltIn">
<arg>${LayouttitledisplayedText}</arg>
<doc>Logs the given message to the console.</doc>
<status status="PASS" starttime="20210719 10:23:33.213" endtime="20210719 10:23:33.213"/>
</kw>
<kw name="Log" library="BuiltIn">
<arg>${LayouttitledisplayedText}</arg>
<doc>Logs the given message with the given level.</doc>
<msg timestamp="20210719 10:23:33.214" level="INFO">Glamour</msg>
<status status="PASS" starttime="20210719 10:23:33.214" endtime="20210719 10:23:33.214"/>
</kw>
<status status="PASS" starttime="20210719 10:23:33.203" endtime="20210719 10:23:33.214"/>
</iter>
<iter>
<var name="${i}">7</var>
<kw name="Get Text" library="SeleniumLibrary">
<var>${LayouttitledisplayedText}</var>
<arg>${layouttitledisplayedlist}[${i}]</arg>
<doc>Returns the text value of the element identified by ``locator``.</doc>
<msg timestamp="20210719 10:23:33.224" level="INFO">${LayouttitledisplayedText} = Glamour</msg>
<status status="PASS" starttime="20210719 10:23:33.215" endtime="20210719 10:23:33.224"/>
</kw>
<kw name="Log To Console" library="BuiltIn">
<arg>${LayouttitledisplayedText}</arg>
<doc>Logs the given message to the console.</doc>
<status status="PASS" starttime="20210719 10:23:33.225" endtime="20210719 10:23:33.225"/>
</kw>
<kw name="Log" library="BuiltIn">
<arg>${LayouttitledisplayedText}</arg>
<doc>Logs the given message with the given level.</doc>
<msg timestamp="20210719 10:23:33.226" level="INFO">Glamour</msg>
<status status="PASS" starttime="20210719 10:23:33.226" endtime="20210719 10:23:33.226"/>
</kw>
<status status="PASS" starttime="20210719 10:23:33.215" endtime="20210719 10:23:33.227"/>
</iter>
<iter>
<var name="${i}">8</var>
<kw name="Get Text" library="SeleniumLibrary">
<var>${LayouttitledisplayedText}</var>
<arg>${layouttitledisplayedlist}[${i}]</arg>
<doc>Returns the text value of the element identified by ``locator``.</doc>
<msg timestamp="20210719 10:23:33.237" level="INFO">${LayouttitledisplayedText} = Glamour</msg>
<status status="PASS" starttime="20210719 10:23:33.227" endtime="20210719 10:23:33.237"/>
</kw>
<kw name="Log To Console" library="BuiltIn">
<arg>${LayouttitledisplayedText}</arg>
<doc>Logs the given message to the console.</doc>
<status status="PASS" starttime="20210719 10:23:33.237" endtime="20210719 10:23:33.238"/>
</kw>
<kw name="Log" library="BuiltIn">
<arg>${LayouttitledisplayedText}</arg>
<doc>Logs the given message with the given level.</doc>
<msg timestamp="20210719 10:23:33.239" level="INFO">Glamour</msg>
<status status="PASS" starttime="20210719 10:23:33.238" endtime="20210719 10:23:33.239"/>
</kw>
<status status="PASS" starttime="20210719 10:23:33.227" endtime="20210719 10:23:33.239"/>
</iter>
<iter>
<var name="${i}">9</var>
<kw name="Get Text" library="SeleniumLibrary">
<var>${LayouttitledisplayedText}</var>
<arg>${layouttitledisplayedlist}[${i}]</arg>
<doc>Returns the text value of the element identified by ``locator``.</doc>
<msg timestamp="20210719 10:23:33.249" level="INFO">${LayouttitledisplayedText} = Glamour</msg>
<status status="PASS" starttime="20210719 10:23:33.240" endtime="20210719 10:23:33.249"/>
</kw>
<kw name="Log To Console" library="BuiltIn">
<arg>${LayouttitledisplayedText}</arg>
<doc>Logs the given message to the console.</doc>
<status status="PASS" starttime="20210719 10:23:33.250" endtime="20210719 10:23:33.250"/>
</kw>
<kw name="Log" library="BuiltIn">
<arg>${LayouttitledisplayedText}</arg>
<doc>Logs the given message with the given level.</doc>
<msg timestamp="20210719 10:23:33.251" level="INFO">Glamour</msg>
<status status="PASS" starttime="20210719 10:23:33.251" endtime="20210719 10:23:33.251"/>
</kw>
<status status="PASS" starttime="20210719 10:23:33.240" endtime="20210719 10:23:33.251"/>
</iter>
<iter>
<var name="${i}">10</var>
<kw name="Get Text" library="SeleniumLibrary">
<var>${LayouttitledisplayedText}</var>
<arg>${layouttitledisplayedlist}[${i}]</arg>
<doc>Returns the text value of the element identified by ``locator``.</doc>
<msg timestamp="20210719 10:23:33.261" level="INFO">${LayouttitledisplayedText} = Glamour</msg>
<status status="PASS" starttime="20210719 10:23:33.252" endtime="20210719 10:23:33.261"/>
</kw>
<kw name="Log To Console" library="BuiltIn">
<arg>${LayouttitledisplayedText}</arg>
<doc>Logs the given message to the console.</doc>
<status status="PASS" starttime="20210719 10:23:33.262" endtime="20210719 10:23:33.262"/>
</kw>
<kw name="Log" library="BuiltIn">
<arg>${LayouttitledisplayedText}</arg>
<doc>Logs the given message with the given level.</doc>
<msg timestamp="20210719 10:23:33.263" level="INFO">Glamour</msg>
<status status="PASS" starttime="20210719 10:23:33.262" endtime="20210719 10:23:33.263"/>
</kw>
<status status="PASS" starttime="20210719 10:23:33.252" endtime="20210719 10:23:33.263"/>
</iter>
<iter>
<var name="${i}">11</var>
<kw name="Get Text" library="SeleniumLibrary">
<var>${LayouttitledisplayedText}</var>
<arg>${layouttitledisplayedlist}[${i}]</arg>
<doc>Returns the text value of the element identified by ``locator``.</doc>
<msg timestamp="20210719 10:23:33.274" level="INFO">${LayouttitledisplayedText} = Vogue</msg>
<status status="PASS" starttime="20210719 10:23:33.264" endtime="20210719 10:23:33.274"/>
</kw>
<kw name="Log To Console" library="BuiltIn">
<arg>${LayouttitledisplayedText}</arg>
<doc>Logs the given message to the console.</doc>
<status status="PASS" starttime="20210719 10:23:33.275" endtime="20210719 10:23:33.275"/>
</kw>
<kw name="Log" library="BuiltIn">
<arg>${LayouttitledisplayedText}</arg>
<doc>Logs the given message with the given level.</doc>
<msg timestamp="20210719 10:23:33.276" level="INFO">Vogue</msg>
<status status="PASS" starttime="20210719 10:23:33.276" endtime="20210719 10:23:33.276"/>
</kw>
<status status="PASS" starttime="20210719 10:23:33.264" endtime="20210719 10:23:33.277"/>
</iter>
<iter>
<var name="${i}">12</var>
<kw name="Get Text" library="SeleniumLibrary">
<var>${LayouttitledisplayedText}</var>
<arg>${layouttitledisplayedlist}[${i}]</arg>
<doc>Returns the text value of the element identified by ``locator``.</doc>
<msg timestamp="20210719 10:23:33.287" level="INFO">${LayouttitledisplayedText} = Vogue</msg>
<status status="PASS" starttime="20210719 10:23:33.277" endtime="20210719 10:23:33.287"/>
</kw>
<kw name="Log To Console" library="BuiltIn">
<arg>${LayouttitledisplayedText}</arg>
<doc>Logs the given message to the console.</doc>
<status status="PASS" starttime="20210719 10:23:33.287" endtime="20210719 10:23:33.288"/>
</kw>
<kw name="Log" library="BuiltIn">
<arg>${LayouttitledisplayedText}</arg>
<doc>Logs the given message with the given level.</doc>
<msg timestamp="20210719 10:23:33.288" level="INFO">Vogue</msg>
<status status="PASS" starttime="20210719 10:23:33.288" endtime="20210719 10:23:33.289"/>
</kw>
<status status="PASS" starttime="20210719 10:23:33.277" endtime="20210719 10:23:33.289"/>
</iter>
<iter>
<var name="${i}">13</var>
<kw name="Get Text" library="SeleniumLibrary">
<var>${LayouttitledisplayedText}</var>
<arg>${layouttitledisplayedlist}[${i}]</arg>
<doc>Returns the text value of the element identified by ``locator``.</doc>
<msg timestamp="20210719 10:23:33.299" level="INFO">${LayouttitledisplayedText} = Vogue</msg>
<status status="PASS" starttime="20210719 10:23:33.289" endtime="20210719 10:23:33.299"/>
</kw>
<kw name="Log To Console" library="BuiltIn">
<arg>${LayouttitledisplayedText}</arg>
<doc>Logs the given message to the console.</doc>
<status status="PASS" starttime="20210719 10:23:33.300" endtime="20210719 10:23:33.300"/>
</kw>
<kw name="Log" library="BuiltIn">
<arg>${LayouttitledisplayedText}</arg>
<doc>Logs the given message with the given level.</doc>
<msg timestamp="20210719 10:23:33.301" level="INFO">Vogue</msg>
<status status="PASS" starttime="20210719 10:23:33.301" endtime="20210719 10:23:33.301"/>
</kw>
<status status="PASS" starttime="20210719 10:23:33.289" endtime="20210719 10:23:33.302"/>
</iter>
<iter>
<var name="${i}">14</var>
<kw name="Get Text" library="SeleniumLibrary">
<var>${LayouttitledisplayedText}</var>
<arg>${layouttitledisplayedlist}[${i}]</arg>
<doc>Returns the text value of the element identified by ``locator``.</doc>
<msg timestamp="20210719 10:23:33.311" level="INFO">${LayouttitledisplayedText} = Vogue</msg>
<status status="PASS" starttime="20210719 10:23:33.302" endtime="20210719 10:23:33.311"/>
</kw>
<kw name="Log To Console" library="BuiltIn">
<arg>${LayouttitledisplayedText}</arg>
<doc>Logs the given message to the console.</doc>
<status status="PASS" starttime="20210719 10:23:33.312" endtime="20210719 10:23:33.313"/>
</kw>
<kw name="Log" library="BuiltIn">
<arg>${LayouttitledisplayedText}</arg>
<doc>Logs the given message with the given level.</doc>
<msg timestamp="20210719 10:23:33.313" level="INFO">Vogue</msg>
<status status="PASS" starttime="20210719 10:23:33.313" endtime="20210719 10:23:33.313"/>
</kw>
<status status="PASS" starttime="20210719 10:23:33.302" endtime="20210719 10:23:33.314"/>
</iter>
<iter>
<var name="${i}">15</var>
<kw name="Get Text" library="SeleniumLibrary">
<var>${LayouttitledisplayedText}</var>
<arg>${layouttitledisplayedlist}[${i}]</arg>
<doc>Returns the text value of the element identified by ``locator``.</doc>
<msg timestamp="20210719 10:23:33.324" level="INFO">${LayouttitledisplayedText} = GQ</msg>
<status status="PASS" starttime="20210719 10:23:33.314" endtime="20210719 10:23:33.324"/>
</kw>
<kw name="Log To Console" library="BuiltIn">
<arg>${LayouttitledisplayedText}</arg>
<doc>Logs the given message to the console.</doc>
<status status="PASS" starttime="20210719 10:23:33.324" endtime="20210719 10:23:33.325"/>
</kw>
<kw name="Log" library="BuiltIn">
<arg>${LayouttitledisplayedText}</arg>
<doc>Logs the given message with the given level.</doc>
<msg timestamp="20210719 10:23:33.325" level="INFO">GQ</msg>
<status status="PASS" starttime="20210719 10:23:33.325" endtime="20210719 10:23:33.325"/>
</kw>
<status status="PASS" starttime="20210719 10:23:33.314" endtime="20210719 10:23:33.326"/>
</iter>
<iter>
<var name="${i}">16</var>
<kw name="Get Text" library="SeleniumLibrary">
<var>${LayouttitledisplayedText}</var>
<arg>${layouttitledisplayedlist}[${i}]</arg>
<doc>Returns the text value of the element identified by ``locator``.</doc>
<msg timestamp="20210719 10:23:33.336" level="INFO">${LayouttitledisplayedText} = GQ</msg>
<status status="PASS" starttime="20210719 10:23:33.326" endtime="20210719 10:23:33.336"/>
</kw>
<kw name="Log To Console" library="BuiltIn">
<arg>${LayouttitledisplayedText}</arg>
<doc>Logs the given message to the console.</doc>
<status status="PASS" starttime="20210719 10:23:33.336" endtime="20210719 10:23:33.337"/>
</kw>
<kw name="Log" library="BuiltIn">
<arg>${LayouttitledisplayedText}</arg>
<doc>Logs the given message with the given level.</doc>
<msg timestamp="20210719 10:23:33.337" level="INFO">GQ</msg>
<status status="PASS" starttime="20210719 10:23:33.337" endtime="20210719 10:23:33.338"/>
</kw>
<status status="PASS" starttime="20210719 10:23:33.326" endtime="20210719 10:23:33.338"/>
</iter>
<iter>
<var name="${i}">17</var>
<kw name="Get Text" library="SeleniumLibrary">
<var>${LayouttitledisplayedText}</var>
<arg>${layouttitledisplayedlist}[${i}]</arg>
<doc>Returns the text value of the element identified by ``locator``.</doc>
<msg timestamp="20210719 10:23:33.347" level="INFO">${LayouttitledisplayedText} = Glamour</msg>
<status status="PASS" starttime="20210719 10:23:33.339" endtime="20210719 10:23:33.347"/>
</kw>
<kw name="Log To Console" library="BuiltIn">
<arg>${LayouttitledisplayedText}</arg>
<doc>Logs the given message to the console.</doc>
<status status="PASS" starttime="20210719 10:23:33.348" endtime="20210719 10:23:33.349"/>
</kw>
<kw name="Log" library="BuiltIn">
<arg>${LayouttitledisplayedText}</arg>
<doc>Logs the given message with the given level.</doc>
<msg timestamp="20210719 10:23:33.349" level="INFO">Glamour</msg>
<status status="PASS" starttime="20210719 10:23:33.349" endtime="20210719 10:23:33.349"/>
</kw>
<status status="PASS" starttime="20210719 10:23:33.338" endtime="20210719 10:23:33.350"/>
</iter>
<iter>
<var name="${i}">18</var>
<kw name="Get Text" library="SeleniumLibrary">
<var>${LayouttitledisplayedText}</var>
<arg>${layouttitledisplayedlist}[${i}]</arg>
<doc>Returns the text value of the element identified by ``locator``.</doc>
<msg timestamp="20210719 10:23:33.360" level="INFO">${LayouttitledisplayedText} = Glamour</msg>
<status status="PASS" starttime="20210719 10:23:33.350" endtime="20210719 10:23:33.360"/>
</kw>
<kw name="Log To Console" library="BuiltIn">
<arg>${LayouttitledisplayedText}</arg>
<doc>Logs the given message to the console.</doc>
<status status="PASS" starttime="20210719 10:23:33.360" endtime="20210719 10:23:33.361"/>
</kw>
<kw name="Log" library="BuiltIn">
<arg>${LayouttitledisplayedText}</arg>
<doc>Logs the given message with the given level.</doc>
<msg timestamp="20210719 10:23:33.361" level="INFO">Glamour</msg>
<status status="PASS" starttime="20210719 10:23:33.361" endtime="20210719 10:23:33.361"/>
</kw>
[...]
<doc>Returns the text value of the element identified by ``locator``.</doc>
<msg timestamp="20210719 10:23:41.053" level="INFO">${reqLayouttitledisplayedText} = Vogue</msg>
<status status="PASS" starttime="20210719 10:23:41.042" endtime="20210719 10:23:41.053"/>
</kw>
<kw name="Log To Console" library="BuiltIn">
<arg>${reqLayouttitledisplayedText}</arg>
<doc>Logs the given message to the console.</doc>
<status status="PASS" starttime="20210719 10:23:41.054" endtime="20210719 10:23:41.054"/>
</kw>
<kw name="Log" library="BuiltIn">
<arg>${reqLayouttitledisplayedText}</arg>
<doc>Logs the given message with the given level.</doc>
<msg timestamp="20210719 10:23:41.055" level="INFO">Vogue</msg>
<status status="PASS" starttime="20210719 10:23:41.055" endtime="20210719 10:23:41.055"/>
</kw>
<status status="PASS" starttime="20210719 10:23:41.041" endtime="20210719 10:23:41.056"/>
</iter>
<iter>
<var name="${i}">36</var>
<kw name="Get Text" library="SeleniumLibrary">
<var>${reqLayouttitledisplayedText}</var>
<arg>${reqtitledisplayedlist}[${i}]</arg>
<doc>Returns the text value of the element identified by ``locator``.</doc>
<msg timestamp="20210719 10:23:41.067" level="INFO">${reqLayouttitledisplayedText} = Vogue</msg>
<status status="PASS" starttime="20210719 10:23:41.057" endtime="20210719 10:23:41.067"/>
</kw>
<kw name="Log To Console" library="BuiltIn">
<arg>${reqLayouttitledisplayedText}</arg>
<doc>Logs the given message to the console.</doc>
<status status="PASS" starttime="20210719 10:23:41.068" endtime="20210719 10:23:41.069"/>
</kw>
<kw name="Log" library="BuiltIn">
<arg>${reqLayouttitledisplayedText}</arg>
<doc>Logs the given message with the given level.</doc>
<msg timestamp="20210719 10:23:41.069" level="INFO">Vogue</msg>
<status status="PASS" starttime="20210719 10:23:41.069" endtime="20210719 10:23:41.070"/>
</kw>
<status status="PASS" starttime="20210719 10:23:41.056" endtime="20210719 10:23:41.070"/>
</iter>
<iter>
<var name="${i}">37</var>
<kw name="Get Text" library="SeleniumLibrary">
<var>${reqLayouttitledisplayedText}</var>
<arg>${reqtitledisplayedlist}[${i}]</arg>
<doc>Returns the text value of the element identified by ``locator``.</doc>
<msg timestamp="20210719 10:23:41.085" level="INFO">${reqLayouttitledisplayedText} = Vogue</msg>
<status status="PASS" starttime="20210719 10:23:41.071" endtime="20210719 10:23:41.085"/>
</kw>
<kw name="Log To Console" library="BuiltIn">
<arg>${reqLayouttitledisplayedText}</arg>
<doc>Logs the given message to the console.</doc>
<status status="PASS" starttime="20210719 10:23:41.086" endtime="20210719 10:23:41.086"/>
</kw>
<kw name="Log" library="BuiltIn">
<arg>${reqLayouttitledisplayedText}</arg>
<doc>Logs the given message with the given level.</doc>
<msg timestamp="20210719 10:23:41.087" level="INFO">Vogue</msg>
<status status="PASS" starttime="20210719 10:23:41.087" endtime="20210719 10:23:41.087"/>
</kw>
<status status="PASS" starttime="20210719 10:23:41.071" endtime="20210719 10:23:41.088"/>
</iter>
<iter>
<var name="${i}">38</var>
<kw name="Get Text" library="SeleniumLibrary">
<var>${reqLayouttitledisplayedText}</var>
<arg>${reqtitledisplayedlist}[${i}]</arg>
<doc>Returns the text value of the element identified by ``locator``.</doc>
<msg timestamp="20210719 10:23:41.101" level="INFO">${reqLayouttitledisplayedText} = Vogue</msg>
<status status="PASS" starttime="20210719 10:23:41.088" endtime="20210719 10:23:41.101"/>
</kw>
<kw name="Log To Console" library="BuiltIn">
<arg>${reqLayouttitledisplayedText}</arg>
<doc>Logs the given message to the console.</doc>
<status status="PASS" starttime="20210719 10:23:41.102" endtime="20210719 10:23:41.102"/>
</kw>
<kw name="Log" library="BuiltIn">
<arg>${reqLayouttitledisplayedText}</arg>
<doc>Logs the given message with the given level.</doc>
<msg timestamp="20210719 10:23:41.103" level="INFO">Vogue</msg>
<status status="PASS" starttime="20210719 10:23:41.102" endtime="20210719 10:23:41.103"/>
</kw>
<status status="PASS" starttime="20210719 10:23:41.088" endtime="20210719 10:23:41.104"/>
</iter>
<iter>
<var name="${i}">39</var>
<kw name="Get Text" library="SeleniumLibrary">
<var>${reqLayouttitledisplayedText}</var>
<arg>${reqtitledisplayedlist}[${i}]</arg>
<doc>Returns the text value of the element identified by ``locator``.</doc>
<msg timestamp="20210719 10:23:41.116" level="INFO">${reqLayouttitledisplayedText} = Vogue</msg>
<status status="PASS" starttime="20210719 10:23:41.104" endtime="20210719 10:23:41.116"/>
</kw>
<kw name="Log To Console" library="BuiltIn">
<arg>${reqLayouttitledisplayedText}</arg>
<doc>Logs the given message to the console.</doc>
<status status="PASS" starttime="20210719 10:23:41.117" endtime="20210719 10:23:41.118"/>
</kw>
<kw name="Log" library="BuiltIn">
<arg>${reqLayouttitledisplayedText}</arg>
<doc>Logs the given message with the given level.</doc>
<msg timestamp="20210719 10:23:41.118" level="INFO">Vogue</msg>
<status status="PASS" starttime="20210719 10:23:41.118" endtime="20210719 10:23:41.118"/>
</kw>
<status status="PASS" starttime="20210719 10:23:41.104" endtime="20210719 10:23:41.119"/>
</iter>
<iter>
<var name="${i}">40</var>
<kw name="Get Text" library="SeleniumLibrary">
<var>${reqLayouttitledisplayedText}</var>
<arg>${reqtitledisplayedlist}[${i}]</arg>
<doc>Returns the text value of the element identified by ``locator``.</doc>
<msg timestamp="20210719 10:23:41.132" level="INFO">${reqLayouttitledisplayedText} = Vogue</msg>
<status status="PASS" starttime="20210719 10:23:41.120" endtime="20210719 10:23:41.132"/>
</kw>
<kw name="Log To Console" library="BuiltIn">
<arg>${reqLayouttitledisplayedText}</arg>
<doc>Logs the given message to the console.</doc>
<status status="PASS" starttime="20210719 10:23:41.133" endtime="20210719 10:23:41.133"/>
</kw>
<kw name="Log" library="BuiltIn">
<arg>${reqLayouttitledisplayedText}</arg>
<doc>Logs the given message with the given level.</doc>
<msg timestamp="20210719 10:23:41.134" level="INFO">Vogue</msg>
<status status="PASS" starttime="20210719 10:23:41.134" endtime="20210719 10:23:41.134"/>
</kw>
<status status="PASS" starttime="20210719 10:23:41.120" endtime="20210719 10:23:41.135"/>
</iter>
<iter>
<var name="${i}">41</var>
<kw name="Get Text" library="SeleniumLibrary">
<var>${reqLayouttitledisplayedText}</var>
<arg>${reqtitledisplayedlist}[${i}]</arg>
<doc>Returns the text value of the element identified by ``locator``.</doc>
<msg timestamp="20210719 10:23:41.149" level="INFO">${reqLayouttitledisplayedText} = Vogue</msg>
<status status="PASS" starttime="20210719 10:23:41.136" endtime="20210719 10:23:41.149"/>
</kw>
<kw name="Log To Console" library="BuiltIn">
<arg>${reqLayouttitledisplayedText}</arg>
<doc>Logs the given message to the console.</doc>
<status status="PASS" starttime="20210719 10:23:41.150" endtime="20210719 10:23:41.150"/>
</kw>
<kw name="Log" library="BuiltIn">
<arg>${reqLayouttitledisplayedText}</arg>
<doc>Logs the given message with the given level.</doc>
<msg timestamp="20210719 10:23:41.151" level="INFO">Vogue</msg>
<status status="PASS" starttime="20210719 10:23:41.150" endtime="20210719 10:23:41.151"/>
</kw>
<status status="PASS" starttime="20210719 10:23:41.135" endtime="20210719 10:23:41.151"/>
</iter>
<iter>
<var name="${i}">42</var>
<kw name="Get Text" library="SeleniumLibrary">
<var>${reqLayouttitledisplayedText}</var>
<arg>${reqtitledisplayedlist}[${i}]</arg>
<doc>Returns the text value of the element identified by ``locator``.</doc>
<msg timestamp="20210719 10:23:41.163" level="INFO">${reqLayouttitledisplayedText} = Vogue</msg>
<status status="PASS" starttime="20210719 10:23:41.152" endtime="20210719 10:23:41.163"/>
</kw>
<kw name="Log To Console" library="BuiltIn">
<arg>${reqLayouttitledisplayedText}</arg>
<doc>Logs the given message to the console.</doc>
<status status="PASS" starttime="20210719 10:23:41.164" endtime="20210719 10:23:41.164"/>
</kw>
<kw name="Log" library="BuiltIn">
<arg>${reqLayouttitledisplayedText}</arg>
<doc>Logs the given message with the given level.</doc>
<msg timestamp="20210719 10:23:41.165" level="INFO">Vogue</msg>
<status status="PASS" starttime="20210719 10:23:41.165" endtime="20210719 10:23:41.165"/>
</kw>
<status status="PASS" starttime="20210719 10:23:41.152" endtime="20210719 10:23:41.166"/>
</iter>
<iter>
<var name="${i}">43</var>
<kw name="Get Text" library="SeleniumLibrary">
<var>${reqLayouttitledisplayedText}</var>
<arg>${reqtitledisplayedlist}[${i}]</arg>
<doc>Returns the text value of the element identified by ``locator``.</doc>
<msg timestamp="20210719 10:23:41.177" level="INFO">${reqLayouttitledisplayedText} = Vogue</msg>
<status status="PASS" starttime="20210719 10:23:41.166" endtime="20210719 10:23:41.177"/>
</kw>
<kw name="Log To Console" library="BuiltIn">
<arg>${reqLayouttitledisplayedText}</arg>
<doc>Logs the given message to the console.</doc>
<status status="PASS" starttime="20210719 10:23:41.178" endtime="20210719 10:23:41.178"/>
</kw>
<kw name="Log" library="BuiltIn">
<arg>${reqLayouttitledisplayedText}</arg>
<doc>Logs the given message with the given level.</doc>
<msg timestamp="20210719 10:23:41.179" level="INFO">Vogue</msg>
<status status="PASS" starttime="20210719 10:23:41.179" endtime="20210719 10:23:41.179"/>
</kw>
<status status="PASS" starttime="20210719 10:23:41.166" endtime="20210719 10:23:41.180"/>
</iter>
<iter>
<var name="${i}">44</var>
<kw name="Get Text" library="SeleniumLibrary">
<var>${reqLayouttitledisplayedText}</var>
<arg>${reqtitledisplayedlist}[${i}]</arg>
<doc>Returns the text value of the element identified by ``locator``.</doc>
<msg timestamp="20210719 10:23:41.191" level="INFO">${reqLayouttitledisplayedText} = Vogue</msg>
<status status="PASS" starttime="20210719 10:23:41.180" endtime="20210719 10:23:41.191"/>
</kw>
<kw name="Log To Console" library="BuiltIn">
<arg>${reqLayouttitledisplayedText}</arg>
<doc>Logs the given message to the console.</doc>
<status status="PASS" starttime="20210719 10:23:41.192" endtime="20210719 10:23:41.192"/>
</kw>
<kw name="Log" library="BuiltIn">
<arg>${reqLayouttitledisplayedText}</arg>
<doc>Logs the given message with the given level.</doc>
<msg timestamp="20210719 10:23:41.193" level="INFO">Vogue</msg>
<status status="PASS" starttime="20210719 10:23:41.193" endtime="20210719 10:23:41.193"/>
</kw>
<status status="PASS" starttime="20210719 10:23:41.180" endtime="20210719 10:23:41.194"/>
</iter>
<status status="PASS" starttime="20210719 10:23:40.488" endtime="20210719 10:23:41.194"/>
</for>
<status status="PASS" starttime="20210719 10:23:37.450" endtime="20210719 10:23:41.194"/>
</kw>
<kw name="Click Layout market dropdown" library="SyndicationafterpublicationreqbymeKeywords">
<kw name="Sleep" library="BuiltIn">
<arg>7s</arg>
<doc>Pauses the test executed for the given time.</doc>
<msg timestamp="20210719 10:23:48.196" level="INFO">Slept 7 seconds</msg>
<status status="PASS" starttime="20210719 10:23:41.195" endtime="20210719 10:23:48.196"/>
</kw>
<kw name="Wait Until Element Is Enabled" library="SeleniumLibrary">
<arg>${Layoutmarketdropdownicon_lctr}</arg>
<doc>Waits until the element ``locator`` is enabled.</doc>
<status status="PASS" starttime="20210719 10:23:48.197" endtime="20210719 10:23:48.215"/>
</kw>
<kw name="Click Element" library="SeleniumLibrary">
<arg>${Layoutmarketdropdownicon_lctr}</arg>
<doc>Click the element identified by ``locator``.</doc>
<msg timestamp="20210719 10:23:48.216" level="INFO">Clicking element 'xpath:(//img[@src='/libs/cq/ui/resources/0.gif'])[9]'.</msg>
<status status="PASS" starttime="20210719 10:23:48.215" endtime="20210719 10:23:48.306"/>
</kw>
<status status="PASS" starttime="20210719 10:23:41.195" endtime="20210719 10:23:48.307"/>
</kw>
<kw name="Get layout market list" library="SyndicationafterpublicationreqbymeKeywords">
<kw name="Sleep" library="BuiltIn">
<arg>3s</arg>
<doc>Pauses the test executed for the given time.</doc>
<msg timestamp="20210719 10:23:51.310" level="INFO">Slept 3 seconds</msg>
<status status="PASS" starttime="20210719 10:23:48.309" endtime="20210719 10:23:51.310"/>
</kw>
<kw name="Wait Until Element Is Enabled" library="SeleniumLibrary">
<arg>${Layoutmarketlist_lctr}</arg>
<doc>Waits until the element ``locator`` is enabled.</doc>
<status status="PASS" starttime="20210719 10:23:51.311" endtime="20210719 10:23:51.337"/>
</kw>
<kw name="Get WebElements" library="SeleniumLibrary">
<var>@{layoutlist}</var>
<arg>${Layoutmarketlist_lctr}</arg>
<doc>Returns a list of WebElement objects matching the ``locator``.</doc>
<msg timestamp="20210719 10:23:51.345" level="INFO">@{layoutlist} = [ &lt;selenium.webdriver.remote.webelement.WebElement (session="5f319d8f6141203e87a47ebf72af0ff9", element="a8db29d3-ef96-41e9-9c85-286109dfd95d")&gt; | &lt;selenium.webdriver.remote.webelement.WebElement (ses...</msg>
<status status="PASS" starttime="20210719 10:23:51.337" endtime="20210719 10:23:51.345"/>
</kw>
<kw name="Get Element Count" library="SeleniumLibrary">
<var>${layoutmarketcount}</var>
<arg>${Layoutmarketlist_lctr}</arg>
<doc>Returns the number of elements matching ``locator``.</doc>
<msg timestamp="20210719 10:23:51.354" level="INFO">${layoutmarketcount} = 37</msg>
<status status="PASS" starttime="20210719 10:23:51.346" endtime="20210719 10:23:51.354"/>
</kw>
<kw name="Log To Console" library="BuiltIn">
<arg>${layoutmarketcount}</arg>
<doc>Logs the given message to the console.</doc>
<status status="PASS" starttime="20210719 10:23:51.354" endtime="20210719 10:23:51.355"/>
</kw>
<kw name="Log" library="BuiltIn">
<arg>${layoutmarketcount}</arg>
<doc>Logs the given message with the given level.</doc>
<msg timestamp="20210719 10:23:51.356" level="INFO">37</msg>
<status status="PASS" starttime="20210719 10:23:51.355" endtime="20210719 10:23:51.356"/>
</kw>
<kw name="Run Keyword If" library="BuiltIn">
<arg>'${layoutmarketcount}' == '${layoutmarketcountorig}'</arg>
<arg>Log</arg>
<arg>Continuing execution</arg>
<arg>ELSE</arg>
<arg>FAIL</arg>
<doc>Runs the given keyword with the given arguments, if ``condition`` is true.</doc>
<kw name="Fail" library="BuiltIn">
<doc>Fails the test with the given message and optionally alters its tags.</doc>
<msg timestamp="20210719 10:23:51.357" level="FAIL">AssertionError</msg>
<status status="FAIL" starttime="20210719 10:23:51.357" endtime="20210719 10:23:51.357"/>
</kw>
<status status="FAIL" starttime="20210719 10:23:51.356" endtime="20210719 10:23:51.358"/>
</kw>
<for flavor="IN RANGE">
<var>${i}</var>
<value>0</value>
<value>${${layoutmarketcount}}</value>
<iter>
<var name="${i}">${i}</var>
<kw name="Get Text" library="SeleniumLibrary">
<var>${LayoutmarketText}</var>
<arg>${layoutlist}[${i}]</arg>
<doc>Returns the text value of the element identified by ``locator``.</doc>
<status status="NOT RUN" starttime="20210719 10:23:51.359" endtime="20210719 10:23:51.359"/>
</kw>
<kw name="Log To Console" library="BuiltIn">
<arg>${LayoutmarketText}</arg>
<doc>Logs the given message to the console.</doc>
<status status="NOT RUN" starttime="20210719 10:23:51.359" endtime="20210719 10:23:51.360"/>
</kw>
<kw name="Log" library="BuiltIn">
<arg>${LayoutmarketText}</arg>
<doc>Logs the given message with the given level.</doc>
<status status="NOT RUN" starttime="20210719 10:23:51.360" endtime="20210719 10:23:51.360"/>
</kw>
<status status="NOT RUN" starttime="20210719 10:23:51.359" endtime="20210719 10:23:51.360"/>
</iter>
<status status="NOT RUN" starttime="20210719 10:23:51.358" endtime="20210719 10:23:51.361"/>
</for>
<status status="FAIL" starttime="20210719 10:23:48.308" endtime="20210719 10:23:51.361"/>
</kw>
<kw name="Select Layout market" library="SyndicationafterpublicationreqbymeKeywords">
<arg>${layoutmarketinput}</arg>
<status status="NOT RUN" starttime="20210719 10:23:51.362" endtime="20210719 10:23:51.362"/>
</kw>
<kw name="Check selected Layout markets displayed in the page" library="SyndicationafterpublicationreqbymeKeywords">
<arg>${layoutmarketinput}</arg>
<status status="NOT RUN" starttime="20210719 10:23:51.362" endtime="20210719 10:23:51.362"/>
</kw>
<kw name="Click Layout title dropdown" library="SyndicationafterpublicationreqbymeKeywords">
<status status="NOT RUN" starttime="20210719 10:23:51.362" endtime="20210719 10:23:51.363"/>
</kw>
<kw name="Get layout title list" library="SyndicationafterpublicationreqbymeKeywords">
<status status="NOT RUN" starttime="20210719 10:23:51.363" endtime="20210719 10:23:51.363"/>
</kw>
<kw name="Select Layout title" library="SyndicationafterpublicationreqbymeKeywords">
<arg>${layouttileinput}</arg>
<status status="NOT RUN" starttime="20210719 10:23:51.363" endtime="20210719 10:23:51.364"/>
</kw>
<kw name="Check selected Layout titles displayed in the page" library="SyndicationafterpublicationreqbymeKeywords">
<arg>${layouttileinput}</arg>
<status status="NOT RUN" starttime="20210719 10:23:51.364" endtime="20210719 10:23:51.364"/>
</kw>
<kw name="Click Requesting market dropdown" library="SyndicationafterpublicationreqbymeKeywords">
<status status="NOT RUN" starttime="20210719 10:23:51.364" endtime="20210719 10:23:51.365"/>
</kw>
<kw name="Get Requesting market list" library="SyndicationafterpublicationreqbymeKeywords">
<status status="NOT RUN" starttime="20210719 10:23:51.365" endtime="20210719 10:23:51.365"/>
</kw>
<kw name="Select Requesting market" library="SyndicationafterpublicationreqbymeKeywords">
<arg>${requestingmarketinput}</arg>
<status status="NOT RUN" starttime="20210719 10:23:51.365" endtime="20210719 10:23:51.365"/>
</kw>
<kw name="Check selected Requesting markets displayed in the page" library="SyndicationafterpublicationreqbymeKeywords">
<arg>${requestingmarketinput}</arg>
<status status="NOT RUN" starttime="20210719 10:23:51.366" endtime="20210719 10:23:51.366"/>
</kw>
<kw name="Click Requesting title dropdown" library="SyndicationafterpublicationreqbymeKeywords">
<status status="NOT RUN" starttime="20210719 10:23:51.366" endtime="20210719 10:23:51.366"/>
</kw>
<kw name="Get Requesting title list" library="SyndicationafterpublicationreqbymeKeywords">
<status status="NOT RUN" starttime="20210719 10:23:51.367" endtime="20210719 10:23:51.367"/>
</kw>
<kw name="Select Requesting title" library="SyndicationafterpublicationreqbymeKeywords">
<arg>${requestingtitleinput}</arg>
<status status="NOT RUN" starttime="20210719 10:23:51.367" endtime="20210719 10:23:51.367"/>
</kw>
<kw name="Check selected Requesting titles displayed in the page" library="SyndicationafterpublicationreqbymeKeywords">
<arg>${requestingtitleinput}</arg>
<status status="NOT RUN" starttime="20210719 10:23:51.368" endtime="20210719 10:23:51.368"/>
</kw>
<kw name="Finish TestCase" library="CommonFunctionality" type="TEARDOWN">
<kw name="Close All Browsers" library="SeleniumLibrary">
<doc>Closes all open browsers and resets the browser cache.</doc>
<status status="PASS" starttime="20210719 10:23:51.369" endtime="20210719 10:23:51.500"/>
</kw>
<status status="PASS" starttime="20210719 10:23:51.369" endtime="20210719 10:23:51.500"/>
</kw>
<tag>Smoke</tag>
<status status="FAIL" starttime="20210719 10:23:05.774" endtime="20210719 10:23:51.500">AssertionError</status>
</test>
<status status="FAIL" starttime="20210719 10:23:05.536" endtime="20210719 10:23:51.503"/>
</suite>
<status status="FAIL" starttime="20210719 10:23:05.535" endtime="20210719 10:23:51.544"/>
</suite>
<status status="FAIL" starttime="20210719 10:23:05.516" endtime="20210719 10:23:51.545"/>
</suite>
<statistics>
<total>
<stat pass="0" fail="1" skip="0">All Tests</stat>
</total>
<tag>
<stat pass="0" fail="1" skip="0">Smoke</stat>
</tag>
<suite>
<stat pass="0" fail="1" skip="0" id="s1" name="TestCases">TestCases</stat>
<stat pass="0" fail="1" skip="0" id="s1-s1" name="Syndicationconsoletests">TestCases.Syndicationconsoletests</stat>
<stat pass="0" fail="1" skip="0" id="s1-s1-s1" name="SyndicationAfterPublicationreqbymetest">TestCases.Syndicationconsoletests.SyndicationAfterPublicationreqbymetest</stat>
</suite>
</statistics>
<errors>
</errors>
</robot>
