<?xml version="1.0" encoding="UTF-8"?>
<robot generator="Robot 4.0.3 (Python 3.9.5 on darwin)" generated="20210719 10:19:12.966" rpa="false" schemaversion="2">
<suite id="s1" name="TestCases" source="/Users/hsreekum/PycharmProjects/DAMrobotAutomationframeworktwo/TestCases">
<suite id="s1-s1" name="Assetnavigationtests" source="/Users/hsreekum/PycharmProjects/DAMrobotAutomationframeworktwo/TestCases/Assetnavigationtests">
<suite id="s1-s1-s1" name="Diffmarketsharedwipassetnavigation" source="/Users/hsreekum/PycharmProjects/DAMrobotAutomationframeworktwo/TestCases/Assetnavigationtests/diffmarketsharedwipassetnavigation.robot">
<test id="s1-s1-s1-t1" name="Should select correct sharedwip folders with set of data using tw-gq-ebt2@condenast.com.tw and -c44QRUTng_y2y-">
<kw name="Start TestCase" library="CommonFunctionality" type="SETUP">
<kw name="Open Browser" library="SeleniumLibrary">
<arg>https://google.com</arg>
<arg>chrome</arg>
<doc>Opens a new browser instance to the optional ``url``.</doc>
<msg timestamp="20210719 10:19:13.388" level="INFO">Opening browser 'chrome' to base url 'https://google.com'.</msg>
<status status="PASS" starttime="20210719 10:19:13.388" endtime="20210719 10:19:21.205"/>
</kw>
<kw name="Maximize Browser Window" library="SeleniumLibrary">
<doc>Maximizes current browser window.</doc>
<status status="PASS" starttime="20210719 10:19:21.207" endtime="20210719 10:19:21.470"/>
</kw>
<status status="PASS" starttime="20210719 10:19:13.388" endtime="20210719 10:19:21.471"/>
</kw>
<kw name="Should select correct sharedwip folders with set of data">
<arg>https://apac-staging.cnidam.com</arg>
<arg>tw-gq-ebt2@condenast.com.tw</arg>
<arg>-c44QRUTng_y2y-</arg>
<arg>ebt</arg>
<tag>Smoke</tag>
<kw name="Get CSV Data" library="Datamanager">
<var>${marketfolders}</var>
<arg>${sharedwipinputcsv}</arg>
<kw name="Read Csv File" library="Csv">
<var>${Data}</var>
<arg>${FilePath}</arg>
<msg timestamp="20210719 10:19:21.475" level="INFO">${Data} = [['UK', 'Glamour', 'shared-wip', 'HIGH-RES', '2020 Spring Summer', '03-20-STYLE-CoverStarChrissy_583337', 'Assets', 'Published', '210420171501530001_2'], ['UK', 'Glamour', 'shared-wip', 'HIGH-RES', '2...</msg>
<status status="PASS" starttime="20210719 10:19:21.473" endtime="20210719 10:19:21.475"/>
</kw>
<msg timestamp="20210719 10:19:21.477" level="INFO">${marketfolders} = [['UK', 'Glamour', 'shared-wip', 'HIGH-RES', '2020 Spring Summer', '03-20-STYLE-CoverStarChrissy_583337', 'Assets', 'Published', '210420171501530001_2'], ['UK', 'Glamour', 'shared-wip', 'HIGH-RES', '2...</msg>
<status status="PASS" starttime="20210719 10:19:21.472" endtime="20210719 10:19:21.477"/>
</kw>
<kw name="Open my url" library="LoginKeywords">
<arg>${SiteUrl}</arg>
<kw name="Go To" library="SeleniumLibrary">
<arg>${SiteUrl}</arg>
<doc>Navigates the current browser window to the provided ``url``.</doc>
<msg timestamp="20210719 10:19:21.479" level="INFO">Opening url 'https://apac-staging.cnidam.com'</msg>
<status status="PASS" starttime="20210719 10:19:21.478" endtime="20210719 10:19:24.718"/>
</kw>
<kw name="Maximize Browser Window" library="SeleniumLibrary">
<doc>Maximizes current browser window.</doc>
<status status="PASS" starttime="20210719 10:19:24.720" endtime="20210719 10:19:24.868"/>
</kw>
<status status="PASS" starttime="20210719 10:19:21.478" endtime="20210719 10:19:24.869"/>
</kw>
<kw name="Enter UserName" library="LoginKeywords">
<arg>${username}</arg>
<kw name="Wait Until Page Contains Element" library="SeleniumLibrary">
<arg>${txt_loginUserName_lctr}</arg>
<arg>timeout=30s</arg>
<doc>Waits until the element ``locator`` appears on the current page.</doc>
<status status="PASS" starttime="20210719 10:19:24.871" endtime="20210719 10:19:24.888"/>
</kw>
<kw name="Input Text" library="SeleniumLibrary">
<arg>${txt_loginUserName_lctr}</arg>
<arg>${username}</arg>
<doc>Types the given ``text`` into the text field identified by ``locator``.</doc>
<msg timestamp="20210719 10:19:24.890" level="INFO">Typing text 'tw-gq-ebt2@condenast.com.tw' into text field 'id:idp-discovery-username'.</msg>
<status status="PASS" starttime="20210719 10:19:24.889" endtime="20210719 10:19:25.243"/>
</kw>
<kw name="Click Button" library="SeleniumLibrary">
<arg>${submitbutton_lctr}</arg>
<doc>Clicks the button identified by ``locator``.</doc>
<msg timestamp="20210719 10:19:25.246" level="INFO">Clicking button 'id:idp-discovery-submit'.</msg>
<status status="PASS" starttime="20210719 10:19:25.245" endtime="20210719 10:19:25.372"/>
</kw>
<status status="PASS" starttime="20210719 10:19:24.870" endtime="20210719 10:19:25.374"/>
</kw>
<kw name="Enter Password" library="LoginKeywords">
<arg>${password}</arg>
<kw name="Wait Until Page Contains Element" library="SeleniumLibrary">
<arg>${txt_loginps_lctr}</arg>
<arg>timeout=30s</arg>
<doc>Waits until the element ``locator`` appears on the current page.</doc>
<status status="PASS" starttime="20210719 10:19:25.375" endtime="20210719 10:19:27.327"/>
</kw>
<kw name="Input Text" library="SeleniumLibrary">
<arg>${txt_loginps_lctr}</arg>
<arg>${password}</arg>
<doc>Types the given ``text`` into the text field identified by ``locator``.</doc>
<msg timestamp="20210719 10:19:27.328" level="INFO">Typing text '-c44QRUTng_y2y-' into text field 'class:password-with-toggle'.</msg>
<status status="PASS" starttime="20210719 10:19:27.328" endtime="20210719 10:19:27.390"/>
</kw>
<status status="PASS" starttime="20210719 10:19:25.374" endtime="20210719 10:19:27.391"/>
</kw>
<kw name="Click Verify" library="LoginKeywords">
<kw name="Wait Until Page Contains Element" library="SeleniumLibrary">
<arg>${txt_verify_lctr}</arg>
<arg>timeout=30s</arg>
<doc>Waits until the element ``locator`` appears on the current page.</doc>
<status status="PASS" starttime="20210719 10:19:27.392" endtime="20210719 10:19:27.404"/>
</kw>
<kw name="Click Button" library="SeleniumLibrary">
<arg>${txt_verify_lctr}</arg>
<doc>Clicks the button identified by ``locator``.</doc>
<msg timestamp="20210719 10:19:27.406" level="INFO">Clicking button 'css:input[class='button button-primary']'.</msg>
<status status="PASS" starttime="20210719 10:19:27.405" endtime="20210719 10:19:27.464"/>
</kw>
<status status="PASS" starttime="20210719 10:19:27.392" endtime="20210719 10:19:27.465"/>
</kw>
<kw name="Check welcomemessage" library="LoginKeywords">
<arg>${username}</arg>
<kw name="Wait Until Page Contains Element" library="SeleniumLibrary">
<arg>${welcomemessage_lctr}</arg>
<arg>timeout=30s</arg>
<doc>Waits until the element ``locator`` appears on the current page.</doc>
<status status="PASS" starttime="20210719 10:19:27.466" endtime="20210719 10:19:30.133"/>
</kw>
<kw name="Element Should Contain" library="SeleniumLibrary">
<arg>${welcomemessage_lctr}</arg>
<arg>${usernameinput}</arg>
<doc>Verifies that element ``locator`` contains text ``expected``.</doc>
<msg timestamp="20210719 10:19:30.173" level="INFO">Element 'xpath://div[@id='welcome-message']' contains text 'tw-gq-ebt2@condenast.com.tw'.</msg>
<status status="PASS" starttime="20210719 10:19:30.134" endtime="20210719 10:19:30.173"/>
</kw>
<status status="PASS" starttime="20210719 10:19:27.465" endtime="20210719 10:19:30.174"/>
</kw>
<kw name="Get Title" library="SeleniumLibrary">
<var>${act_title}</var>
<doc>Returns the title of the current page.</doc>
<msg timestamp="20210719 10:19:30.180" level="INFO">${act_title} = Staging APAC | Welcome to AEM</msg>
<status status="PASS" starttime="20210719 10:19:30.175" endtime="20210719 10:19:30.180"/>
</kw>
<kw name="Run Keyword If" library="BuiltIn">
<arg>'${act_title}' == '${expectedpagetitle_emea}' and '${SiteUrl}' == '${expectedsiteurl_emea}' or '${act_title}' == '${expectedpagetitle_apac}' and '${SiteUrl}' == '${expectedsiteurl_apac}'</arg>
<arg>Verify successful login</arg>
<arg>ELSE</arg>
<arg>Verify unsuccessful login</arg>
<doc>Runs the given keyword with the given arguments, if ``condition`` is true.</doc>
<kw name="Verify successful login" library="LoginKeywords">
<kw name="Log" library="BuiltIn">
<arg>**********Login test is passed**********</arg>
<doc>Logs the given message with the given level.</doc>
<msg timestamp="20210719 10:19:30.185" level="INFO">**********Login test is passed**********</msg>
<status status="PASS" starttime="20210719 10:19:30.184" endtime="20210719 10:19:30.185"/>
</kw>
<kw name="Log Title" library="SeleniumLibrary">
<doc>Logs and returns the title of the current page.</doc>
<msg timestamp="20210719 10:19:30.194" level="INFO">Staging APAC | Welcome to AEM</msg>
<status status="PASS" starttime="20210719 10:19:30.188" endtime="20210719 10:19:30.194"/>
</kw>
<status status="PASS" starttime="20210719 10:19:30.183" endtime="20210719 10:19:30.195"/>
</kw>
<status status="PASS" starttime="20210719 10:19:30.181" endtime="20210719 10:19:30.196"/>
</kw>
<kw name="Run Keyword If" library="BuiltIn">
<arg>'${userrole}' == 'piced' or '${userrole}' == 'ebt'</arg>
<arg>Welcomepagetabscheck_ebtorpiced</arg>
<arg>ELSE</arg>
<arg>Welcomepagetabscheck_globaladmin</arg>
<doc>Runs the given keyword with the given arguments, if ``condition`` is true.</doc>
<kw name="Welcomepagetabscheck_ebtorpiced" library="LoginKeywords">
<kw name="Wait Until Page Contains Element" library="SeleniumLibrary">
<arg>${tabcontent_lctr}</arg>
<arg>timeout=30s</arg>
<doc>Waits until the element ``locator`` appears on the current page.</doc>
<status status="PASS" starttime="20210719 10:19:30.198" endtime="20210719 10:19:30.213"/>
</kw>
<kw name="Get Element Count" library="SeleniumLibrary">
<var>${AllTabsCount}</var>
<arg>${tabcontent_lctr}</arg>
<doc>Returns the number of elements matching ``locator``.</doc>
<msg timestamp="20210719 10:19:30.225" level="INFO">${AllTabsCount} = 8</msg>
<status status="PASS" starttime="20210719 10:19:30.214" endtime="20210719 10:19:30.226"/>
</kw>
<kw name="Get WebElements" library="SeleniumLibrary">
<var>@{TabItems}</var>
<arg>${tabcontent_lctr}</arg>
<doc>Returns a list of WebElement objects matching the ``locator``.</doc>
<msg timestamp="20210719 10:19:30.236" level="INFO">@{TabItems} = [ &lt;selenium.webdriver.remote.webelement.WebElement (session="d1e7b6eba2c88eaa58f93d717c3397f3", element="b9d35fa0-037b-4215-8d1e-771bf960b27f")&gt; | &lt;selenium.webdriver.remote.webelement.WebElement (ses...</msg>
<status status="PASS" starttime="20210719 10:19:30.228" endtime="20210719 10:19:30.236"/>
</kw>
<kw name="Log" library="BuiltIn">
<arg>${AllTabsCount}</arg>
<doc>Logs the given message with the given level.</doc>
<msg timestamp="20210719 10:19:30.237" level="INFO">8</msg>
<status status="PASS" starttime="20210719 10:19:30.237" endtime="20210719 10:19:30.238"/>
</kw>
<for flavor="IN RANGE">
<var>${i}</var>
<value>0</value>
<value>${${AllTabsCount}}</value>
<iter>
<var name="${i}">0</var>
<kw name="Get Text" library="SeleniumLibrary">
<var>${TabText}</var>
<arg>${TabItems}[${i}]</arg>
<doc>Returns the text value of the element identified by ``locator``.</doc>
<msg timestamp="20210719 10:19:30.259" level="INFO">${TabText} = Images</msg>
<status status="PASS" starttime="20210719 10:19:30.244" endtime="20210719 10:19:30.259"/>
</kw>
<kw name="Log" library="BuiltIn">
<arg>${TabText}</arg>
<doc>Logs the given message with the given level.</doc>
<msg timestamp="20210719 10:19:30.261" level="INFO">Images</msg>
<status status="PASS" starttime="20210719 10:19:30.260" endtime="20210719 10:19:30.261"/>
</kw>
<kw name="Log" library="BuiltIn">
<arg>${welcomepagetabs}[${i}]</arg>
<doc>Logs the given message with the given level.</doc>
<msg timestamp="20210719 10:19:30.262" level="INFO">Images</msg>
<status status="PASS" starttime="20210719 10:19:30.261" endtime="20210719 10:19:30.262"/>
</kw>
<kw name="Run Keyword If" library="BuiltIn">
<arg>'${welcomepagetabs}[${i}]' == '${TabText}'</arg>
<arg>Log</arg>
<arg>pass</arg>
<arg>ELSE</arg>
<arg>FAIL</arg>
<arg>***Title mismatch***</arg>
<doc>Runs the given keyword with the given arguments, if ``condition`` is true.</doc>
<kw name="Log" library="BuiltIn">
<arg>pass</arg>
<doc>Logs the given message with the given level.</doc>
<msg timestamp="20210719 10:19:30.263" level="INFO">pass</msg>
<status status="PASS" starttime="20210719 10:19:30.263" endtime="20210719 10:19:30.264"/>
</kw>
<status status="PASS" starttime="20210719 10:19:30.263" endtime="20210719 10:19:30.264"/>
</kw>
<status status="PASS" starttime="20210719 10:19:30.243" endtime="20210719 10:19:30.264"/>
</iter>
<iter>
<var name="${i}">1</var>
<kw name="Get Text" library="SeleniumLibrary">
<var>${TabText}</var>
<arg>${TabItems}[${i}]</arg>
<doc>Returns the text value of the element identified by ``locator``.</doc>
<msg timestamp="20210719 10:19:30.278" level="INFO">${TabText} = Images - Touch UI</msg>
<status status="PASS" starttime="20210719 10:19:30.265" endtime="20210719 10:19:30.279"/>
</kw>
<kw name="Log" library="BuiltIn">
<arg>${TabText}</arg>
<doc>Logs the given message with the given level.</doc>
<msg timestamp="20210719 10:19:30.281" level="INFO">Images - Touch UI</msg>
<status status="PASS" starttime="20210719 10:19:30.280" endtime="20210719 10:19:30.281"/>
</kw>
<kw name="Log" library="BuiltIn">
<arg>${welcomepagetabs}[${i}]</arg>
<doc>Logs the given message with the given level.</doc>
<msg timestamp="20210719 10:19:30.283" level="INFO">Images - Touch UI</msg>
<status status="PASS" starttime="20210719 10:19:30.282" endtime="20210719 10:19:30.283"/>
</kw>
<kw name="Run Keyword If" library="BuiltIn">
<arg>'${welcomepagetabs}[${i}]' == '${TabText}'</arg>
<arg>Log</arg>
<arg>pass</arg>
<arg>ELSE</arg>
<arg>FAIL</arg>
<arg>***Title mismatch***</arg>
<doc>Runs the given keyword with the given arguments, if ``condition`` is true.</doc>
<kw name="Log" library="BuiltIn">
<arg>pass</arg>
<doc>Logs the given message with the given level.</doc>
<msg timestamp="20210719 10:19:30.286" level="INFO">pass</msg>
<status status="PASS" starttime="20210719 10:19:30.286" endtime="20210719 10:19:30.287"/>
</kw>
<status status="PASS" starttime="20210719 10:19:30.285" endtime="20210719 10:19:30.288"/>
</kw>
<status status="PASS" starttime="20210719 10:19:30.265" endtime="20210719 10:19:30.288"/>
</iter>
<iter>
<var name="${i}">2</var>
<kw name="Get Text" library="SeleniumLibrary">
<var>${TabText}</var>
<arg>${TabItems}[${i}]</arg>
<doc>Returns the text value of the element identified by ``locator``.</doc>
<msg timestamp="20210719 10:19:30.313" level="INFO">${TabText} = Publications</msg>
<status status="PASS" starttime="20210719 10:19:30.290" endtime="20210719 10:19:30.313"/>
</kw>
<kw name="Log" library="BuiltIn">
<arg>${TabText}</arg>
<doc>Logs the given message with the given level.</doc>
<msg timestamp="20210719 10:19:30.314" level="INFO">Publications</msg>
<status status="PASS" starttime="20210719 10:19:30.314" endtime="20210719 10:19:30.314"/>
</kw>
<kw name="Log" library="BuiltIn">
<arg>${welcomepagetabs}[${i}]</arg>
<doc>Logs the given message with the given level.</doc>
<msg timestamp="20210719 10:19:30.316" level="INFO">Publications</msg>
<status status="PASS" starttime="20210719 10:19:30.315" endtime="20210719 10:19:30.316"/>
</kw>
<kw name="Run Keyword If" library="BuiltIn">
<arg>'${welcomepagetabs}[${i}]' == '${TabText}'</arg>
<arg>Log</arg>
<arg>pass</arg>
<arg>ELSE</arg>
<arg>FAIL</arg>
<arg>***Title mismatch***</arg>
<doc>Runs the given keyword with the given arguments, if ``condition`` is true.</doc>
<kw name="Log" library="BuiltIn">
<arg>pass</arg>
<doc>Logs the given message with the given level.</doc>
<msg timestamp="20210719 10:19:30.319" level="INFO">pass</msg>
<status status="PASS" starttime="20210719 10:19:30.318" endtime="20210719 10:19:30.320"/>
</kw>
<status status="PASS" starttime="20210719 10:19:30.317" endtime="20210719 10:19:30.322"/>
</kw>
<status status="PASS" starttime="20210719 10:19:30.289" endtime="20210719 10:19:30.323"/>
</iter>
<iter>
<var name="${i}">3</var>
<kw name="Get Text" library="SeleniumLibrary">
<var>${TabText}</var>
<arg>${TabItems}[${i}]</arg>
<doc>Returns the text value of the element identified by ``locator``.</doc>
<msg timestamp="20210719 10:19:30.346" level="INFO">${TabText} = Content creators contracts</msg>
<status status="PASS" starttime="20210719 10:19:30.324" endtime="20210719 10:19:30.346"/>
</kw>
<kw name="Log" library="BuiltIn">
<arg>${TabText}</arg>
<doc>Logs the given message with the given level.</doc>
<msg timestamp="20210719 10:19:30.348" level="INFO">Content creators contracts</msg>
<status status="PASS" starttime="20210719 10:19:30.347" endtime="20210719 10:19:30.348"/>
</kw>
<kw name="Log" library="BuiltIn">
<arg>${welcomepagetabs}[${i}]</arg>
<doc>Logs the given message with the given level.</doc>
<msg timestamp="20210719 10:19:30.350" level="INFO">Content creators contracts</msg>
<status status="PASS" starttime="20210719 10:19:30.349" endtime="20210719 10:19:30.350"/>
</kw>
<kw name="Run Keyword If" library="BuiltIn">
<arg>'${welcomepagetabs}[${i}]' == '${TabText}'</arg>
<arg>Log</arg>
<arg>pass</arg>
<arg>ELSE</arg>
<arg>FAIL</arg>
<arg>***Title mismatch***</arg>
<doc>Runs the given keyword with the given arguments, if ``condition`` is true.</doc>
<kw name="Log" library="BuiltIn">
<arg>pass</arg>
<doc>Logs the given message with the given level.</doc>
<msg timestamp="20210719 10:19:30.354" level="INFO">pass</msg>
<status status="PASS" starttime="20210719 10:19:30.353" endtime="20210719 10:19:30.354"/>
</kw>
<status status="PASS" starttime="20210719 10:19:30.351" endtime="20210719 10:19:30.355"/>
</kw>
<status status="PASS" starttime="20210719 10:19:30.323" endtime="20210719 10:19:30.356"/>
</iter>
<iter>
<var name="${i}">4</var>
<kw name="Get Text" library="SeleniumLibrary">
<var>${TabText}</var>
<arg>${TabItems}[${i}]</arg>
<doc>Returns the text value of the element identified by ``locator``.</doc>
<msg timestamp="20210719 10:19:30.374" level="INFO">${TabText} = Videos</msg>
<status status="PASS" starttime="20210719 10:19:30.357" endtime="20210719 10:19:30.374"/>
</kw>
<kw name="Log" library="BuiltIn">
<arg>${TabText}</arg>
<doc>Logs the given message with the given level.</doc>
<msg timestamp="20210719 10:19:30.375" level="INFO">Videos</msg>
<status status="PASS" starttime="20210719 10:19:30.375" endtime="20210719 10:19:30.375"/>
</kw>
<kw name="Log" library="BuiltIn">
<arg>${welcomepagetabs}[${i}]</arg>
<doc>Logs the given message with the given level.</doc>
<msg timestamp="20210719 10:19:30.377" level="INFO">Videos</msg>
<status status="PASS" starttime="20210719 10:19:30.376" endtime="20210719 10:19:30.377"/>
</kw>
<kw name="Run Keyword If" library="BuiltIn">
<arg>'${welcomepagetabs}[${i}]' == '${TabText}'</arg>
<arg>Log</arg>
<arg>pass</arg>
<arg>ELSE</arg>
<arg>FAIL</arg>
<arg>***Title mismatch***</arg>
<doc>Runs the given keyword with the given arguments, if ``condition`` is true.</doc>
<kw name="Log" library="BuiltIn">
<arg>pass</arg>
<doc>Logs the given message with the given level.</doc>
<msg timestamp="20210719 10:19:30.379" level="INFO">pass</msg>
<status status="PASS" starttime="20210719 10:19:30.379" endtime="20210719 10:19:30.379"/>
</kw>
<status status="PASS" starttime="20210719 10:19:30.378" endtime="20210719 10:19:30.380"/>
</kw>
<status status="PASS" starttime="20210719 10:19:30.356" endtime="20210719 10:19:30.381"/>
</iter>
<iter>
<var name="${i}">5</var>
<kw name="Get Text" library="SeleniumLibrary">
<var>${TabText}</var>
<arg>${TabItems}[${i}]</arg>
<doc>Returns the text value of the element identified by ``locator``.</doc>
<msg timestamp="20210719 10:19:30.395" level="INFO">${TabText} = Syndication after publication</msg>
<status status="PASS" starttime="20210719 10:19:30.382" endtime="20210719 10:19:30.395"/>
</kw>
<kw name="Log" library="BuiltIn">
<arg>${TabText}</arg>
<doc>Logs the given message with the given level.</doc>
<msg timestamp="20210719 10:19:30.396" level="INFO">Syndication after publication</msg>
<status status="PASS" starttime="20210719 10:19:30.396" endtime="20210719 10:19:30.396"/>
</kw>
<kw name="Log" library="BuiltIn">
<arg>${welcomepagetabs}[${i}]</arg>
<doc>Logs the given message with the given level.</doc>
<msg timestamp="20210719 10:19:30.398" level="INFO">Syndication after publication</msg>
<status status="PASS" starttime="20210719 10:19:30.397" endtime="20210719 10:19:30.398"/>
</kw>
<kw name="Run Keyword If" library="BuiltIn">
<arg>'${welcomepagetabs}[${i}]' == '${TabText}'</arg>
<arg>Log</arg>
<arg>pass</arg>
<arg>ELSE</arg>
<arg>FAIL</arg>
<arg>***Title mismatch***</arg>
<doc>Runs the given keyword with the given arguments, if ``condition`` is true.</doc>
<kw name="Log" library="BuiltIn">
<arg>pass</arg>
<doc>Logs the given message with the given level.</doc>
<msg timestamp="20210719 10:19:30.400" level="INFO">pass</msg>
<status status="PASS" starttime="20210719 10:19:30.399" endtime="20210719 10:19:30.400"/>
</kw>
<status status="PASS" starttime="20210719 10:19:30.398" endtime="20210719 10:19:30.404"/>
</kw>
<status status="PASS" starttime="20210719 10:19:30.381" endtime="20210719 10:19:30.404"/>
</iter>
<iter>
<var name="${i}">6</var>
<kw name="Get Text" library="SeleniumLibrary">
<var>${TabText}</var>
<arg>${TabItems}[${i}]</arg>
<doc>Returns the text value of the element identified by ``locator``.</doc>
<msg timestamp="20210719 10:19:30.420" level="INFO">${TabText} = Syndication before publication</msg>
<status status="PASS" starttime="20210719 10:19:30.406" endtime="20210719 10:19:30.420"/>
</kw>
<kw name="Log" library="BuiltIn">
<arg>${TabText}</arg>
<doc>Logs the given message with the given level.</doc>
<msg timestamp="20210719 10:19:30.422" level="INFO">Syndication before publication</msg>
<status status="PASS" starttime="20210719 10:19:30.421" endtime="20210719 10:19:30.422"/>
</kw>
<kw name="Log" library="BuiltIn">
<arg>${welcomepagetabs}[${i}]</arg>
<doc>Logs the given message with the given level.</doc>
<msg timestamp="20210719 10:19:30.425" level="INFO">Syndication before publication</msg>
<status status="PASS" starttime="20210719 10:19:30.424" endtime="20210719 10:19:30.425"/>
</kw>
<kw name="Run Keyword If" library="BuiltIn">
<arg>'${welcomepagetabs}[${i}]' == '${TabText}'</arg>
<arg>Log</arg>
<arg>pass</arg>
<arg>ELSE</arg>
<arg>FAIL</arg>
<arg>***Title mismatch***</arg>
<doc>Runs the given keyword with the given arguments, if ``condition`` is true.</doc>
<kw name="Log" library="BuiltIn">
<arg>pass</arg>
<doc>Logs the given message with the given level.</doc>
<msg timestamp="20210719 10:19:30.431" level="INFO">pass</msg>
<status status="PASS" starttime="20210719 10:19:30.429" endtime="20210719 10:19:30.431"/>
</kw>
<status status="PASS" starttime="20210719 10:19:30.427" endtime="20210719 10:19:30.433"/>
</kw>
<status status="PASS" starttime="20210719 10:19:30.405" endtime="20210719 10:19:30.434"/>
</iter>
<iter>
<var name="${i}">7</var>
<kw name="Get Text" library="SeleniumLibrary">
<var>${TabText}</var>
<arg>${TabItems}[${i}]</arg>
<doc>Returns the text value of the element identified by ``locator``.</doc>
<msg timestamp="20210719 10:19:30.449" level="INFO">${TabText} = Inbox</msg>
<status status="PASS" starttime="20210719 10:19:30.435" endtime="20210719 10:19:30.449"/>
</kw>
<kw name="Log" library="BuiltIn">
<arg>${TabText}</arg>
<doc>Logs the given message with the given level.</doc>
<msg timestamp="20210719 10:19:30.450" level="INFO">Inbox</msg>
<status status="PASS" starttime="20210719 10:19:30.450" endtime="20210719 10:19:30.450"/>
</kw>
<kw name="Log" library="BuiltIn">
<arg>${welcomepagetabs}[${i}]</arg>
<doc>Logs the given message with the given level.</doc>
<msg timestamp="20210719 10:19:30.452" level="INFO">Inbox</msg>
<status status="PASS" starttime="20210719 10:19:30.452" endtime="20210719 10:19:30.453"/>
</kw>
<kw name="Run Keyword If" library="BuiltIn">
<arg>'${welcomepagetabs}[${i}]' == '${TabText}'</arg>
<arg>Log</arg>
<arg>pass</arg>
<arg>ELSE</arg>
<arg>FAIL</arg>
<arg>***Title mismatch***</arg>
<doc>Runs the given keyword with the given arguments, if ``condition`` is true.</doc>
<kw name="Log" library="BuiltIn">
<arg>pass</arg>
<doc>Logs the given message with the given level.</doc>
<msg timestamp="20210719 10:19:30.457" level="INFO">pass</msg>
<status status="PASS" starttime="20210719 10:19:30.456" endtime="20210719 10:19:30.457"/>
</kw>
<status status="PASS" starttime="20210719 10:19:30.454" endtime="20210719 10:19:30.458"/>
</kw>
<status status="PASS" starttime="20210719 10:19:30.435" endtime="20210719 10:19:30.459"/>
</iter>
<status status="PASS" starttime="20210719 10:19:30.238" endtime="20210719 10:19:30.460"/>
</for>
<status status="PASS" starttime="20210719 10:19:30.197" endtime="20210719 10:19:30.461"/>
</kw>
<status status="PASS" starttime="20210719 10:19:30.196" endtime="20210719 10:19:30.462"/>
</kw>
<kw name="Go to images page" library="Sharedwipnavigationkeywords">
<kw name="Wait Until Page Contains Element" library="SeleniumLibrary">
<arg>${Imagestabicon_lctr}</arg>
<arg>timeout=30s</arg>
<doc>Waits until the element ``locator`` appears on the current page.</doc>
<status status="PASS" starttime="20210719 10:19:30.463" endtime="20210719 10:19:30.478"/>
</kw>
<kw name="Click Element" library="SeleniumLibrary">
<arg>${Imagestabicon_lctr}</arg>
<doc>Click the element identified by ``locator``.</doc>
<msg timestamp="20210719 10:19:30.480" level="INFO">Clicking element 'xpath://div[@class='icon damadmin']'.</msg>
<status status="PASS" starttime="20210719 10:19:30.479" endtime="20210719 10:19:36.480"/>
</kw>
<status status="PASS" starttime="20210719 10:19:30.462" endtime="20210719 10:19:36.481"/>
</kw>
<kw name="Diff market sharedwipassetnavigation using the csvfile" library="diffmarketSharedwipnavigationkeywords">
<arg>${marketfolders}</arg>
<for flavor="IN">
<var>${marketlist}</var>
<value>@{marketfolders}</value>
<iter>
<var name="${marketlist}">['UK', 'Glamour', 'shared-wip', 'HIGH-RES', '2020 Spring Summer', '03-20-STYLE-CoverStarChrissy_583337', 'Assets', 'Published', '210420171501530001_2']</var>
<kw name="Sleep" library="BuiltIn">
<arg>2s</arg>
<doc>Pauses the test executed for the given time.</doc>
<msg timestamp="20210719 10:19:38.486" level="INFO">Slept 2 seconds</msg>
<status status="PASS" starttime="20210719 10:19:36.484" endtime="20210719 10:19:38.486"/>
</kw>
<kw name="Go to Imagestab" library="Sharedwipnavigationkeywords">
<kw name="Sleep" library="BuiltIn">
<arg>3s</arg>
<doc>Pauses the test executed for the given time.</doc>
<msg timestamp="20210719 10:19:41.491" level="INFO">Slept 3 seconds</msg>
<status status="PASS" starttime="20210719 10:19:38.488" endtime="20210719 10:19:41.491"/>
</kw>
<kw name="Wait Until Page Contains Element" library="SeleniumLibrary">
<arg>${Imagestab_lctr}</arg>
<arg>timeout=30s</arg>
<doc>Waits until the element ``locator`` appears on the current page.</doc>
<status status="PASS" starttime="20210719 10:19:41.492" endtime="20210719 10:19:41.503"/>
</kw>
<kw name="Click Element" library="SeleniumLibrary">
<arg>${Imagestab_lctr}</arg>
<doc>Click the element identified by ``locator``.</doc>
<msg timestamp="20210719 10:19:41.504" level="INFO">Clicking element 'xpath://span[@class='x-tab-strip-inner']/span[text()='Images']'.</msg>
<status status="PASS" starttime="20210719 10:19:41.504" endtime="20210719 10:19:41.538"/>
</kw>
<status status="PASS" starttime="20210719 10:19:38.487" endtime="20210719 10:19:41.539"/>
</kw>
<kw name="Wait Until Keyword Succeeds" library="BuiltIn">
<arg>3x</arg>
<arg>4s</arg>
<arg>Sharedwipnavigationkeywords.Go to Folderstab</arg>
<doc>Runs the specified keyword and retries if it fails.</doc>
<kw name="Go to folders tab" library="Sharedwipnavigationkeywords">
<kw name="Sleep" library="BuiltIn">
<arg>3s</arg>
<doc>Pauses the test executed for the given time.</doc>
<msg timestamp="20210719 10:19:44.542" level="INFO">Slept 3 seconds</msg>
<status status="PASS" starttime="20210719 10:19:41.540" endtime="20210719 10:19:44.542"/>
</kw>
<kw name="Wait Until Page Contains Element" library="SeleniumLibrary">
<arg>${foldertab_lctr}</arg>
<arg>timeout=30s</arg>
<doc>Waits until the element ``locator`` appears on the current page.</doc>
<status status="PASS" starttime="20210719 10:19:44.544" endtime="20210719 10:19:44.555"/>
</kw>
<kw name="Click Element" library="SeleniumLibrary">
<arg>${foldertab_lctr}</arg>
<doc>Click the element identified by ``locator``.</doc>
<msg timestamp="20210719 10:19:44.556" level="INFO">Clicking element 'xpath://span[contains(@class,'x-tab-strip-text ') and text() ='Folders']'.</msg>
<status status="PASS" starttime="20210719 10:19:44.555" endtime="20210719 10:19:44.585"/>
</kw>
<status status="PASS" starttime="20210719 10:19:41.540" endtime="20210719 10:19:44.585"/>
</kw>
<status status="PASS" starttime="20210719 10:19:41.540" endtime="20210719 10:19:44.586"/>
</kw>
<kw name="Wait Until Keyword Succeeds" library="BuiltIn">
<arg>3x</arg>
<arg>4s</arg>
<arg>Go to CNIfolder</arg>
<doc>Runs the specified keyword and retries if it fails.</doc>
<kw name="Go to CNIfolder" library="Publicassetnavigationkeywords">
<kw name="Wait Until Page Contains Element" library="SeleniumLibrary">
<arg>${diffmarket_CNIfolder_lctr}</arg>
<arg>timeout=30s</arg>
<doc>Waits until the element ``locator`` appears on the current page.</doc>
<status status="PASS" starttime="20210719 10:19:44.587" endtime="20210719 10:19:44.596"/>
</kw>
<kw name="Double Click Element" library="SeleniumLibrary">
<arg>${diffmarket_CNIfolder_lctr}</arg>
<doc>Double clicks the element identified by ``locator``.</doc>
<msg timestamp="20210719 10:19:44.596" level="INFO">Double clicking element 'xpath://span[text()='CNI']'.</msg>
<status status="PASS" starttime="20210719 10:19:44.596" endtime="20210719 10:19:44.913"/>
</kw>
<status status="PASS" starttime="20210719 10:19:44.587" endtime="20210719 10:19:44.914"/>
</kw>
<status status="PASS" starttime="20210719 10:19:44.586" endtime="20210719 10:19:44.914"/>
</kw>
<kw name="Wait Until Keyword Succeeds" library="BuiltIn">
<arg>3x</arg>
<arg>4s</arg>
<arg>Go to Marketfolder</arg>
<arg>${marketlist}</arg>
<doc>Runs the specified keyword and retries if it fails.</doc>
<kw name="Go to Marketfolder" library="Publicassetnavigationkeywords">
<arg>${marketlist}</arg>
<kw name="Click Element" library="SeleniumLibrary">
<arg>${display_all_lctr}</arg>
<doc>Click the element identified by ``locator``.</doc>
<msg timestamp="20210719 10:19:44.916" level="INFO">Clicking element 'xpath:(//button[text()='Display All'])[1]'.</msg>
<status status="PASS" starttime="20210719 10:19:44.916" endtime="20210719 10:19:45.358"/>
</kw>
<kw name="Set Variable" library="BuiltIn">
<var>${diffmarket_Marketfolder_lctr}</var>
<arg>xpath://div[text()='${markettestinput[0]}']/parent::td</arg>
<doc>Returns the given values which can then be assigned to a variables.</doc>
<msg timestamp="20210719 10:19:45.363" level="INFO">${diffmarket_Marketfolder_lctr} = xpath://div[text()='UK']/parent::td</msg>
<status status="PASS" starttime="20210719 10:19:45.359" endtime="20210719 10:19:45.363"/>
</kw>
<kw name="Wait Until Page Contains Element" library="SeleniumLibrary">
<arg>${diffmarket_Marketfolder_lctr}</arg>
<arg>timeout=30s</arg>
<doc>Waits until the element ``locator`` appears on the current page.</doc>
<status status="PASS" starttime="20210719 10:19:45.365" endtime="20210719 10:19:45.803"/>
</kw>
<kw name="Scroll Element Into View" library="SeleniumLibrary">
<arg>${diffmarket_Marketfolder_lctr}</arg>
<doc>Scrolls the element identified by ``locator`` into view.</doc>
<status status="PASS" starttime="20210719 10:19:45.804" endtime="20210719 10:19:46.084"/>
</kw>
<kw name="Mouse Down" library="SeleniumLibrary">
<arg>${diffmarket_Marketfolder_lctr}</arg>
<doc>Simulates pressing the left mouse button on the element ``locator``.</doc>
<msg timestamp="20210719 10:19:46.085" level="INFO">Simulating Mouse Down on element 'xpath://div[text()='UK']/parent::td'.</msg>
<status status="PASS" starttime="20210719 10:19:46.085" endtime="20210719 10:19:46.382"/>
</kw>
<kw name="Sleep" library="BuiltIn">
<arg>2s</arg>
<doc>Pauses the test executed for the given time.</doc>
<msg timestamp="20210719 10:19:48.389" level="INFO">Slept 2 seconds</msg>
<status status="PASS" starttime="20210719 10:19:46.387" endtime="20210719 10:19:48.389"/>
</kw>
<kw name="Double Click Element" library="SeleniumLibrary">
<arg>${diffmarket_Marketfolder_lctr}</arg>
<doc>Double clicks the element identified by ``locator``.</doc>
<msg timestamp="20210719 10:19:48.391" level="INFO">Double clicking element 'xpath://div[text()='UK']/parent::td'.</msg>
<status status="PASS" starttime="20210719 10:19:48.390" endtime="20210719 10:19:48.708"/>
</kw>
<status status="PASS" starttime="20210719 10:19:44.915" endtime="20210719 10:19:48.709"/>
</kw>
<status status="PASS" starttime="20210719 10:19:44.915" endtime="20210719 10:19:48.710"/>
</kw>
<kw name="Wait Until Keyword Succeeds" library="BuiltIn">
<arg>3x</arg>
<arg>4s</arg>
<arg>Go to Titlefolder</arg>
<arg>${marketlist}</arg>
<doc>Runs the specified keyword and retries if it fails.</doc>
<kw name="Go to Titlefolder" library="Publicassetnavigationkeywords">
<arg>${marketlist}</arg>
<kw name="Set Variable" library="BuiltIn">
<var>${diffmarket_Titlefolder_lctr}</var>
<arg>xpath://div[text()='${markettestinput[1]}']/parent::td</arg>
<doc>Returns the given values which can then be assigned to a variables.</doc>
<msg timestamp="20210719 10:19:48.715" level="INFO">${diffmarket_Titlefolder_lctr} = xpath://div[text()='Glamour']/parent::td</msg>
<status status="PASS" starttime="20210719 10:19:48.711" endtime="20210719 10:19:48.715"/>
</kw>
<kw name="Wait Until Page Contains Element" library="SeleniumLibrary">
<arg>${diffmarket_Titlefolder_lctr}</arg>
<arg>timeout=30s</arg>
<doc>Waits until the element ``locator`` appears on the current page.</doc>
<status status="PASS" starttime="20210719 10:19:48.717" endtime="20210719 10:19:49.056"/>
</kw>
<kw name="Scroll Element Into View" library="SeleniumLibrary">
<arg>${diffmarket_Titlefolder_lctr}</arg>
<doc>Scrolls the element identified by ``locator`` into view.</doc>
<status status="PASS" starttime="20210719 10:19:49.057" endtime="20210719 10:19:49.341"/>
</kw>
<kw name="Mouse Down" library="SeleniumLibrary">
<arg>${diffmarket_Titlefolder_lctr}</arg>
<doc>Simulates pressing the left mouse button on the element ``locator``.</doc>
<msg timestamp="20210719 10:19:49.342" level="INFO">Simulating Mouse Down on element 'xpath://div[text()='Glamour']/parent::td'.</msg>
<status status="PASS" starttime="20210719 10:19:49.342" endtime="20210719 10:19:49.613"/>
</kw>
<kw name="Sleep" library="BuiltIn">
<arg>2s</arg>
<doc>Pauses the test executed for the given time.</doc>
<msg timestamp="20210719 10:19:51.618" level="INFO">Slept 2 seconds</msg>
<status status="PASS" starttime="20210719 10:19:49.615" endtime="20210719 10:19:51.618"/>
</kw>
<kw name="Double Click Element" library="SeleniumLibrary">
<arg>${diffmarket_Titlefolder_lctr}</arg>
<doc>Double clicks the element identified by ``locator``.</doc>
<msg timestamp="20210719 10:19:51.620" level="INFO">Double clicking element 'xpath://div[text()='Glamour']/parent::td'.</msg>
<status status="PASS" starttime="20210719 10:19:51.620" endtime="20210719 10:19:51.917"/>
</kw>
<status status="PASS" starttime="20210719 10:19:48.711" endtime="20210719 10:19:51.918"/>
</kw>
<status status="PASS" starttime="20210719 10:19:48.710" endtime="20210719 10:19:51.918"/>
</kw>
<kw name="Wait Until Keyword Succeeds" library="BuiltIn">
<arg>3x</arg>
<arg>4s</arg>
<arg>Go to diff_sharedwip folder</arg>
<arg>${marketlist}</arg>
<doc>Runs the specified keyword and retries if it fails.</doc>
<kw name="Go to diff_sharedwip folder" library="Sharedwipnavigationkeywords">
<arg>${marketlist}</arg>
<kw name="Sleep" library="BuiltIn">
<arg>3s</arg>
<doc>Pauses the test executed for the given time.</doc>
<msg timestamp="20210719 10:19:54.921" level="INFO">Slept 3 seconds</msg>
<status status="PASS" starttime="20210719 10:19:51.920" endtime="20210719 10:19:54.921"/>
</kw>
<kw name="Set Variable" library="BuiltIn">
<var>${different_publicfolder_lctr}</var>
<arg>xpath://div[text()='${markettestinput[2]}']</arg>
<doc>Returns the given values which can then be assigned to a variables.</doc>
<msg timestamp="20210719 10:19:54.927" level="INFO">${different_publicfolder_lctr} = xpath://div[text()='shared-wip']</msg>
<status status="PASS" starttime="20210719 10:19:54.922" endtime="20210719 10:19:54.927"/>
</kw>
<kw name="Wait Until Page Contains Element" library="SeleniumLibrary">
<arg>${different_publicfolder_lctr}</arg>
<arg>timeout=30s</arg>
<doc>Waits until the element ``locator`` appears on the current page.</doc>
<status status="PASS" starttime="20210719 10:19:54.928" endtime="20210719 10:19:54.938"/>
</kw>
<kw name="Double Click Element" library="SeleniumLibrary">
<arg>${different_publicfolder_lctr}</arg>
<doc>Double clicks the element identified by ``locator``.</doc>
<msg timestamp="20210719 10:19:54.939" level="INFO">Double clicking element 'xpath://div[text()='shared-wip']'.</msg>
<status status="PASS" starttime="20210719 10:19:54.938" endtime="20210719 10:19:55.491"/>
</kw>
<status status="PASS" starttime="20210719 10:19:51.919" endtime="20210719 10:19:55.492"/>
</kw>
<status status="PASS" starttime="20210719 10:19:51.919" endtime="20210719 10:19:55.493"/>
</kw>
<kw name="Wait Until Keyword Succeeds" library="BuiltIn">
<arg>3x</arg>
<arg>4s</arg>
<arg>Go to HIGHRES folder</arg>
<arg>${marketlist}</arg>
<doc>Runs the specified keyword and retries if it fails.</doc>
<kw name="Go to HIGHRES folder" library="Sharedwipnavigationkeywords">
<arg>${marketlist}</arg>
<kw name="Sleep" library="BuiltIn">
<arg>3s</arg>
<doc>Pauses the test executed for the given time.</doc>
<msg timestamp="20210719 10:19:58.495" level="INFO">Slept 3 seconds</msg>
<status status="PASS" starttime="20210719 10:19:55.495" endtime="20210719 10:19:58.495"/>
</kw>
<kw name="Set Variable" library="BuiltIn">
<var>${different_publicfolder_lctr}</var>
<arg>xpath://div[text()='${markettestinput[3]}']</arg>
<doc>Returns the given values which can then be assigned to a variables.</doc>
<msg timestamp="20210719 10:19:58.501" level="INFO">${different_publicfolder_lctr} = xpath://div[text()='HIGH-RES']</msg>
<status status="PASS" starttime="20210719 10:19:58.497" endtime="20210719 10:19:58.502"/>
</kw>
<kw name="Wait Until Page Contains Element" library="SeleniumLibrary">
<arg>${different_publicfolder_lctr}</arg>
<arg>timeout=30s</arg>
<doc>Waits until the element ``locator`` appears on the current page.</doc>
<status status="PASS" starttime="20210719 10:19:58.503" endtime="20210719 10:19:58.514"/>
</kw>
<kw name="Sleep" library="BuiltIn">
<arg>2s</arg>
<doc>Pauses the test executed for the given time.</doc>
<msg timestamp="20210719 10:20:00.516" level="INFO">Slept 2 seconds</msg>
<status status="PASS" starttime="20210719 10:19:58.515" endtime="20210719 10:20:00.516"/>
</kw>
<kw name="Double Click Element" library="SeleniumLibrary">
<arg>${different_publicfolder_lctr}</arg>
<doc>Double clicks the element identified by ``locator``.</doc>
<msg timestamp="20210719 10:20:00.518" level="INFO">Double clicking element 'xpath://div[text()='HIGH-RES']'.</msg>
<status status="PASS" starttime="20210719 10:20:00.517" endtime="20210719 10:20:00.892"/>
</kw>
<status status="PASS" starttime="20210719 10:19:55.494" endtime="20210719 10:20:00.893"/>
</kw>
<status status="PASS" starttime="20210719 10:19:55.493" endtime="20210719 10:20:00.893"/>
</kw>
<kw name="Wait Until Keyword Succeeds" library="BuiltIn">
<arg>3x</arg>
<arg>4s</arg>
<arg>Go to sharedwipsection folder</arg>
<arg>${marketlist}</arg>
<doc>Runs the specified keyword and retries if it fails.</doc>
<kw name="Go to sharedwipsection folder" library="Sharedwipnavigationkeywords">
<arg>${marketlist}</arg>
<kw name="Sleep" library="BuiltIn">
<arg>3s</arg>
<doc>Pauses the test executed for the given time.</doc>
<msg timestamp="20210719 10:20:03.896" level="INFO">Slept 3 seconds</msg>
<status status="PASS" starttime="20210719 10:20:00.895" endtime="20210719 10:20:03.896"/>
</kw>
<kw name="Set Variable" library="BuiltIn">
<var>${own_sharedwipsectionfolder_lctr}</var>
<arg>xpath://div[text()='${markettestinput[4]}']</arg>
<doc>Returns the given values which can then be assigned to a variables.</doc>
<msg timestamp="20210719 10:20:03.901" level="INFO">${own_sharedwipsectionfolder_lctr} = xpath://div[text()='2020 Spring Summer']</msg>
<status status="PASS" starttime="20210719 10:20:03.897" endtime="20210719 10:20:03.901"/>
</kw>
<kw name="Wait Until Page Contains Element" library="SeleniumLibrary">
<arg>${own_sharedwipsectionfolder_lctr}</arg>
<arg>timeout=30s</arg>
<doc>Waits until the element ``locator`` appears on the current page.</doc>
<status status="PASS" starttime="20210719 10:20:03.902" endtime="20210719 10:20:03.912"/>
</kw>
<kw name="Double Click Element" library="SeleniumLibrary">
<arg>${own_sharedwipsectionfolder_lctr}</arg>
<doc>Double clicks the element identified by ``locator``.</doc>
<msg timestamp="20210719 10:20:03.913" level="INFO">Double clicking element 'xpath://div[text()='2020 Spring Summer']'.</msg>
<status status="PASS" starttime="20210719 10:20:03.912" endtime="20210719 10:20:04.216"/>
</kw>
<status status="PASS" starttime="20210719 10:20:00.894" endtime="20210719 10:20:04.217"/>
</kw>
<status status="PASS" starttime="20210719 10:20:00.894" endtime="20210719 10:20:04.217"/>
</kw>
<kw name="Wait Until Keyword Succeeds" library="BuiltIn">
<arg>3x</arg>
<arg>4s</arg>
<arg>Go to feature folder</arg>
<arg>${marketlist}</arg>
<doc>Runs the specified keyword and retries if it fails.</doc>
<kw name="Go to feature folder" library="Sharedwipnavigationkeywords">
<arg>${marketlist}</arg>
<kw name="Sleep" library="BuiltIn">
<arg>3s</arg>
<doc>Pauses the test executed for the given time.</doc>
<msg timestamp="20210719 10:20:07.220" level="INFO">Slept 3 seconds</msg>
<status status="PASS" starttime="20210719 10:20:04.219" endtime="20210719 10:20:07.220"/>
</kw>
<kw name="Set Variable" library="BuiltIn">
<var>${own_featurefolder_lctr}</var>
<arg>xpath://div[text()='${markettestinput[5]}']</arg>
<doc>Returns the given values which can then be assigned to a variables.</doc>
<msg timestamp="20210719 10:20:07.225" level="INFO">${own_featurefolder_lctr} = xpath://div[text()='03-20-STYLE-CoverStarChrissy_583337']</msg>
<status status="PASS" starttime="20210719 10:20:07.221" endtime="20210719 10:20:07.225"/>
</kw>
<kw name="Wait Until Page Contains Element" library="SeleniumLibrary">
<arg>${own_featurefolder_lctr}</arg>
<arg>timeout=30s</arg>
<doc>Waits until the element ``locator`` appears on the current page.</doc>
<status status="PASS" starttime="20210719 10:20:07.226" endtime="20210719 10:20:07.237"/>
</kw>
<kw name="Double Click Element" library="SeleniumLibrary">
<arg>${own_featurefolder_lctr}</arg>
<doc>Double clicks the element identified by ``locator``.</doc>
<msg timestamp="20210719 10:20:07.238" level="INFO">Double clicking element 'xpath://div[text()='03-20-STYLE-CoverStarChrissy_583337']'.</msg>
<status status="PASS" starttime="20210719 10:20:07.238" endtime="20210719 10:20:07.551"/>
</kw>
<status status="PASS" starttime="20210719 10:20:04.218" endtime="20210719 10:20:07.552"/>
</kw>
<status status="PASS" starttime="20210719 10:20:04.218" endtime="20210719 10:20:07.552"/>
</kw>
<kw name="Wait Until Keyword Succeeds" library="BuiltIn">
<arg>3x</arg>
<arg>4s</arg>
<arg>Go to sharedassets folder</arg>
<arg>${marketlist}</arg>
<doc>Runs the specified keyword and retries if it fails.</doc>
<kw name="Go to sharedassets folder" library="Sharedwipnavigationkeywords">
<arg>${marketlist}</arg>
<kw name="Sleep" library="BuiltIn">
<arg>3s</arg>
<doc>Pauses the test executed for the given time.</doc>
<msg timestamp="20210719 10:20:10.554" level="INFO">Slept 3 seconds</msg>
<status status="PASS" starttime="20210719 10:20:07.554" endtime="20210719 10:20:10.555"/>
</kw>
<kw name="Set Variable" library="BuiltIn">
<var>${own_sharedassetsfolder_lctr}</var>
<arg>xpath://div[text()='${markettestinput[6]}']</arg>
<doc>Returns the given values which can then be assigned to a variables.</doc>
<msg timestamp="20210719 10:20:10.559" level="INFO">${own_sharedassetsfolder_lctr} = xpath://div[text()='Assets']</msg>
<status status="PASS" starttime="20210719 10:20:10.556" endtime="20210719 10:20:10.559"/>
</kw>
<kw name="Wait Until Page Contains Element" library="SeleniumLibrary">
<arg>${own_sharedassetsfolder_lctr}</arg>
<arg>timeout=30s</arg>
<doc>Waits until the element ``locator`` appears on the current page.</doc>
<status status="PASS" starttime="20210719 10:20:10.560" endtime="20210719 10:20:10.571"/>
</kw>
<kw name="Double Click Element" library="SeleniumLibrary">
<arg>${own_sharedassetsfolder_lctr}</arg>
<doc>Double clicks the element identified by ``locator``.</doc>
<msg timestamp="20210719 10:20:10.572" level="INFO">Double clicking element 'xpath://div[text()='Assets']'.</msg>
<status status="PASS" starttime="20210719 10:20:10.572" endtime="20210719 10:20:10.952"/>
</kw>
<status status="PASS" starttime="20210719 10:20:07.553" endtime="20210719 10:20:10.953"/>
</kw>
<status status="PASS" starttime="20210719 10:20:07.553" endtime="20210719 10:20:10.953"/>
</kw>
<kw name="Wait Until Keyword Succeeds" library="BuiltIn">
<arg>3x</arg>
<arg>4s</arg>
<arg>Go to published folder</arg>
<arg>${marketlist}</arg>
<doc>Runs the specified keyword and retries if it fails.</doc>
<kw name="Go to published folder" library="Sharedwipnavigationkeywords">
<arg>${marketlist}</arg>
<kw name="Sleep" library="BuiltIn">
<arg>3s</arg>
<doc>Pauses the test executed for the given time.</doc>
<msg timestamp="20210719 10:20:13.955" level="INFO">Slept 3 seconds</msg>
<status status="PASS" starttime="20210719 10:20:10.955" endtime="20210719 10:20:13.955"/>
</kw>
<kw name="Set Variable" library="BuiltIn">
<var>${own_publishedfolder_lctr}</var>
<arg>xpath://div[text()='${markettestinput[7]}']</arg>
<doc>Returns the given values which can then be assigned to a variables.</doc>
<msg timestamp="20210719 10:20:13.960" level="INFO">${own_publishedfolder_lctr} = xpath://div[text()='Published']</msg>
<status status="PASS" starttime="20210719 10:20:13.956" endtime="20210719 10:20:13.960"/>
</kw>
<kw name="Wait Until Page Contains Element" library="SeleniumLibrary">
<arg>${own_publishedfolder_lctr}</arg>
<arg>timeout=30s</arg>
<doc>Waits until the element ``locator`` appears on the current page.</doc>
<status status="PASS" starttime="20210719 10:20:13.960" endtime="20210719 10:20:13.970"/>
</kw>
<kw name="Double Click Element" library="SeleniumLibrary">
<arg>${own_publishedfolder_lctr}</arg>
<doc>Double clicks the element identified by ``locator``.</doc>
<msg timestamp="20210719 10:20:13.970" level="INFO">Double clicking element 'xpath://div[text()='Published']'.</msg>
<status status="PASS" starttime="20210719 10:20:13.970" endtime="20210719 10:20:14.343"/>
</kw>
<status status="PASS" starttime="20210719 10:20:10.954" endtime="20210719 10:20:14.344"/>
</kw>
<status status="PASS" starttime="20210719 10:20:10.954" endtime="20210719 10:20:14.345"/>
</kw>
<kw name="Wait Until Keyword Succeeds" library="BuiltIn">
<arg>3x</arg>
<arg>4s</arg>
<arg>Go to sharedwipasset</arg>
<arg>${marketlist}</arg>
<doc>Runs the specified keyword and retries if it fails.</doc>
<kw name="Go to sharedwipasset" library="Sharedwipnavigationkeywords">
<arg>${marketlist}</arg>
<kw name="Sleep" library="BuiltIn">
<arg>3s</arg>
<doc>Pauses the test executed for the given time.</doc>
<msg timestamp="20210719 10:20:17.349" level="INFO">Slept 3 seconds</msg>
<status status="PASS" starttime="20210719 10:20:14.346" endtime="20210719 10:20:17.349"/>
</kw>
<kw name="Set Variable" library="BuiltIn">
<var>${own_sharedwip_asset_lctr}</var>
<arg>xpath://div[text()='${markettestinput[8]}']</arg>
<doc>Returns the given values which can then be assigned to a variables.</doc>
<msg timestamp="20210719 10:20:17.354" level="INFO">${own_sharedwip_asset_lctr} = xpath://div[text()='210420171501530001_2']</msg>
<status status="PASS" starttime="20210719 10:20:17.350" endtime="20210719 10:20:17.355"/>
</kw>
<kw name="Wait Until Page Contains Element" library="SeleniumLibrary">
<arg>${own_sharedwip_asset_lctr}</arg>
<arg>timeout=30s</arg>
<doc>Waits until the element ``locator`` appears on the current page.</doc>
<status status="PASS" starttime="20210719 10:20:17.355" endtime="20210719 10:20:17.367"/>
</kw>
<kw name="Double Click Element" library="SeleniumLibrary">
<arg>${own_sharedwip_asset_lctr}</arg>
<doc>Double clicks the element identified by ``locator``.</doc>
<msg timestamp="20210719 10:20:17.368" level="INFO">Double clicking element 'xpath://div[text()='210420171501530001_2']'.</msg>
<status status="PASS" starttime="20210719 10:20:17.368" endtime="20210719 10:20:19.456"/>
</kw>
<status status="PASS" starttime="20210719 10:20:14.346" endtime="20210719 10:20:19.457"/>
</kw>
<status status="PASS" starttime="20210719 10:20:14.345" endtime="20210719 10:20:19.458"/>
</kw>
<kw name="Wait Until Keyword Succeeds" library="BuiltIn">
<arg>3x</arg>
<arg>4s</arg>
<arg>Check sharedwipasset thumbnail</arg>
<arg>${marketlist}</arg>
<doc>Runs the specified keyword and retries if it fails.</doc>
<kw name="Check sharedwipasset thumbnail" library="Sharedwipnavigationkeywords">
<arg>${marketlist}</arg>
<kw name="Sleep" library="BuiltIn">
<arg>3s</arg>
<doc>Pauses the test executed for the given time.</doc>
<msg timestamp="20210719 10:20:22.461" level="INFO">Slept 3 seconds</msg>
<status status="PASS" starttime="20210719 10:20:19.460" endtime="20210719 10:20:22.462"/>
</kw>
<kw name="Convert To String" library="BuiltIn">
<var>${assetname}</var>
<arg>${markettestinput[8]}</arg>
<doc>Converts the given item to a Unicode string.</doc>
<msg timestamp="20210719 10:20:22.468" level="INFO">${assetname} = 210420171501530001_2</msg>
<status status="PASS" starttime="20210719 10:20:22.463" endtime="20210719 10:20:22.468"/>
</kw>
<kw name="Replacespaces" library="Csv">
<var>${assetnamewithoutspaces}</var>
<arg>${assetname}</arg>
<msg timestamp="20210719 10:20:22.469" level="INFO">${assetnamewithoutspaces} = 210420171501530001_2</msg>
<status status="PASS" starttime="20210719 10:20:22.469" endtime="20210719 10:20:22.469"/>
</kw>
<kw name="Set Variable" library="BuiltIn">
<var>${own_sharedwip_assetthumbnail_lctr}</var>
<arg>xpath://img[contains(@src,'${assetnamewithoutspaces}')]</arg>
<doc>Returns the given values which can then be assigned to a variables.</doc>
<msg timestamp="20210719 10:20:22.470" level="INFO">${own_sharedwip_assetthumbnail_lctr} = xpath://img[contains(@src,'210420171501530001_2')]</msg>
<status status="PASS" starttime="20210719 10:20:22.470" endtime="20210719 10:20:22.470"/>
</kw>
<kw name="Wait Until Page Contains Element" library="SeleniumLibrary">
<arg>${own_sharedwip_assetthumbnail_lctr}</arg>
<arg>timeout=30s</arg>
<doc>Waits until the element ``locator`` appears on the current page.</doc>
<status status="PASS" starttime="20210719 10:20:22.471" endtime="20210719 10:20:22.483"/>
</kw>
<kw name="Get Element Size" library="SeleniumLibrary">
<var>${sharedwipassettrunkimagesize}</var>
<arg>${own_sharedwip_assetthumbnail_lctr}</arg>
<doc>Returns width and height of the element identified by ``locator``.</doc>
<msg timestamp="20210719 10:20:22.500" level="INFO">${sharedwipassettrunkimagesize} = (0, 0)</msg>
<status status="PASS" starttime="20210719 10:20:22.483" endtime="20210719 10:20:22.500"/>
</kw>
<kw name="Log" library="BuiltIn">
<arg>${sharedwipassettrunkimagesize}</arg>
<doc>Logs the given message with the given level.</doc>
<msg timestamp="20210719 10:20:22.501" level="INFO">(0, 0)</msg>
<status status="PASS" starttime="20210719 10:20:22.501" endtime="20210719 10:20:22.502"/>
</kw>
<status status="PASS" starttime="20210719 10:20:19.459" endtime="20210719 10:20:22.502"/>
</kw>
<status status="PASS" starttime="20210719 10:20:19.459" endtime="20210719 10:20:22.503"/>
</kw>
<kw name="Wait Until Keyword Succeeds" library="BuiltIn">
<arg>3x</arg>
<arg>4s</arg>
<arg>Check downloadoriginalrenditionlink is not present on sharedwip trunk</arg>
<arg>${marketlist}</arg>
<doc>Runs the specified keyword and retries if it fails.</doc>
<kw name="Check downloadoriginalrenditionlink is not present on sharedwip trunk" library="Sharedwipnavigationkeywords">
<arg>${marketlist}</arg>
<kw name="Sleep" library="BuiltIn">
<arg>3s</arg>
<doc>Pauses the test executed for the given time.</doc>
<msg timestamp="20210719 10:20:25.506" level="INFO">Slept 3 seconds</msg>
<status status="PASS" starttime="20210719 10:20:22.504" endtime="20210719 10:20:25.506"/>
</kw>
<kw name="Convert To String" library="BuiltIn">
<var>${assetname}</var>
<arg>${markettestinput[8]}</arg>
<doc>Converts the given item to a Unicode string.</doc>
<msg timestamp="20210719 10:20:25.512" level="INFO">${assetname} = 210420171501530001_2</msg>
<status status="PASS" starttime="20210719 10:20:25.508" endtime="20210719 10:20:25.512"/>
</kw>
<kw name="Replacespaces" library="Csv">
<var>${assetnamewithoutspaces}</var>
<arg>${assetname}</arg>
<msg timestamp="20210719 10:20:25.513" level="INFO">${assetnamewithoutspaces} = 210420171501530001_2</msg>
<status status="PASS" starttime="20210719 10:20:25.513" endtime="20210719 10:20:25.513"/>
</kw>
<kw name="Set Variable" library="BuiltIn">
<var>${own_sharedwip_downloadtrunk_lctr}</var>
<arg>xpath://a[@title='Download' and contains(@href,'${assetnamewithoutspaces}')]</arg>
<doc>Returns the given values which can then be assigned to a variables.</doc>
<msg timestamp="20210719 10:20:25.515" level="INFO">${own_sharedwip_downloadtrunk_lctr} = xpath://a[@title='Download' and contains(@href,'210420171501530001_2')]</msg>
<status status="PASS" starttime="20210719 10:20:25.514" endtime="20210719 10:20:25.515"/>
</kw>
<kw name="Page Should Not Contain Link" library="SeleniumLibrary">
<arg>${own_sharedwip_downloadtrunk_lctr}</arg>
<doc>Verifies link identified by ``locator`` is not found from current page.</doc>
<msg timestamp="20210719 10:20:25.525" level="INFO">Current page does not contain link 'xpath://a[@title='Download' and contains(@href,'210420171501530001_2')]'.</msg>
<status status="PASS" starttime="20210719 10:20:25.515" endtime="20210719 10:20:25.526"/>
</kw>
<status status="PASS" starttime="20210719 10:20:22.504" endtime="20210719 10:20:25.526"/>
</kw>
<status status="PASS" starttime="20210719 10:20:22.503" endtime="20210719 10:20:25.527"/>
</kw>
<status status="PASS" starttime="20210719 10:19:36.483" endtime="20210719 10:20:25.527"/>
</iter>
<iter>
<var name="${marketlist}">['UK', 'Glamour', 'shared-wip', 'HIGH-RES', '2020 Autumn Winter', 'GSTD-16-New Assets_10925', 'Assets', 'Published', 'ML-001']</var>
<kw name="Sleep" library="BuiltIn">
<arg>2s</arg>
<doc>Pauses the test executed for the given time.</doc>
<msg timestamp="20210719 10:20:27.534" level="INFO">Slept 2 seconds</msg>
<status status="PASS" starttime="20210719 10:20:25.528" endtime="20210719 10:20:27.535"/>
</kw>
<kw name="Go to Imagestab" library="Sharedwipnavigationkeywords">
<kw name="Sleep" library="BuiltIn">
<arg>3s</arg>
<doc>Pauses the test executed for the given time.</doc>
<msg timestamp="20210719 10:20:30.540" level="INFO">Slept 3 seconds</msg>
<status status="PASS" starttime="20210719 10:20:27.537" endtime="20210719 10:20:30.541"/>
</kw>
<kw name="Wait Until Page Contains Element" library="SeleniumLibrary">
<arg>${Imagestab_lctr}</arg>
<arg>timeout=30s</arg>
<doc>Waits until the element ``locator`` appears on the current page.</doc>
<status status="PASS" starttime="20210719 10:20:30.543" endtime="20210719 10:20:30.554"/>
</kw>
<kw name="Click Element" library="SeleniumLibrary">
<arg>${Imagestab_lctr}</arg>
<doc>Click the element identified by ``locator``.</doc>
<msg timestamp="20210719 10:20:30.555" level="INFO">Clicking element 'xpath://span[@class='x-tab-strip-inner']/span[text()='Images']'.</msg>
<status status="PASS" starttime="20210719 10:20:30.555" endtime="20210719 10:20:30.663"/>
</kw>
<status status="PASS" starttime="20210719 10:20:27.536" endtime="20210719 10:20:30.663"/>
</kw>
<kw name="Wait Until Keyword Succeeds" library="BuiltIn">
<arg>3x</arg>
<arg>4s</arg>
<arg>Sharedwipnavigationkeywords.Go to Folderstab</arg>
<doc>Runs the specified keyword and retries if it fails.</doc>
<kw name="Go to folders tab" library="Sharedwipnavigationkeywords">
<kw name="Sleep" library="BuiltIn">
<arg>3s</arg>
<doc>Pauses the test executed for the given time.</doc>
<msg timestamp="20210719 10:20:33.666" level="INFO">Slept 3 seconds</msg>
<status status="PASS" starttime="20210719 10:20:30.665" endtime="20210719 10:20:33.666"/>
</kw>
<kw name="Wait Until Page Contains Element" library="SeleniumLibrary">
<arg>${foldertab_lctr}</arg>
<arg>timeout=30s</arg>
<doc>Waits until the element ``locator`` appears on the current page.</doc>
<status status="PASS" starttime="20210719 10:20:33.668" endtime="20210719 10:20:33.679"/>
</kw>
<kw name="Click Element" library="SeleniumLibrary">
<arg>${foldertab_lctr}</arg>
<doc>Click the element identified by ``locator``.</doc>
<msg timestamp="20210719 10:20:33.680" level="INFO">Clicking element 'xpath://span[contains(@class,'x-tab-strip-text ') and text() ='Folders']'.</msg>
<status status="PASS" starttime="20210719 10:20:33.679" endtime="20210719 10:20:33.713"/>
</kw>
<status status="PASS" starttime="20210719 10:20:30.664" endtime="20210719 10:20:33.714"/>
</kw>
<status status="PASS" starttime="20210719 10:20:30.664" endtime="20210719 10:20:33.714"/>
</kw>
<kw name="Wait Until Keyword Succeeds" library="BuiltIn">
<arg>3x</arg>
<arg>4s</arg>
<arg>Go to CNIfolder</arg>
<doc>Runs the specified keyword and retries if it fails.</doc>
<kw name="Go to CNIfolder" library="Publicassetnavigationkeywords">
<kw name="Wait Until Page Contains Element" library="SeleniumLibrary">
<arg>${diffmarket_CNIfolder_lctr}</arg>
<arg>timeout=30s</arg>
<doc>Waits until the element ``locator`` appears on the current page.</doc>
<status status="PASS" starttime="20210719 10:20:33.716" endtime="20210719 10:20:33.725"/>
</kw>
<kw name="Double Click Element" library="SeleniumLibrary">
<arg>${diffmarket_CNIfolder_lctr}</arg>
<doc>Double clicks the element identified by ``locator``.</doc>
<msg timestamp="20210719 10:20:33.726" level="INFO">Double clicking element 'xpath://span[text()='CNI']'.</msg>
<status status="PASS" starttime="20210719 10:20:33.725" endtime="20210719 10:20:34.056"/>
</kw>
<status status="PASS" starttime="20210719 10:20:33.715" endtime="20210719 10:20:34.057"/>
</kw>
<status status="PASS" starttime="20210719 10:20:33.715" endtime="20210719 10:20:34.057"/>
</kw>
<kw name="Wait Until Keyword Succeeds" library="BuiltIn">
<arg>3x</arg>
<arg>4s</arg>
<arg>Go to Marketfolder</arg>
<arg>${marketlist}</arg>
<doc>Runs the specified keyword and retries if it fails.</doc>
<kw name="Go to Marketfolder" library="Publicassetnavigationkeywords">
<arg>${marketlist}</arg>
<kw name="Click Element" library="SeleniumLibrary">
<arg>${display_all_lctr}</arg>
<doc>Click the element identified by ``locator``.</doc>
<msg timestamp="20210719 10:20:34.060" level="INFO">Clicking element 'xpath:(//button[text()='Display All'])[1]'.</msg>
<status status="PASS" starttime="20210719 10:20:34.059" endtime="20210719 10:20:34.417"/>
</kw>
<kw name="Set Variable" library="BuiltIn">
<var>${diffmarket_Marketfolder_lctr}</var>
<arg>xpath://div[text()='${markettestinput[0]}']/parent::td</arg>
<doc>Returns the given values which can then be assigned to a variables.</doc>
<msg timestamp="20210719 10:20:34.423" level="INFO">${diffmarket_Marketfolder_lctr} = xpath://div[text()='UK']/parent::td</msg>
<status status="PASS" starttime="20210719 10:20:34.418" endtime="20210719 10:20:34.423"/>
</kw>
<kw name="Wait Until Page Contains Element" library="SeleniumLibrary">
<arg>${diffmarket_Marketfolder_lctr}</arg>
<arg>timeout=30s</arg>
<doc>Waits until the element ``locator`` appears on the current page.</doc>
<status status="PASS" starttime="20210719 10:20:34.425" endtime="20210719 10:20:34.696"/>
</kw>
<kw name="Scroll Element Into View" library="SeleniumLibrary">
<arg>${diffmarket_Marketfolder_lctr}</arg>
<doc>Scrolls the element identified by ``locator`` into view.</doc>
<status status="PASS" starttime="20210719 10:20:34.696" endtime="20210719 10:20:34.977"/>
</kw>
<kw name="Mouse Down" library="SeleniumLibrary">
<arg>${diffmarket_Marketfolder_lctr}</arg>
<doc>Simulates pressing the left mouse button on the element ``locator``.</doc>
<msg timestamp="20210719 10:20:34.978" level="INFO">Simulating Mouse Down on element 'xpath://div[text()='UK']/parent::td'.</msg>
<status status="PASS" starttime="20210719 10:20:34.977" endtime="20210719 10:20:35.261"/>
</kw>
<kw name="Sleep" library="BuiltIn">
<arg>2s</arg>
<doc>Pauses the test executed for the given time.</doc>
<msg timestamp="20210719 10:20:37.263" level="INFO">Slept 2 seconds</msg>
<status status="PASS" starttime="20210719 10:20:35.262" endtime="20210719 10:20:37.264"/>
</kw>
<kw name="Double Click Element" library="SeleniumLibrary">
<arg>${diffmarket_Marketfolder_lctr}</arg>
<doc>Double clicks the element identified by ``locator``.</doc>
<msg timestamp="20210719 10:20:37.266" level="INFO">Double clicking element 'xpath://div[text()='UK']/parent::td'.</msg>
<status status="PASS" starttime="20210719 10:20:37.265" endtime="20210719 10:20:37.580"/>
</kw>
<status status="PASS" starttime="20210719 10:20:34.058" endtime="20210719 10:20:37.581"/>
</kw>
<status status="PASS" starttime="20210719 10:20:34.058" endtime="20210719 10:20:37.582"/>
</kw>
<kw name="Wait Until Keyword Succeeds" library="BuiltIn">
<arg>3x</arg>
<arg>4s</arg>
<arg>Go to Titlefolder</arg>
<arg>${marketlist}</arg>
<doc>Runs the specified keyword and retries if it fails.</doc>
<kw name="Go to Titlefolder" library="Publicassetnavigationkeywords">
<arg>${marketlist}</arg>
<kw name="Set Variable" library="BuiltIn">
<var>${diffmarket_Titlefolder_lctr}</var>
<arg>xpath://div[text()='${markettestinput[1]}']/parent::td</arg>
<doc>Returns the given values which can then be assigned to a variables.</doc>
<msg timestamp="20210719 10:20:37.588" level="INFO">${diffmarket_Titlefolder_lctr} = xpath://div[text()='Glamour']/parent::td</msg>
<status status="PASS" starttime="20210719 10:20:37.583" endtime="20210719 10:20:37.588"/>
</kw>
<kw name="Wait Until Page Contains Element" library="SeleniumLibrary">
<arg>${diffmarket_Titlefolder_lctr}</arg>
<arg>timeout=30s</arg>
<doc>Waits until the element ``locator`` appears on the current page.</doc>
<status status="PASS" starttime="20210719 10:20:37.589" endtime="20210719 10:20:37.908"/>
</kw>
<kw name="Scroll Element Into View" library="SeleniumLibrary">
<arg>${diffmarket_Titlefolder_lctr}</arg>
<doc>Scrolls the element identified by ``locator`` into view.</doc>
<status status="PASS" starttime="20210719 10:20:37.909" endtime="20210719 10:20:38.186"/>
</kw>
<kw name="Mouse Down" library="SeleniumLibrary">
<arg>${diffmarket_Titlefolder_lctr}</arg>
<doc>Simulates pressing the left mouse button on the element ``locator``.</doc>
<msg timestamp="20210719 10:20:38.187" level="INFO">Simulating Mouse Down on element 'xpath://div[text()='Glamour']/parent::td'.</msg>
<status status="PASS" starttime="20210719 10:20:38.187" endtime="20210719 10:20:38.469"/>
</kw>
<kw name="Sleep" library="BuiltIn">
<arg>2s</arg>
<doc>Pauses the test executed for the given time.</doc>
<msg timestamp="20210719 10:20:40.473" level="INFO">Slept 2 seconds</msg>
<status status="PASS" starttime="20210719 10:20:38.472" endtime="20210719 10:20:40.474"/>
</kw>
<kw name="Double Click Element" library="SeleniumLibrary">
<arg>${diffmarket_Titlefolder_lctr}</arg>
<doc>Double clicks the element identified by ``locator``.</doc>
<msg timestamp="20210719 10:20:40.476" level="INFO">Double clicking element 'xpath://div[text()='Glamour']/parent::td'.</msg>
<status status="PASS" starttime="20210719 10:20:40.475" endtime="20210719 10:20:40.796"/>
</kw>
<status status="PASS" starttime="20210719 10:20:37.583" endtime="20210719 10:20:40.798"/>
</kw>
<status status="PASS" starttime="20210719 10:20:37.582" endtime="20210719 10:20:40.798"/>
</kw>
<kw name="Wait Until Keyword Succeeds" library="BuiltIn">
<arg>3x</arg>
<arg>4s</arg>
<arg>Go to diff_sharedwip folder</arg>
<arg>${marketlist}</arg>
<doc>Runs the specified keyword and retries if it fails.</doc>
<kw name="Go to diff_sharedwip folder" library="Sharedwipnavigationkeywords">
<arg>${marketlist}</arg>
<kw name="Sleep" library="BuiltIn">
<arg>3s</arg>
<doc>Pauses the test executed for the given time.</doc>
<msg timestamp="20210719 10:20:43.801" level="INFO">Slept 3 seconds</msg>
<status status="PASS" starttime="20210719 10:20:40.800" endtime="20210719 10:20:43.801"/>
</kw>
<kw name="Set Variable" library="BuiltIn">
<var>${different_publicfolder_lctr}</var>
<arg>xpath://div[text()='${markettestinput[2]}']</arg>
<doc>Returns the given values which can then be assigned to a variables.</doc>
<msg timestamp="20210719 10:20:43.807" level="INFO">${different_publicfolder_lctr} = xpath://div[text()='shared-wip']</msg>
<status status="PASS" starttime="20210719 10:20:43.803" endtime="20210719 10:20:43.807"/>
</kw>
<kw name="Wait Until Page Contains Element" library="SeleniumLibrary">
<arg>${different_publicfolder_lctr}</arg>
<arg>timeout=30s</arg>
<doc>Waits until the element ``locator`` appears on the current page.</doc>
<status status="PASS" starttime="20210719 10:20:43.808" endtime="20210719 10:20:43.821"/>
</kw>
<kw name="Double Click Element" library="SeleniumLibrary">
<arg>${different_publicfolder_lctr}</arg>
<doc>Double clicks the element identified by ``locator``.</doc>
<msg timestamp="20210719 10:20:43.822" level="INFO">Double clicking element 'xpath://div[text()='shared-wip']'.</msg>
<status status="PASS" starttime="20210719 10:20:43.822" endtime="20210719 10:20:44.136"/>
</kw>
<status status="PASS" starttime="20210719 10:20:40.799" endtime="20210719 10:20:44.137"/>
</kw>
<status status="PASS" starttime="20210719 10:20:40.799" endtime="20210719 10:20:44.137"/>
</kw>
<kw name="Wait Until Keyword Succeeds" library="BuiltIn">
<arg>3x</arg>
<arg>4s</arg>
<arg>Go to HIGHRES folder</arg>
<arg>${marketlist}</arg>
<doc>Runs the specified keyword and retries if it fails.</doc>
<kw name="Go to HIGHRES folder" library="Sharedwipnavigationkeywords">
<arg>${marketlist}</arg>
<kw name="Sleep" library="BuiltIn">
<arg>3s</arg>
<doc>Pauses the test executed for the given time.</doc>
<msg timestamp="20210719 10:20:47.141" level="INFO">Slept 3 seconds</msg>
<status status="PASS" starttime="20210719 10:20:44.139" endtime="20210719 10:20:47.141"/>
</kw>
<kw name="Set Variable" library="BuiltIn">
<var>${different_publicfolder_lctr}</var>
<arg>xpath://div[text()='${markettestinput[3]}']</arg>
<doc>Returns the given values which can then be assigned to a variables.</doc>
<msg timestamp="20210719 10:20:47.146" level="INFO">${different_publicfolder_lctr} = xpath://div[text()='HIGH-RES']</msg>
<status status="PASS" starttime="20210719 10:20:47.142" endtime="20210719 10:20:47.146"/>
</kw>
<kw name="Wait Until Page Contains Element" library="SeleniumLibrary">
<arg>${different_publicfolder_lctr}</arg>
<arg>timeout=30s</arg>
<doc>Waits until the element ``locator`` appears on the current page.</doc>
<status status="PASS" starttime="20210719 10:20:47.147" endtime="20210719 10:20:47.159"/>
</kw>
<kw name="Sleep" library="BuiltIn">
<arg>2s</arg>
<doc>Pauses the test executed for the given time.</doc>
<msg timestamp="20210719 10:20:49.161" level="INFO">Slept 2 seconds</msg>
<status status="PASS" starttime="20210719 10:20:47.160" endtime="20210719 10:20:49.161"/>
</kw>
<kw name="Double Click Element" library="SeleniumLibrary">
<arg>${different_publicfolder_lctr}</arg>
<doc>Double clicks the element identified by ``locator``.</doc>
<msg timestamp="20210719 10:20:49.163" level="INFO">Double clicking element 'xpath://div[text()='HIGH-RES']'.</msg>
<status status="PASS" starttime="20210719 10:20:49.162" endtime="20210719 10:20:49.490"/>
</kw>
<status status="PASS" starttime="20210719 10:20:44.138" endtime="20210719 10:20:49.491"/>
</kw>
<status status="PASS" starttime="20210719 10:20:44.138" endtime="20210719 10:20:49.491"/>
</kw>
<kw name="Wait Until Keyword Succeeds" library="BuiltIn">
<arg>3x</arg>
<arg>4s</arg>
<arg>Go to sharedwipsection folder</arg>
<arg>${marketlist}</arg>
<doc>Runs the specified keyword and retries if it fails.</doc>
<kw name="Go to sharedwipsection folder" library="Sharedwipnavigationkeywords">
<arg>${marketlist}</arg>
<kw name="Sleep" library="BuiltIn">
<arg>3s</arg>
<doc>Pauses the test executed for the given time.</doc>
<msg timestamp="20210719 10:20:52.494" level="INFO">Slept 3 seconds</msg>
<status status="PASS" starttime="20210719 10:20:49.493" endtime="20210719 10:20:52.494"/>
</kw>
<kw name="Set Variable" library="BuiltIn">
<var>${own_sharedwipsectionfolder_lctr}</var>
<arg>xpath://div[text()='${markettestinput[4]}']</arg>
<doc>Returns the given values which can then be assigned to a variables.</doc>
<msg timestamp="20210719 10:20:52.499" level="INFO">${own_sharedwipsectionfolder_lctr} = xpath://div[text()='2020 Autumn Winter']</msg>
<status status="PASS" starttime="20210719 10:20:52.495" endtime="20210719 10:20:52.499"/>
</kw>
<kw name="Wait Until Page Contains Element" library="SeleniumLibrary">
<arg>${own_sharedwipsectionfolder_lctr}</arg>
<arg>timeout=30s</arg>
<doc>Waits until the element ``locator`` appears on the current page.</doc>
<status status="PASS" starttime="20210719 10:20:52.500" endtime="20210719 10:20:52.512"/>
</kw>
<kw name="Double Click Element" library="SeleniumLibrary">
<arg>${own_sharedwipsectionfolder_lctr}</arg>
<doc>Double clicks the element identified by ``locator``.</doc>
<msg timestamp="20210719 10:20:52.513" level="INFO">Double clicking element 'xpath://div[text()='2020 Autumn Winter']'.</msg>
<status status="PASS" starttime="20210719 10:20:52.512" endtime="20210719 10:20:52.848"/>
</kw>
<status status="PASS" starttime="20210719 10:20:49.492" endtime="20210719 10:20:52.849"/>
</kw>
<status status="PASS" starttime="20210719 10:20:49.492" endtime="20210719 10:20:52.849"/>
</kw>
<kw name="Wait Until Keyword Succeeds" library="BuiltIn">
<arg>3x</arg>
<arg>4s</arg>
<arg>Go to feature folder</arg>
<arg>${marketlist}</arg>
<doc>Runs the specified keyword and retries if it fails.</doc>
<kw name="Go to feature folder" library="Sharedwipnavigationkeywords">
<arg>${marketlist}</arg>
<kw name="Sleep" library="BuiltIn">
<arg>3s</arg>
<doc>Pauses the test executed for the given time.</doc>
<msg timestamp="20210719 10:20:55.852" level="INFO">Slept 3 seconds</msg>
<status status="PASS" starttime="20210719 10:20:52.851" endtime="20210719 10:20:55.852"/>
</kw>
<kw name="Set Variable" library="BuiltIn">
<var>${own_featurefolder_lctr}</var>
<arg>xpath://div[text()='${markettestinput[5]}']</arg>
<doc>Returns the given values which can then be assigned to a variables.</doc>
<msg timestamp="20210719 10:20:55.857" level="INFO">${own_featurefolder_lctr} = xpath://div[text()='GSTD-16-New Assets_10925']</msg>
<status status="PASS" starttime="20210719 10:20:55.853" endtime="20210719 10:20:55.857"/>
</kw>
<kw name="Wait Until Page Contains Element" library="SeleniumLibrary">
<arg>${own_featurefolder_lctr}</arg>
<arg>timeout=30s</arg>
<doc>Waits until the element ``locator`` appears on the current page.</doc>
<status status="PASS" starttime="20210719 10:20:55.858" endtime="20210719 10:20:55.870"/>
</kw>
<kw name="Double Click Element" library="SeleniumLibrary">
<arg>${own_featurefolder_lctr}</arg>
<doc>Double clicks the element identified by ``locator``.</doc>
<msg timestamp="20210719 10:20:55.872" level="INFO">Double clicking element 'xpath://div[text()='GSTD-16-New Assets_10925']'.</msg>
<status status="PASS" starttime="20210719 10:20:55.871" endtime="20210719 10:20:56.223"/>
</kw>
<status status="PASS" starttime="20210719 10:20:52.850" endtime="20210719 10:20:56.225"/>
</kw>
<status status="PASS" starttime="20210719 10:20:52.850" endtime="20210719 10:20:56.226"/>
</kw>
<kw name="Wait Until Keyword Succeeds" library="BuiltIn">
<arg>3x</arg>
<arg>4s</arg>
<arg>Go to sharedassets folder</arg>
<arg>${marketlist}</arg>
<doc>Runs the specified keyword and retries if it fails.</doc>
<kw name="Go to sharedassets folder" library="Sharedwipnavigationkeywords">
<arg>${marketlist}</arg>
<kw name="Sleep" library="BuiltIn">
<arg>3s</arg>
<doc>Pauses the test executed for the given time.</doc>
<msg timestamp="20210719 10:20:59.229" level="INFO">Slept 3 seconds</msg>
<status status="PASS" starttime="20210719 10:20:56.228" endtime="20210719 10:20:59.229"/>
</kw>
<kw name="Set Variable" library="BuiltIn">
<var>${own_sharedassetsfolder_lctr}</var>
<arg>xpath://div[text()='${markettestinput[6]}']</arg>
<doc>Returns the given values which can then be assigned to a variables.</doc>
<msg timestamp="20210719 10:20:59.234" level="INFO">${own_sharedassetsfolder_lctr} = xpath://div[text()='Assets']</msg>
<status status="PASS" starttime="20210719 10:20:59.230" endtime="20210719 10:20:59.234"/>
</kw>
<kw name="Wait Until Page Contains Element" library="SeleniumLibrary">
<arg>${own_sharedassetsfolder_lctr}</arg>
<arg>timeout=30s</arg>
<doc>Waits until the element ``locator`` appears on the current page.</doc>
<status status="PASS" starttime="20210719 10:20:59.234" endtime="20210719 10:20:59.246"/>
</kw>
<kw name="Double Click Element" library="SeleniumLibrary">
<arg>${own_sharedassetsfolder_lctr}</arg>
<doc>Double clicks the element identified by ``locator``.</doc>
<msg timestamp="20210719 10:20:59.247" level="INFO">Double clicking element 'xpath://div[text()='Assets']'.</msg>
<status status="PASS" starttime="20210719 10:20:59.247" endtime="20210719 10:20:59.578"/>
</kw>
<status status="PASS" starttime="20210719 10:20:56.227" endtime="20210719 10:20:59.579"/>
</kw>
<status status="PASS" starttime="20210719 10:20:56.226" endtime="20210719 10:20:59.579"/>
</kw>
<kw name="Wait Until Keyword Succeeds" library="BuiltIn">
<arg>3x</arg>
<arg>4s</arg>
<arg>Go to published folder</arg>
<arg>${marketlist}</arg>
<doc>Runs the specified keyword and retries if it fails.</doc>
<kw name="Go to published folder" library="Sharedwipnavigationkeywords">
<arg>${marketlist}</arg>
<kw name="Sleep" library="BuiltIn">
<arg>3s</arg>
<doc>Pauses the test executed for the given time.</doc>
<msg timestamp="20210719 10:21:02.583" level="INFO">Slept 3 seconds</msg>
<status status="PASS" starttime="20210719 10:20:59.581" endtime="20210719 10:21:02.583"/>
</kw>
<kw name="Set Variable" library="BuiltIn">
<var>${own_publishedfolder_lctr}</var>
<arg>xpath://div[text()='${markettestinput[7]}']</arg>
<doc>Returns the given values which can then be assigned to a variables.</doc>
<msg timestamp="20210719 10:21:02.588" level="INFO">${own_publishedfolder_lctr} = xpath://div[text()='Published']</msg>
<status status="PASS" starttime="20210719 10:21:02.584" endtime="20210719 10:21:02.588"/>
</kw>
<kw name="Wait Until Page Contains Element" library="SeleniumLibrary">
<arg>${own_publishedfolder_lctr}</arg>
<arg>timeout=30s</arg>
<doc>Waits until the element ``locator`` appears on the current page.</doc>
<status status="PASS" starttime="20210719 10:21:02.589" endtime="20210719 10:21:02.601"/>
</kw>
<kw name="Double Click Element" library="SeleniumLibrary">
<arg>${own_publishedfolder_lctr}</arg>
<doc>Double clicks the element identified by ``locator``.</doc>
<msg timestamp="20210719 10:21:02.602" level="INFO">Double clicking element 'xpath://div[text()='Published']'.</msg>
<status status="PASS" starttime="20210719 10:21:02.602" endtime="20210719 10:21:02.940"/>
</kw>
<status status="PASS" starttime="20210719 10:20:59.580" endtime="20210719 10:21:02.941"/>
</kw>
<status status="PASS" starttime="20210719 10:20:59.580" endtime="20210719 10:21:02.942"/>
</kw>
<kw name="Wait Until Keyword Succeeds" library="BuiltIn">
<arg>3x</arg>
<arg>4s</arg>
<arg>Go to sharedwipasset</arg>
<arg>${marketlist}</arg>
<doc>Runs the specified keyword and retries if it fails.</doc>
<kw name="Go to sharedwipasset" library="Sharedwipnavigationkeywords">
<arg>${marketlist}</arg>
<kw name="Sleep" library="BuiltIn">
<arg>3s</arg>
<doc>Pauses the test executed for the given time.</doc>
<msg timestamp="20210719 10:21:05.944" level="INFO">Slept 3 seconds</msg>
<status status="PASS" starttime="20210719 10:21:02.943" endtime="20210719 10:21:05.945"/>
</kw>
<kw name="Set Variable" library="BuiltIn">
<var>${own_sharedwip_asset_lctr}</var>
<arg>xpath://div[text()='${markettestinput[8]}']</arg>
<doc>Returns the given values which can then be assigned to a variables.</doc>
<msg timestamp="20210719 10:21:05.950" level="INFO">${own_sharedwip_asset_lctr} = xpath://div[text()='ML-001']</msg>
<status status="PASS" starttime="20210719 10:21:05.946" endtime="20210719 10:21:05.950"/>
</kw>
<kw name="Wait Until Page Contains Element" library="SeleniumLibrary">
<arg>${own_sharedwip_asset_lctr}</arg>
<arg>timeout=30s</arg>
<doc>Waits until the element ``locator`` appears on the current page.</doc>
<status status="PASS" starttime="20210719 10:21:05.951" endtime="20210719 10:21:05.964"/>
</kw>
<kw name="Double Click Element" library="SeleniumLibrary">
<arg>${own_sharedwip_asset_lctr}</arg>
<doc>Double clicks the element identified by ``locator``.</doc>
<msg timestamp="20210719 10:21:05.965" level="INFO">Double clicking element 'xpath://div[text()='ML-001']'.</msg>
<status status="PASS" starttime="20210719 10:21:05.965" endtime="20210719 10:21:08.251"/>
</kw>
<status status="PASS" starttime="20210719 10:21:02.943" endtime="20210719 10:21:08.254"/>
</kw>
<status status="PASS" starttime="20210719 10:21:02.942" endtime="20210719 10:21:08.255"/>
</kw>
<kw name="Wait Until Keyword Succeeds" library="BuiltIn">
<arg>3x</arg>
<arg>4s</arg>
<arg>Check sharedwipasset thumbnail</arg>
<arg>${marketlist}</arg>
<doc>Runs the specified keyword and retries if it fails.</doc>
<kw name="Check sharedwipasset thumbnail" library="Sharedwipnavigationkeywords">
<arg>${marketlist}</arg>
<kw name="Sleep" library="BuiltIn">
<arg>3s</arg>
<doc>Pauses the test executed for the given time.</doc>
<msg timestamp="20210719 10:21:11.258" level="INFO">Slept 3 seconds</msg>
<status status="PASS" starttime="20210719 10:21:08.257" endtime="20210719 10:21:11.259"/>
</kw>
<kw name="Convert To String" library="BuiltIn">
<var>${assetname}</var>
<arg>${markettestinput[8]}</arg>
<doc>Converts the given item to a Unicode string.</doc>
<msg timestamp="20210719 10:21:11.263" level="INFO">${assetname} = ML-001</msg>
<status status="PASS" starttime="20210719 10:21:11.259" endtime="20210719 10:21:11.263"/>
</kw>
<kw name="Replacespaces" library="Csv">
<var>${assetnamewithoutspaces}</var>
<arg>${assetname}</arg>
<msg timestamp="20210719 10:21:11.264" level="INFO">${assetnamewithoutspaces} = ML-001</msg>
<status status="PASS" starttime="20210719 10:21:11.264" endtime="20210719 10:21:11.264"/>
</kw>
<kw name="Set Variable" library="BuiltIn">
<var>${own_sharedwip_assetthumbnail_lctr}</var>
<arg>xpath://img[contains(@src,'${assetnamewithoutspaces}')]</arg>
<doc>Returns the given values which can then be assigned to a variables.</doc>
<msg timestamp="20210719 10:21:11.265" level="INFO">${own_sharedwip_assetthumbnail_lctr} = xpath://img[contains(@src,'ML-001')]</msg>
<status status="PASS" starttime="20210719 10:21:11.264" endtime="20210719 10:21:11.265"/>
</kw>
<kw name="Wait Until Page Contains Element" library="SeleniumLibrary">
<arg>${own_sharedwip_assetthumbnail_lctr}</arg>
<arg>timeout=30s</arg>
<doc>Waits until the element ``locator`` appears on the current page.</doc>
<status status="PASS" starttime="20210719 10:21:11.265" endtime="20210719 10:21:11.277"/>
</kw>
<kw name="Get Element Size" library="SeleniumLibrary">
<var>${sharedwipassettrunkimagesize}</var>
<arg>${own_sharedwip_assetthumbnail_lctr}</arg>
[...]
</kw>
<kw name="Element Should Contain" library="SeleniumLibrary">
<arg>${welcomemessage_lctr}</arg>
<arg>${usernameinput}</arg>
<doc>Verifies that element ``locator`` contains text ``expected``.</doc>
<msg timestamp="20210719 10:21:27.956" level="INFO">Element 'xpath://div[@id='welcome-message']' contains text 'uk-wired-piced@condenast.com'.</msg>
<status status="PASS" starttime="20210719 10:21:27.938" endtime="20210719 10:21:27.957"/>
</kw>
<status status="PASS" starttime="20210719 10:21:23.349" endtime="20210719 10:21:27.958"/>
</kw>
<kw name="Get Title" library="SeleniumLibrary">
<var>${act_title}</var>
<doc>Returns the title of the current page.</doc>
<msg timestamp="20210719 10:21:27.962" level="INFO">${act_title} = Staging EMEA | Welcome to AEM</msg>
<status status="PASS" starttime="20210719 10:21:27.958" endtime="20210719 10:21:27.962"/>
</kw>
<kw name="Run Keyword If" library="BuiltIn">
<arg>'${act_title}' == '${expectedpagetitle_emea}' and '${SiteUrl}' == '${expectedsiteurl_emea}' or '${act_title}' == '${expectedpagetitle_apac}' and '${SiteUrl}' == '${expectedsiteurl_apac}'</arg>
<arg>Verify successful login</arg>
<arg>ELSE</arg>
<arg>Verify unsuccessful login</arg>
<doc>Runs the given keyword with the given arguments, if ``condition`` is true.</doc>
<kw name="Verify successful login" library="LoginKeywords">
<kw name="Log" library="BuiltIn">
<arg>**********Login test is passed**********</arg>
<doc>Logs the given message with the given level.</doc>
<msg timestamp="20210719 10:21:27.965" level="INFO">**********Login test is passed**********</msg>
<status status="PASS" starttime="20210719 10:21:27.965" endtime="20210719 10:21:27.965"/>
</kw>
<kw name="Log Title" library="SeleniumLibrary">
<doc>Logs and returns the title of the current page.</doc>
<msg timestamp="20210719 10:21:27.970" level="INFO">Staging EMEA | Welcome to AEM</msg>
<status status="PASS" starttime="20210719 10:21:27.966" endtime="20210719 10:21:27.970"/>
</kw>
<status status="PASS" starttime="20210719 10:21:27.964" endtime="20210719 10:21:27.971"/>
</kw>
<status status="PASS" starttime="20210719 10:21:27.963" endtime="20210719 10:21:27.972"/>
</kw>
<kw name="Run Keyword If" library="BuiltIn">
<arg>'${userrole}' == 'piced' or '${userrole}' == 'ebt'</arg>
<arg>Welcomepagetabscheck_ebtorpiced</arg>
<arg>ELSE</arg>
<arg>Welcomepagetabscheck_globaladmin</arg>
<doc>Runs the given keyword with the given arguments, if ``condition`` is true.</doc>
<kw name="Welcomepagetabscheck_ebtorpiced" library="LoginKeywords">
<kw name="Wait Until Page Contains Element" library="SeleniumLibrary">
<arg>${tabcontent_lctr}</arg>
<arg>timeout=30s</arg>
<doc>Waits until the element ``locator`` appears on the current page.</doc>
<status status="PASS" starttime="20210719 10:21:27.973" endtime="20210719 10:21:27.983"/>
</kw>
<kw name="Get Element Count" library="SeleniumLibrary">
<var>${AllTabsCount}</var>
<arg>${tabcontent_lctr}</arg>
<doc>Returns the number of elements matching ``locator``.</doc>
<msg timestamp="20210719 10:21:27.992" level="INFO">${AllTabsCount} = 10</msg>
<status status="PASS" starttime="20210719 10:21:27.983" endtime="20210719 10:21:27.992"/>
</kw>
<kw name="Get WebElements" library="SeleniumLibrary">
<var>@{TabItems}</var>
<arg>${tabcontent_lctr}</arg>
<doc>Returns a list of WebElement objects matching the ``locator``.</doc>
<msg timestamp="20210719 10:21:27.999" level="INFO">@{TabItems} = [ &lt;selenium.webdriver.remote.webelement.WebElement (session="5ae571663e707e336fdd63ffd1debbe5", element="3b5457fd-6cd9-4cfd-b282-617f1e95739e")&gt; | &lt;selenium.webdriver.remote.webelement.WebElement (ses...</msg>
<status status="PASS" starttime="20210719 10:21:27.992" endtime="20210719 10:21:27.999"/>
</kw>
<kw name="Log" library="BuiltIn">
<arg>${AllTabsCount}</arg>
<doc>Logs the given message with the given level.</doc>
<msg timestamp="20210719 10:21:28.000" level="INFO">10</msg>
<status status="PASS" starttime="20210719 10:21:28.000" endtime="20210719 10:21:28.000"/>
</kw>
<for flavor="IN RANGE">
<var>${i}</var>
<value>0</value>
<value>${${AllTabsCount}}</value>
<iter>
<var name="${i}">0</var>
<kw name="Get Text" library="SeleniumLibrary">
<var>${TabText}</var>
<arg>${TabItems}[${i}]</arg>
<doc>Returns the text value of the element identified by ``locator``.</doc>
<msg timestamp="20210719 10:21:28.015" level="INFO">${TabText} = Images</msg>
<status status="PASS" starttime="20210719 10:21:28.005" endtime="20210719 10:21:28.015"/>
</kw>
<kw name="Log" library="BuiltIn">
<arg>${TabText}</arg>
<doc>Logs the given message with the given level.</doc>
<msg timestamp="20210719 10:21:28.016" level="INFO">Images</msg>
<status status="PASS" starttime="20210719 10:21:28.016" endtime="20210719 10:21:28.017"/>
</kw>
<kw name="Log" library="BuiltIn">
<arg>${welcomepagetabs}[${i}]</arg>
<doc>Logs the given message with the given level.</doc>
<msg timestamp="20210719 10:21:28.018" level="INFO">Images</msg>
<status status="PASS" starttime="20210719 10:21:28.017" endtime="20210719 10:21:28.018"/>
</kw>
<kw name="Run Keyword If" library="BuiltIn">
<arg>'${welcomepagetabs}[${i}]' == '${TabText}'</arg>
<arg>Log</arg>
<arg>pass</arg>
<arg>ELSE</arg>
<arg>FAIL</arg>
<arg>***Title mismatch***</arg>
<doc>Runs the given keyword with the given arguments, if ``condition`` is true.</doc>
<kw name="Log" library="BuiltIn">
<arg>pass</arg>
<doc>Logs the given message with the given level.</doc>
<msg timestamp="20210719 10:21:28.019" level="INFO">pass</msg>
<status status="PASS" starttime="20210719 10:21:28.019" endtime="20210719 10:21:28.020"/>
</kw>
<status status="PASS" starttime="20210719 10:21:28.018" endtime="20210719 10:21:28.020"/>
</kw>
<status status="PASS" starttime="20210719 10:21:28.005" endtime="20210719 10:21:28.021"/>
</iter>
<iter>
<var name="${i}">1</var>
<kw name="Get Text" library="SeleniumLibrary">
<var>${TabText}</var>
<arg>${TabItems}[${i}]</arg>
<doc>Returns the text value of the element identified by ``locator``.</doc>
<msg timestamp="20210719 10:21:28.034" level="INFO">${TabText} = Images - Touch UI</msg>
<status status="PASS" starttime="20210719 10:21:28.021" endtime="20210719 10:21:28.034"/>
</kw>
<kw name="Log" library="BuiltIn">
<arg>${TabText}</arg>
<doc>Logs the given message with the given level.</doc>
<msg timestamp="20210719 10:21:28.036" level="INFO">Images - Touch UI</msg>
<status status="PASS" starttime="20210719 10:21:28.035" endtime="20210719 10:21:28.036"/>
</kw>
<kw name="Log" library="BuiltIn">
<arg>${welcomepagetabs}[${i}]</arg>
<doc>Logs the given message with the given level.</doc>
<msg timestamp="20210719 10:21:28.041" level="INFO">Images - Touch UI</msg>
<status status="PASS" starttime="20210719 10:21:28.040" endtime="20210719 10:21:28.041"/>
</kw>
<kw name="Run Keyword If" library="BuiltIn">
<arg>'${welcomepagetabs}[${i}]' == '${TabText}'</arg>
<arg>Log</arg>
<arg>pass</arg>
<arg>ELSE</arg>
<arg>FAIL</arg>
<arg>***Title mismatch***</arg>
<doc>Runs the given keyword with the given arguments, if ``condition`` is true.</doc>
<kw name="Log" library="BuiltIn">
<arg>pass</arg>
<doc>Logs the given message with the given level.</doc>
<msg timestamp="20210719 10:21:28.047" level="INFO">pass</msg>
<status status="PASS" starttime="20210719 10:21:28.046" endtime="20210719 10:21:28.047"/>
</kw>
<status status="PASS" starttime="20210719 10:21:28.046" endtime="20210719 10:21:28.047"/>
</kw>
<status status="PASS" starttime="20210719 10:21:28.021" endtime="20210719 10:21:28.048"/>
</iter>
<iter>
<var name="${i}">2</var>
<kw name="Get Text" library="SeleniumLibrary">
<var>${TabText}</var>
<arg>${TabItems}[${i}]</arg>
<doc>Returns the text value of the element identified by ``locator``.</doc>
<msg timestamp="20210719 10:21:28.059" level="INFO">${TabText} = Publications</msg>
<status status="PASS" starttime="20210719 10:21:28.048" endtime="20210719 10:21:28.059"/>
</kw>
<kw name="Log" library="BuiltIn">
<arg>${TabText}</arg>
<doc>Logs the given message with the given level.</doc>
<msg timestamp="20210719 10:21:28.060" level="INFO">Publications</msg>
<status status="PASS" starttime="20210719 10:21:28.060" endtime="20210719 10:21:28.060"/>
</kw>
<kw name="Log" library="BuiltIn">
<arg>${welcomepagetabs}[${i}]</arg>
<doc>Logs the given message with the given level.</doc>
<msg timestamp="20210719 10:21:28.061" level="INFO">Publications</msg>
<status status="PASS" starttime="20210719 10:21:28.061" endtime="20210719 10:21:28.061"/>
</kw>
<kw name="Run Keyword If" library="BuiltIn">
<arg>'${welcomepagetabs}[${i}]' == '${TabText}'</arg>
<arg>Log</arg>
<arg>pass</arg>
<arg>ELSE</arg>
<arg>FAIL</arg>
<arg>***Title mismatch***</arg>
<doc>Runs the given keyword with the given arguments, if ``condition`` is true.</doc>
<kw name="Log" library="BuiltIn">
<arg>pass</arg>
<doc>Logs the given message with the given level.</doc>
<msg timestamp="20210719 10:21:28.063" level="INFO">pass</msg>
<status status="PASS" starttime="20210719 10:21:28.063" endtime="20210719 10:21:28.063"/>
</kw>
<status status="PASS" starttime="20210719 10:21:28.062" endtime="20210719 10:21:28.064"/>
</kw>
<status status="PASS" starttime="20210719 10:21:28.048" endtime="20210719 10:21:28.064"/>
</iter>
<iter>
<var name="${i}">3</var>
<kw name="Get Text" library="SeleniumLibrary">
<var>${TabText}</var>
<arg>${TabItems}[${i}]</arg>
<doc>Returns the text value of the element identified by ``locator``.</doc>
<msg timestamp="20210719 10:21:28.076" level="INFO">${TabText} = Content creators contracts</msg>
<status status="PASS" starttime="20210719 10:21:28.065" endtime="20210719 10:21:28.076"/>
</kw>
<kw name="Log" library="BuiltIn">
<arg>${TabText}</arg>
<doc>Logs the given message with the given level.</doc>
<msg timestamp="20210719 10:21:28.078" level="INFO">Content creators contracts</msg>
<status status="PASS" starttime="20210719 10:21:28.077" endtime="20210719 10:21:28.078"/>
</kw>
<kw name="Log" library="BuiltIn">
<arg>${welcomepagetabs}[${i}]</arg>
<doc>Logs the given message with the given level.</doc>
<msg timestamp="20210719 10:21:28.079" level="INFO">Content creators contracts</msg>
<status status="PASS" starttime="20210719 10:21:28.079" endtime="20210719 10:21:28.079"/>
</kw>
<kw name="Run Keyword If" library="BuiltIn">
<arg>'${welcomepagetabs}[${i}]' == '${TabText}'</arg>
<arg>Log</arg>
<arg>pass</arg>
<arg>ELSE</arg>
<arg>FAIL</arg>
<arg>***Title mismatch***</arg>
<doc>Runs the given keyword with the given arguments, if ``condition`` is true.</doc>
<kw name="Log" library="BuiltIn">
<arg>pass</arg>
<doc>Logs the given message with the given level.</doc>
<msg timestamp="20210719 10:21:28.081" level="INFO">pass</msg>
<status status="PASS" starttime="20210719 10:21:28.081" endtime="20210719 10:21:28.081"/>
</kw>
<status status="PASS" starttime="20210719 10:21:28.080" endtime="20210719 10:21:28.082"/>
</kw>
<status status="PASS" starttime="20210719 10:21:28.064" endtime="20210719 10:21:28.083"/>
</iter>
<iter>
<var name="${i}">4</var>
<kw name="Get Text" library="SeleniumLibrary">
<var>${TabText}</var>
<arg>${TabItems}[${i}]</arg>
<doc>Returns the text value of the element identified by ``locator``.</doc>
<msg timestamp="20210719 10:21:28.098" level="INFO">${TabText} = Videos</msg>
<status status="PASS" starttime="20210719 10:21:28.084" endtime="20210719 10:21:28.099"/>
</kw>
<kw name="Log" library="BuiltIn">
<arg>${TabText}</arg>
<doc>Logs the given message with the given level.</doc>
<msg timestamp="20210719 10:21:28.101" level="INFO">Videos</msg>
<status status="PASS" starttime="20210719 10:21:28.100" endtime="20210719 10:21:28.101"/>
</kw>
<kw name="Log" library="BuiltIn">
<arg>${welcomepagetabs}[${i}]</arg>
<doc>Logs the given message with the given level.</doc>
<msg timestamp="20210719 10:21:28.103" level="INFO">Videos</msg>
<status status="PASS" starttime="20210719 10:21:28.102" endtime="20210719 10:21:28.103"/>
</kw>
<kw name="Run Keyword If" library="BuiltIn">
<arg>'${welcomepagetabs}[${i}]' == '${TabText}'</arg>
<arg>Log</arg>
<arg>pass</arg>
<arg>ELSE</arg>
<arg>FAIL</arg>
<arg>***Title mismatch***</arg>
<doc>Runs the given keyword with the given arguments, if ``condition`` is true.</doc>
<kw name="Log" library="BuiltIn">
<arg>pass</arg>
<doc>Logs the given message with the given level.</doc>
<msg timestamp="20210719 10:21:28.106" level="INFO">pass</msg>
<status status="PASS" starttime="20210719 10:21:28.106" endtime="20210719 10:21:28.106"/>
</kw>
<status status="PASS" starttime="20210719 10:21:28.105" endtime="20210719 10:21:28.107"/>
</kw>
<status status="PASS" starttime="20210719 10:21:28.084" endtime="20210719 10:21:28.107"/>
</iter>
<iter>
<var name="${i}">5</var>
<kw name="Get Text" library="SeleniumLibrary">
<var>${TabText}</var>
<arg>${TabItems}[${i}]</arg>
<doc>Returns the text value of the element identified by ``locator``.</doc>
<msg timestamp="20210719 10:21:28.119" level="INFO">${TabText} = Syndication after publication</msg>
<status status="PASS" starttime="20210719 10:21:28.108" endtime="20210719 10:21:28.119"/>
</kw>
<kw name="Log" library="BuiltIn">
<arg>${TabText}</arg>
<doc>Logs the given message with the given level.</doc>
<msg timestamp="20210719 10:21:28.121" level="INFO">Syndication after publication</msg>
<status status="PASS" starttime="20210719 10:21:28.121" endtime="20210719 10:21:28.122"/>
</kw>
<kw name="Log" library="BuiltIn">
<arg>${welcomepagetabs}[${i}]</arg>
<doc>Logs the given message with the given level.</doc>
<msg timestamp="20210719 10:21:28.123" level="INFO">Syndication after publication</msg>
<status status="PASS" starttime="20210719 10:21:28.122" endtime="20210719 10:21:28.123"/>
</kw>
<kw name="Run Keyword If" library="BuiltIn">
<arg>'${welcomepagetabs}[${i}]' == '${TabText}'</arg>
<arg>Log</arg>
<arg>pass</arg>
<arg>ELSE</arg>
<arg>FAIL</arg>
<arg>***Title mismatch***</arg>
<doc>Runs the given keyword with the given arguments, if ``condition`` is true.</doc>
<kw name="Log" library="BuiltIn">
<arg>pass</arg>
<doc>Logs the given message with the given level.</doc>
<msg timestamp="20210719 10:21:28.125" level="INFO">pass</msg>
<status status="PASS" starttime="20210719 10:21:28.124" endtime="20210719 10:21:28.125"/>
</kw>
<status status="PASS" starttime="20210719 10:21:28.124" endtime="20210719 10:21:28.126"/>
</kw>
<status status="PASS" starttime="20210719 10:21:28.108" endtime="20210719 10:21:28.127"/>
</iter>
<iter>
<var name="${i}">6</var>
<kw name="Get Text" library="SeleniumLibrary">
<var>${TabText}</var>
<arg>${TabItems}[${i}]</arg>
<doc>Returns the text value of the element identified by ``locator``.</doc>
<msg timestamp="20210719 10:21:28.140" level="INFO">${TabText} = Syndication before publication</msg>
<status status="PASS" starttime="20210719 10:21:28.128" endtime="20210719 10:21:28.140"/>
</kw>
<kw name="Log" library="BuiltIn">
<arg>${TabText}</arg>
<doc>Logs the given message with the given level.</doc>
<msg timestamp="20210719 10:21:28.141" level="INFO">Syndication before publication</msg>
<status status="PASS" starttime="20210719 10:21:28.141" endtime="20210719 10:21:28.141"/>
</kw>
<kw name="Log" library="BuiltIn">
<arg>${welcomepagetabs}[${i}]</arg>
<doc>Logs the given message with the given level.</doc>
<msg timestamp="20210719 10:21:28.143" level="INFO">Syndication before publication</msg>
<status status="PASS" starttime="20210719 10:21:28.142" endtime="20210719 10:21:28.143"/>
</kw>
<kw name="Run Keyword If" library="BuiltIn">
<arg>'${welcomepagetabs}[${i}]' == '${TabText}'</arg>
<arg>Log</arg>
<arg>pass</arg>
<arg>ELSE</arg>
<arg>FAIL</arg>
<arg>***Title mismatch***</arg>
<doc>Runs the given keyword with the given arguments, if ``condition`` is true.</doc>
<kw name="Log" library="BuiltIn">
<arg>pass</arg>
<doc>Logs the given message with the given level.</doc>
<msg timestamp="20210719 10:21:28.144" level="INFO">pass</msg>
<status status="PASS" starttime="20210719 10:21:28.144" endtime="20210719 10:21:28.144"/>
</kw>
<status status="PASS" starttime="20210719 10:21:28.144" endtime="20210719 10:21:28.145"/>
</kw>
<status status="PASS" starttime="20210719 10:21:28.127" endtime="20210719 10:21:28.145"/>
</iter>
<iter>
<var name="${i}">7</var>
<kw name="Get Text" library="SeleniumLibrary">
<var>${TabText}</var>
<arg>${TabItems}[${i}]</arg>
<doc>Returns the text value of the element identified by ``locator``.</doc>
<msg timestamp="20210719 10:21:28.156" level="INFO">${TabText} = Fashion Shows</msg>
<status status="PASS" starttime="20210719 10:21:28.146" endtime="20210719 10:21:28.156"/>
</kw>
<kw name="Log" library="BuiltIn">
<arg>${TabText}</arg>
<doc>Logs the given message with the given level.</doc>
<msg timestamp="20210719 10:21:28.158" level="INFO">Fashion Shows</msg>
<status status="PASS" starttime="20210719 10:21:28.157" endtime="20210719 10:21:28.158"/>
</kw>
<kw name="Log" library="BuiltIn">
<arg>${welcomepagetabs}[${i}]</arg>
<doc>Logs the given message with the given level.</doc>
<msg timestamp="20210719 10:21:28.159" level="INFO">Inbox</msg>
<status status="PASS" starttime="20210719 10:21:28.158" endtime="20210719 10:21:28.159"/>
</kw>
<kw name="Run Keyword If" library="BuiltIn">
<arg>'${welcomepagetabs}[${i}]' == '${TabText}'</arg>
<arg>Log</arg>
<arg>pass</arg>
<arg>ELSE</arg>
<arg>FAIL</arg>
<arg>***Title mismatch***</arg>
<doc>Runs the given keyword with the given arguments, if ``condition`` is true.</doc>
<kw name="Fail" library="BuiltIn">
<arg>***Title mismatch***</arg>
<doc>Fails the test with the given message and optionally alters its tags.</doc>
<msg timestamp="20210719 10:21:28.161" level="FAIL">***Title mismatch***</msg>
<status status="FAIL" starttime="20210719 10:21:28.160" endtime="20210719 10:21:28.161"/>
</kw>
<status status="FAIL" starttime="20210719 10:21:28.160" endtime="20210719 10:21:28.161"/>
</kw>
<status status="FAIL" starttime="20210719 10:21:28.146" endtime="20210719 10:21:28.162"/>
</iter>
<status status="FAIL" starttime="20210719 10:21:28.002" endtime="20210719 10:21:28.162"/>
</for>
<status status="FAIL" starttime="20210719 10:21:27.973" endtime="20210719 10:21:28.163"/>
</kw>
<status status="FAIL" starttime="20210719 10:21:27.972" endtime="20210719 10:21:28.163"/>
</kw>
<kw name="Go to images page" library="Sharedwipnavigationkeywords">
<status status="NOT RUN" starttime="20210719 10:21:28.164" endtime="20210719 10:21:28.164"/>
</kw>
<kw name="Diff market sharedwipassetnavigation using the csvfile" library="diffmarketSharedwipnavigationkeywords">
<arg>${marketfolders}</arg>
<status status="NOT RUN" starttime="20210719 10:21:28.164" endtime="20210719 10:21:28.164"/>
</kw>
<status status="FAIL" starttime="20210719 10:21:18.212" endtime="20210719 10:21:28.165"/>
</kw>
<kw name="Finish TestCase" library="CommonFunctionality" type="TEARDOWN">
<kw name="Close All Browsers" library="SeleniumLibrary">
<doc>Closes all open browsers and resets the browser cache.</doc>
<status status="PASS" starttime="20210719 10:21:28.167" endtime="20210719 10:21:28.265"/>
</kw>
<status status="PASS" starttime="20210719 10:21:28.165" endtime="20210719 10:21:28.266"/>
</kw>
<status status="FAIL" starttime="20210719 10:21:14.520" endtime="20210719 10:21:28.266">***Title mismatch***</status>
</test>
<status status="FAIL" starttime="20210719 10:19:13.119" endtime="20210719 10:21:28.270"/>
</suite>
<status status="FAIL" starttime="20210719 10:19:13.118" endtime="20210719 10:21:28.300"/>
</suite>
<status status="FAIL" starttime="20210719 10:19:13.098" endtime="20210719 10:21:28.302"/>
</suite>
<statistics>
<total>
<stat pass="1" fail="1" skip="0">All Tests</stat>
</total>
<tag>
</tag>
<suite>
<stat pass="1" fail="1" skip="0" id="s1" name="TestCases">TestCases</stat>
<stat pass="1" fail="1" skip="0" id="s1-s1" name="Assetnavigationtests">TestCases.Assetnavigationtests</stat>
<stat pass="1" fail="1" skip="0" id="s1-s1-s1" name="Diffmarketsharedwipassetnavigation">TestCases.Assetnavigationtests.Diffmarketsharedwipassetnavigation</stat>
</suite>
</statistics>
<errors>
</errors>
</robot>
