<?xml version="1.0" encoding="UTF-8"?>
<robot generator="Robot 4.0.3 (Python 3.9.5 on darwin)" generated="20210719 10:21:28.873" rpa="false" schemaversion="2">
<suite id="s1" name="TestCases" source="/Users/hsreekum/PycharmProjects/DAMrobotAutomationframeworktwo/TestCases">
<suite id="s1-s1" name="Lightboxcreationtests" source="/Users/hsreekum/PycharmProjects/DAMrobotAutomationframeworktwo/TestCases/Lightboxcreationtests">
<suite id="s1-s1-s1" name="Syndicationlightbox" source="/Users/hsreekum/PycharmProjects/DAMrobotAutomationframeworktwo/TestCases/Lightboxcreationtests/Syndicationlightbox.robot">
<test id="s1-s1-s1-t1" name="Lightboxcreationtestwithcsv using uk-glamour-pictureeditor@condenast.com and Monday12!">
<kw name="Start TestCase" library="CommonFunctionality" type="SETUP">
<kw name="Open Browser" library="SeleniumLibrary">
<arg>https://google.com</arg>
<arg>chrome</arg>
<doc>Opens a new browser instance to the optional ``url``.</doc>
<msg timestamp="20210719 10:21:29.325" level="INFO">Opening browser 'chrome' to base url 'https://google.com'.</msg>
<status status="PASS" starttime="20210719 10:21:29.324" endtime="20210719 10:21:32.915"/>
</kw>
<kw name="Maximize Browser Window" library="SeleniumLibrary">
<doc>Maximizes current browser window.</doc>
<status status="PASS" starttime="20210719 10:21:32.916" endtime="20210719 10:21:33.164"/>
</kw>
<status status="PASS" starttime="20210719 10:21:29.324" endtime="20210719 10:21:33.164"/>
</kw>
<kw name="Lightboxcreationtest">
<arg>https://emea-staging.cnidam.com</arg>
<arg>uk-glamour-pictureeditor@condenast.com</arg>
<arg>Monday12!</arg>
<arg>piced</arg>
<arg>UK</arg>
<arg>Glamour</arg>
<tag>Smoke</tag>
<kw name="Open my url" library="LoginKeywords">
<arg>${SiteUrl}</arg>
<kw name="Go To" library="SeleniumLibrary">
<arg>${SiteUrl}</arg>
<doc>Navigates the current browser window to the provided ``url``.</doc>
<msg timestamp="20210719 10:21:33.167" level="INFO">Opening url 'https://emea-staging.cnidam.com'</msg>
<status status="PASS" starttime="20210719 10:21:33.166" endtime="20210719 10:21:35.897"/>
</kw>
<kw name="Maximize Browser Window" library="SeleniumLibrary">
<doc>Maximizes current browser window.</doc>
<status status="PASS" starttime="20210719 10:21:35.899" endtime="20210719 10:21:36.063"/>
</kw>
<status status="PASS" starttime="20210719 10:21:33.166" endtime="20210719 10:21:36.063"/>
</kw>
<kw name="Enter UserName" library="LoginKeywords">
<arg>${username}</arg>
<kw name="Wait Until Page Contains Element" library="SeleniumLibrary">
<arg>${txt_loginUserName_lctr}</arg>
<arg>timeout=30s</arg>
<doc>Waits until the element ``locator`` appears on the current page.</doc>
<status status="PASS" starttime="20210719 10:21:36.064" endtime="20210719 10:21:36.075"/>
</kw>
<kw name="Input Text" library="SeleniumLibrary">
<arg>${txt_loginUserName_lctr}</arg>
<arg>${username}</arg>
<doc>Types the given ``text`` into the text field identified by ``locator``.</doc>
<msg timestamp="20210719 10:21:36.076" level="INFO">Typing text 'uk-glamour-pictureeditor@condenast.com' into text field 'id:idp-discovery-username'.</msg>
<status status="PASS" starttime="20210719 10:21:36.075" endtime="20210719 10:21:36.181"/>
</kw>
<kw name="Click Button" library="SeleniumLibrary">
<arg>${submitbutton_lctr}</arg>
<doc>Clicks the button identified by ``locator``.</doc>
<msg timestamp="20210719 10:21:36.182" level="INFO">Clicking button 'id:idp-discovery-submit'.</msg>
<status status="PASS" starttime="20210719 10:21:36.182" endtime="20210719 10:21:36.240"/>
</kw>
<status status="PASS" starttime="20210719 10:21:36.064" endtime="20210719 10:21:36.242"/>
</kw>
<kw name="Enter Password" library="LoginKeywords">
<arg>${password}</arg>
<kw name="Wait Until Page Contains Element" library="SeleniumLibrary">
<arg>${txt_loginps_lctr}</arg>
<arg>timeout=30s</arg>
<doc>Waits until the element ``locator`` appears on the current page.</doc>
<status status="PASS" starttime="20210719 10:21:36.243" endtime="20210719 10:21:38.347"/>
</kw>
<kw name="Input Text" library="SeleniumLibrary">
<arg>${txt_loginps_lctr}</arg>
<arg>${password}</arg>
<doc>Types the given ``text`` into the text field identified by ``locator``.</doc>
<msg timestamp="20210719 10:21:38.348" level="INFO">Typing text 'Monday12!' into text field 'class:password-with-toggle'.</msg>
<status status="PASS" starttime="20210719 10:21:38.348" endtime="20210719 10:21:38.411"/>
</kw>
<status status="PASS" starttime="20210719 10:21:36.242" endtime="20210719 10:21:38.412"/>
</kw>
<kw name="Click Verify" library="LoginKeywords">
<kw name="Wait Until Page Contains Element" library="SeleniumLibrary">
<arg>${txt_verify_lctr}</arg>
<arg>timeout=30s</arg>
<doc>Waits until the element ``locator`` appears on the current page.</doc>
<status status="PASS" starttime="20210719 10:21:38.413" endtime="20210719 10:21:38.422"/>
</kw>
<kw name="Click Button" library="SeleniumLibrary">
<arg>${txt_verify_lctr}</arg>
<doc>Clicks the button identified by ``locator``.</doc>
<msg timestamp="20210719 10:21:38.424" level="INFO">Clicking button 'css:input[class='button button-primary']'.</msg>
<status status="PASS" starttime="20210719 10:21:38.423" endtime="20210719 10:21:38.478"/>
</kw>
<status status="PASS" starttime="20210719 10:21:38.412" endtime="20210719 10:21:38.479"/>
</kw>
<kw name="Check welcomemessage" library="LoginKeywords">
<arg>${username}</arg>
<kw name="Wait Until Page Contains Element" library="SeleniumLibrary">
<arg>${welcomemessage_lctr}</arg>
<arg>timeout=30s</arg>
<doc>Waits until the element ``locator`` appears on the current page.</doc>
<status status="PASS" starttime="20210719 10:21:38.480" endtime="20210719 10:21:43.034"/>
</kw>
<kw name="Element Should Contain" library="SeleniumLibrary">
<arg>${welcomemessage_lctr}</arg>
<arg>${usernameinput}</arg>
<doc>Verifies that element ``locator`` contains text ``expected``.</doc>
<msg timestamp="20210719 10:21:43.054" level="INFO">Element 'xpath://div[@id='welcome-message']' contains text 'uk-glamour-pictureeditor@condenast.com'.</msg>
<status status="PASS" starttime="20210719 10:21:43.035" endtime="20210719 10:21:43.054"/>
</kw>
<status status="PASS" starttime="20210719 10:21:38.479" endtime="20210719 10:21:43.058"/>
</kw>
<kw name="Get Title" library="SeleniumLibrary">
<var>${act_title}</var>
<doc>Returns the title of the current page.</doc>
<msg timestamp="20210719 10:21:43.064" level="INFO">${act_title} = Staging EMEA | Welcome to AEM</msg>
<status status="PASS" starttime="20210719 10:21:43.058" endtime="20210719 10:21:43.064"/>
</kw>
<kw name="Run Keyword If" library="BuiltIn">
<arg>'${act_title}' == '${expectedpagetitle_emea}' and '${SiteUrl}' == '${expectedsiteurl_emea}' or '${act_title}' == '${expectedpagetitle_apac}' and '${SiteUrl}' == '${expectedsiteurl_apac}'</arg>
<arg>Verify successful login</arg>
<arg>ELSE</arg>
<arg>Verify unsuccessful login</arg>
<doc>Runs the given keyword with the given arguments, if ``condition`` is true.</doc>
<kw name="Verify successful login" library="LoginKeywords">
<kw name="Log" library="BuiltIn">
<arg>**********Login test is passed**********</arg>
<doc>Logs the given message with the given level.</doc>
<msg timestamp="20210719 10:21:43.068" level="INFO">**********Login test is passed**********</msg>
<status status="PASS" starttime="20210719 10:21:43.068" endtime="20210719 10:21:43.068"/>
</kw>
<kw name="Log Title" library="SeleniumLibrary">
<doc>Logs and returns the title of the current page.</doc>
<msg timestamp="20210719 10:21:43.074" level="INFO">Staging EMEA | Welcome to AEM</msg>
<status status="PASS" starttime="20210719 10:21:43.069" endtime="20210719 10:21:43.074"/>
</kw>
<status status="PASS" starttime="20210719 10:21:43.067" endtime="20210719 10:21:43.075"/>
</kw>
<status status="PASS" starttime="20210719 10:21:43.065" endtime="20210719 10:21:43.076"/>
</kw>
<kw name="Run Keyword If" library="BuiltIn">
<arg>'${userrole}' == 'piced' or '${userrole}' == 'ebt'</arg>
<arg>Welcomepagetabscheck_ebtorpiced</arg>
<arg>ELSE</arg>
<arg>Welcomepagetabscheck_globaladmin</arg>
<doc>Runs the given keyword with the given arguments, if ``condition`` is true.</doc>
<kw name="Welcomepagetabscheck_ebtorpiced" library="LoginKeywords">
<kw name="Wait Until Page Contains Element" library="SeleniumLibrary">
<arg>${tabcontent_lctr}</arg>
<arg>timeout=30s</arg>
<doc>Waits until the element ``locator`` appears on the current page.</doc>
<status status="PASS" starttime="20210719 10:21:43.078" endtime="20210719 10:21:43.089"/>
</kw>
<kw name="Get Element Count" library="SeleniumLibrary">
<var>${AllTabsCount}</var>
<arg>${tabcontent_lctr}</arg>
<doc>Returns the number of elements matching ``locator``.</doc>
<msg timestamp="20210719 10:21:43.098" level="INFO">${AllTabsCount} = 8</msg>
<status status="PASS" starttime="20210719 10:21:43.090" endtime="20210719 10:21:43.098"/>
</kw>
<kw name="Get WebElements" library="SeleniumLibrary">
<var>@{TabItems}</var>
<arg>${tabcontent_lctr}</arg>
<doc>Returns a list of WebElement objects matching the ``locator``.</doc>
<msg timestamp="20210719 10:21:43.105" level="INFO">@{TabItems} = [ &lt;selenium.webdriver.remote.webelement.WebElement (session="69939a5949869bf74ee59a5c3d43db4c", element="e7e80b85-87ce-493f-b454-dae57f7fbc4f")&gt; | &lt;selenium.webdriver.remote.webelement.WebElement (ses...</msg>
<status status="PASS" starttime="20210719 10:21:43.099" endtime="20210719 10:21:43.105"/>
</kw>
<kw name="Log" library="BuiltIn">
<arg>${AllTabsCount}</arg>
<doc>Logs the given message with the given level.</doc>
<msg timestamp="20210719 10:21:43.108" level="INFO">8</msg>
<status status="PASS" starttime="20210719 10:21:43.107" endtime="20210719 10:21:43.108"/>
</kw>
<for flavor="IN RANGE">
<var>${i}</var>
<value>0</value>
<value>${${AllTabsCount}}</value>
<iter>
<var name="${i}">0</var>
<kw name="Get Text" library="SeleniumLibrary">
<var>${TabText}</var>
<arg>${TabItems}[${i}]</arg>
<doc>Returns the text value of the element identified by ``locator``.</doc>
<msg timestamp="20210719 10:21:43.120" level="INFO">${TabText} = Images</msg>
<status status="PASS" starttime="20210719 10:21:43.111" endtime="20210719 10:21:43.120"/>
</kw>
<kw name="Log" library="BuiltIn">
<arg>${TabText}</arg>
<doc>Logs the given message with the given level.</doc>
<msg timestamp="20210719 10:21:43.131" level="INFO">Images</msg>
<status status="PASS" starttime="20210719 10:21:43.130" endtime="20210719 10:21:43.131"/>
</kw>
<kw name="Log" library="BuiltIn">
<arg>${welcomepagetabs}[${i}]</arg>
<doc>Logs the given message with the given level.</doc>
<msg timestamp="20210719 10:21:43.132" level="INFO">Images</msg>
<status status="PASS" starttime="20210719 10:21:43.132" endtime="20210719 10:21:43.132"/>
</kw>
<kw name="Run Keyword If" library="BuiltIn">
<arg>'${welcomepagetabs}[${i}]' == '${TabText}'</arg>
<arg>Log</arg>
<arg>pass</arg>
<arg>ELSE</arg>
<arg>FAIL</arg>
<arg>***Title mismatch***</arg>
<doc>Runs the given keyword with the given arguments, if ``condition`` is true.</doc>
<kw name="Log" library="BuiltIn">
<arg>pass</arg>
<doc>Logs the given message with the given level.</doc>
<msg timestamp="20210719 10:21:43.133" level="INFO">pass</msg>
<status status="PASS" starttime="20210719 10:21:43.133" endtime="20210719 10:21:43.134"/>
</kw>
<status status="PASS" starttime="20210719 10:21:43.133" endtime="20210719 10:21:43.134"/>
</kw>
<status status="PASS" starttime="20210719 10:21:43.110" endtime="20210719 10:21:43.134"/>
</iter>
<iter>
<var name="${i}">1</var>
<kw name="Get Text" library="SeleniumLibrary">
<var>${TabText}</var>
<arg>${TabItems}[${i}]</arg>
<doc>Returns the text value of the element identified by ``locator``.</doc>
<msg timestamp="20210719 10:21:43.144" level="INFO">${TabText} = Images - Touch UI</msg>
<status status="PASS" starttime="20210719 10:21:43.135" endtime="20210719 10:21:43.144"/>
</kw>
<kw name="Log" library="BuiltIn">
<arg>${TabText}</arg>
<doc>Logs the given message with the given level.</doc>
<msg timestamp="20210719 10:21:43.145" level="INFO">Images - Touch UI</msg>
<status status="PASS" starttime="20210719 10:21:43.144" endtime="20210719 10:21:43.145"/>
</kw>
<kw name="Log" library="BuiltIn">
<arg>${welcomepagetabs}[${i}]</arg>
<doc>Logs the given message with the given level.</doc>
<msg timestamp="20210719 10:21:43.146" level="INFO">Images - Touch UI</msg>
<status status="PASS" starttime="20210719 10:21:43.146" endtime="20210719 10:21:43.146"/>
</kw>
<kw name="Run Keyword If" library="BuiltIn">
<arg>'${welcomepagetabs}[${i}]' == '${TabText}'</arg>
<arg>Log</arg>
<arg>pass</arg>
<arg>ELSE</arg>
<arg>FAIL</arg>
<arg>***Title mismatch***</arg>
<doc>Runs the given keyword with the given arguments, if ``condition`` is true.</doc>
<kw name="Log" library="BuiltIn">
<arg>pass</arg>
<doc>Logs the given message with the given level.</doc>
<msg timestamp="20210719 10:21:43.147" level="INFO">pass</msg>
<status status="PASS" starttime="20210719 10:21:43.147" endtime="20210719 10:21:43.148"/>
</kw>
<status status="PASS" starttime="20210719 10:21:43.147" endtime="20210719 10:21:43.148"/>
</kw>
<status status="PASS" starttime="20210719 10:21:43.135" endtime="20210719 10:21:43.148"/>
</iter>
<iter>
<var name="${i}">2</var>
<kw name="Get Text" library="SeleniumLibrary">
<var>${TabText}</var>
<arg>${TabItems}[${i}]</arg>
<doc>Returns the text value of the element identified by ``locator``.</doc>
<msg timestamp="20210719 10:21:43.160" level="INFO">${TabText} = Publications</msg>
<status status="PASS" starttime="20210719 10:21:43.149" endtime="20210719 10:21:43.160"/>
</kw>
<kw name="Log" library="BuiltIn">
<arg>${TabText}</arg>
<doc>Logs the given message with the given level.</doc>
<msg timestamp="20210719 10:21:43.162" level="INFO">Publications</msg>
<status status="PASS" starttime="20210719 10:21:43.161" endtime="20210719 10:21:43.162"/>
</kw>
<kw name="Log" library="BuiltIn">
<arg>${welcomepagetabs}[${i}]</arg>
<doc>Logs the given message with the given level.</doc>
<msg timestamp="20210719 10:21:43.164" level="INFO">Publications</msg>
<status status="PASS" starttime="20210719 10:21:43.163" endtime="20210719 10:21:43.164"/>
</kw>
<kw name="Run Keyword If" library="BuiltIn">
<arg>'${welcomepagetabs}[${i}]' == '${TabText}'</arg>
<arg>Log</arg>
<arg>pass</arg>
<arg>ELSE</arg>
<arg>FAIL</arg>
<arg>***Title mismatch***</arg>
<doc>Runs the given keyword with the given arguments, if ``condition`` is true.</doc>
<kw name="Log" library="BuiltIn">
<arg>pass</arg>
<doc>Logs the given message with the given level.</doc>
<msg timestamp="20210719 10:21:43.167" level="INFO">pass</msg>
<status status="PASS" starttime="20210719 10:21:43.167" endtime="20210719 10:21:43.167"/>
</kw>
<status status="PASS" starttime="20210719 10:21:43.166" endtime="20210719 10:21:43.169"/>
</kw>
<status status="PASS" starttime="20210719 10:21:43.149" endtime="20210719 10:21:43.169"/>
</iter>
<iter>
<var name="${i}">3</var>
<kw name="Get Text" library="SeleniumLibrary">
<var>${TabText}</var>
<arg>${TabItems}[${i}]</arg>
<doc>Returns the text value of the element identified by ``locator``.</doc>
<msg timestamp="20210719 10:21:43.192" level="INFO">${TabText} = Content creators contracts</msg>
<status status="PASS" starttime="20210719 10:21:43.171" endtime="20210719 10:21:43.192"/>
</kw>
<kw name="Log" library="BuiltIn">
<arg>${TabText}</arg>
<doc>Logs the given message with the given level.</doc>
<msg timestamp="20210719 10:21:43.194" level="INFO">Content creators contracts</msg>
<status status="PASS" starttime="20210719 10:21:43.193" endtime="20210719 10:21:43.194"/>
</kw>
<kw name="Log" library="BuiltIn">
<arg>${welcomepagetabs}[${i}]</arg>
<doc>Logs the given message with the given level.</doc>
<msg timestamp="20210719 10:21:43.197" level="INFO">Content creators contracts</msg>
<status status="PASS" starttime="20210719 10:21:43.196" endtime="20210719 10:21:43.197"/>
</kw>
<kw name="Run Keyword If" library="BuiltIn">
<arg>'${welcomepagetabs}[${i}]' == '${TabText}'</arg>
<arg>Log</arg>
<arg>pass</arg>
<arg>ELSE</arg>
<arg>FAIL</arg>
<arg>***Title mismatch***</arg>
<doc>Runs the given keyword with the given arguments, if ``condition`` is true.</doc>
<kw name="Log" library="BuiltIn">
<arg>pass</arg>
<doc>Logs the given message with the given level.</doc>
<msg timestamp="20210719 10:21:43.203" level="INFO">pass</msg>
<status status="PASS" starttime="20210719 10:21:43.202" endtime="20210719 10:21:43.203"/>
</kw>
<status status="PASS" starttime="20210719 10:21:43.199" endtime="20210719 10:21:43.204"/>
</kw>
<status status="PASS" starttime="20210719 10:21:43.170" endtime="20210719 10:21:43.205"/>
</iter>
<iter>
<var name="${i}">4</var>
<kw name="Get Text" library="SeleniumLibrary">
<var>${TabText}</var>
<arg>${TabItems}[${i}]</arg>
<doc>Returns the text value of the element identified by ``locator``.</doc>
<msg timestamp="20210719 10:21:43.221" level="INFO">${TabText} = Videos</msg>
<status status="PASS" starttime="20210719 10:21:43.207" endtime="20210719 10:21:43.221"/>
</kw>
<kw name="Log" library="BuiltIn">
<arg>${TabText}</arg>
<doc>Logs the given message with the given level.</doc>
<msg timestamp="20210719 10:21:43.223" level="INFO">Videos</msg>
<status status="PASS" starttime="20210719 10:21:43.222" endtime="20210719 10:21:43.223"/>
</kw>
<kw name="Log" library="BuiltIn">
<arg>${welcomepagetabs}[${i}]</arg>
<doc>Logs the given message with the given level.</doc>
<msg timestamp="20210719 10:21:43.226" level="INFO">Videos</msg>
<status status="PASS" starttime="20210719 10:21:43.225" endtime="20210719 10:21:43.226"/>
</kw>
<kw name="Run Keyword If" library="BuiltIn">
<arg>'${welcomepagetabs}[${i}]' == '${TabText}'</arg>
<arg>Log</arg>
<arg>pass</arg>
<arg>ELSE</arg>
<arg>FAIL</arg>
<arg>***Title mismatch***</arg>
<doc>Runs the given keyword with the given arguments, if ``condition`` is true.</doc>
<kw name="Log" library="BuiltIn">
<arg>pass</arg>
<doc>Logs the given message with the given level.</doc>
<msg timestamp="20210719 10:21:43.228" level="INFO">pass</msg>
<status status="PASS" starttime="20210719 10:21:43.227" endtime="20210719 10:21:43.228"/>
</kw>
<status status="PASS" starttime="20210719 10:21:43.227" endtime="20210719 10:21:43.229"/>
</kw>
<status status="PASS" starttime="20210719 10:21:43.206" endtime="20210719 10:21:43.229"/>
</iter>
<iter>
<var name="${i}">5</var>
<kw name="Get Text" library="SeleniumLibrary">
<var>${TabText}</var>
<arg>${TabItems}[${i}]</arg>
<doc>Returns the text value of the element identified by ``locator``.</doc>
<msg timestamp="20210719 10:21:43.241" level="INFO">${TabText} = Syndication after publication</msg>
<status status="PASS" starttime="20210719 10:21:43.230" endtime="20210719 10:21:43.241"/>
</kw>
<kw name="Log" library="BuiltIn">
<arg>${TabText}</arg>
<doc>Logs the given message with the given level.</doc>
<msg timestamp="20210719 10:21:43.242" level="INFO">Syndication after publication</msg>
<status status="PASS" starttime="20210719 10:21:43.242" endtime="20210719 10:21:43.242"/>
</kw>
<kw name="Log" library="BuiltIn">
<arg>${welcomepagetabs}[${i}]</arg>
<doc>Logs the given message with the given level.</doc>
<msg timestamp="20210719 10:21:43.243" level="INFO">Syndication after publication</msg>
<status status="PASS" starttime="20210719 10:21:43.243" endtime="20210719 10:21:43.243"/>
</kw>
<kw name="Run Keyword If" library="BuiltIn">
<arg>'${welcomepagetabs}[${i}]' == '${TabText}'</arg>
<arg>Log</arg>
<arg>pass</arg>
<arg>ELSE</arg>
<arg>FAIL</arg>
<arg>***Title mismatch***</arg>
<doc>Runs the given keyword with the given arguments, if ``condition`` is true.</doc>
<kw name="Log" library="BuiltIn">
<arg>pass</arg>
<doc>Logs the given message with the given level.</doc>
<msg timestamp="20210719 10:21:43.245" level="INFO">pass</msg>
<status status="PASS" starttime="20210719 10:21:43.245" endtime="20210719 10:21:43.245"/>
</kw>
<status status="PASS" starttime="20210719 10:21:43.244" endtime="20210719 10:21:43.246"/>
</kw>
<status status="PASS" starttime="20210719 10:21:43.229" endtime="20210719 10:21:43.246"/>
</iter>
<iter>
<var name="${i}">6</var>
<kw name="Get Text" library="SeleniumLibrary">
<var>${TabText}</var>
<arg>${TabItems}[${i}]</arg>
<doc>Returns the text value of the element identified by ``locator``.</doc>
<msg timestamp="20210719 10:21:43.258" level="INFO">${TabText} = Syndication before publication</msg>
<status status="PASS" starttime="20210719 10:21:43.246" endtime="20210719 10:21:43.258"/>
</kw>
<kw name="Log" library="BuiltIn">
<arg>${TabText}</arg>
<doc>Logs the given message with the given level.</doc>
<msg timestamp="20210719 10:21:43.260" level="INFO">Syndication before publication</msg>
<status status="PASS" starttime="20210719 10:21:43.260" endtime="20210719 10:21:43.260"/>
</kw>
<kw name="Log" library="BuiltIn">
<arg>${welcomepagetabs}[${i}]</arg>
<doc>Logs the given message with the given level.</doc>
<msg timestamp="20210719 10:21:43.262" level="INFO">Syndication before publication</msg>
<status status="PASS" starttime="20210719 10:21:43.261" endtime="20210719 10:21:43.262"/>
</kw>
<kw name="Run Keyword If" library="BuiltIn">
<arg>'${welcomepagetabs}[${i}]' == '${TabText}'</arg>
<arg>Log</arg>
<arg>pass</arg>
<arg>ELSE</arg>
<arg>FAIL</arg>
<arg>***Title mismatch***</arg>
<doc>Runs the given keyword with the given arguments, if ``condition`` is true.</doc>
<kw name="Log" library="BuiltIn">
<arg>pass</arg>
<doc>Logs the given message with the given level.</doc>
<msg timestamp="20210719 10:21:43.264" level="INFO">pass</msg>
<status status="PASS" starttime="20210719 10:21:43.263" endtime="20210719 10:21:43.264"/>
</kw>
<status status="PASS" starttime="20210719 10:21:43.263" endtime="20210719 10:21:43.265"/>
</kw>
<status status="PASS" starttime="20210719 10:21:43.246" endtime="20210719 10:21:43.265"/>
</iter>
<iter>
<var name="${i}">7</var>
<kw name="Get Text" library="SeleniumLibrary">
<var>${TabText}</var>
<arg>${TabItems}[${i}]</arg>
<doc>Returns the text value of the element identified by ``locator``.</doc>
<msg timestamp="20210719 10:21:43.277" level="INFO">${TabText} = Inbox</msg>
<status status="PASS" starttime="20210719 10:21:43.266" endtime="20210719 10:21:43.277"/>
</kw>
<kw name="Log" library="BuiltIn">
<arg>${TabText}</arg>
<doc>Logs the given message with the given level.</doc>
<msg timestamp="20210719 10:21:43.278" level="INFO">Inbox</msg>
<status status="PASS" starttime="20210719 10:21:43.278" endtime="20210719 10:21:43.278"/>
</kw>
<kw name="Log" library="BuiltIn">
<arg>${welcomepagetabs}[${i}]</arg>
<doc>Logs the given message with the given level.</doc>
<msg timestamp="20210719 10:21:43.279" level="INFO">Inbox</msg>
<status status="PASS" starttime="20210719 10:21:43.279" endtime="20210719 10:21:43.279"/>
</kw>
<kw name="Run Keyword If" library="BuiltIn">
<arg>'${welcomepagetabs}[${i}]' == '${TabText}'</arg>
<arg>Log</arg>
<arg>pass</arg>
<arg>ELSE</arg>
<arg>FAIL</arg>
<arg>***Title mismatch***</arg>
<doc>Runs the given keyword with the given arguments, if ``condition`` is true.</doc>
<kw name="Log" library="BuiltIn">
<arg>pass</arg>
<doc>Logs the given message with the given level.</doc>
<msg timestamp="20210719 10:21:43.282" level="INFO">pass</msg>
<status status="PASS" starttime="20210719 10:21:43.281" endtime="20210719 10:21:43.282"/>
</kw>
<status status="PASS" starttime="20210719 10:21:43.280" endtime="20210719 10:21:43.283"/>
</kw>
<status status="PASS" starttime="20210719 10:21:43.265" endtime="20210719 10:21:43.283"/>
</iter>
<status status="PASS" starttime="20210719 10:21:43.108" endtime="20210719 10:21:43.284"/>
</for>
<status status="PASS" starttime="20210719 10:21:43.077" endtime="20210719 10:21:43.284"/>
</kw>
<status status="PASS" starttime="20210719 10:21:43.077" endtime="20210719 10:21:43.284"/>
</kw>
<kw name="Go to images page" library="SyndicationLightboxKeywords">
<kw name="Wait Until Page Contains Element" library="SeleniumLibrary">
<arg>${Imagestabicon_lctr}</arg>
<arg>timeout=30s</arg>
<doc>Waits until the element ``locator`` appears on the current page.</doc>
<status status="PASS" starttime="20210719 10:21:43.285" endtime="20210719 10:21:43.295"/>
</kw>
<kw name="Click Element" library="SeleniumLibrary">
<arg>${Imagestabicon_lctr}</arg>
<doc>Click the element identified by ``locator``.</doc>
<msg timestamp="20210719 10:21:43.296" level="INFO">Clicking element 'xpath://div[@class='icon damadmin']'.</msg>
<status status="PASS" starttime="20210719 10:21:43.295" endtime="20210719 10:21:45.805"/>
</kw>
<status status="PASS" starttime="20210719 10:21:43.285" endtime="20210719 10:21:45.807"/>
</kw>
<kw name="clickltboxexpandarrow" library="SyndicationLightboxKeywords">
<kw name="Wait Until Page Contains Element" library="SeleniumLibrary">
<arg>${lightboxexpandarrow_lctr}</arg>
<arg>timeout=30s</arg>
<doc>Waits until the element ``locator`` appears on the current page.</doc>
<status status="PASS" starttime="20210719 10:21:45.809" endtime="20210719 10:21:49.784"/>
</kw>
<kw name="Click Element" library="SeleniumLibrary">
<arg>${lightboxexpandarrow_lctr}</arg>
<doc>Click the element identified by ``locator``.</doc>
<msg timestamp="20210719 10:21:49.785" level="INFO">Clicking element 'id:cq-damadmin-lightbox-wrapper-xcollapsed'.</msg>
<status status="PASS" starttime="20210719 10:21:49.785" endtime="20210719 10:21:49.851"/>
</kw>
<status status="PASS" starttime="20210719 10:21:45.808" endtime="20210719 10:21:49.852"/>
</kw>
<kw name="clickltboxsearchtool" library="SyndicationLightboxKeywords">
<kw name="Sleep" library="BuiltIn">
<arg>5s</arg>
<doc>Pauses the test executed for the given time.</doc>
<msg timestamp="20210719 10:21:54.854" level="INFO">Slept 5 seconds</msg>
<status status="PASS" starttime="20210719 10:21:49.853" endtime="20210719 10:21:54.854"/>
</kw>
<kw name="Wait Until Element Is Visible" library="SeleniumLibrary">
<arg>${lightboxtool_lctr}</arg>
<arg>timeout=30s</arg>
<doc>Waits until the element ``locator`` is visible.</doc>
<status status="PASS" starttime="20210719 10:21:54.855" endtime="20210719 10:21:54.880"/>
</kw>
<kw name="Double Click Element" library="SeleniumLibrary">
<arg>${lightboxtool_lctr}</arg>
<doc>Double clicks the element identified by ``locator``.</doc>
<msg timestamp="20210719 10:21:54.881" level="INFO">Double clicking element 'xpath://div[@class='x-tool x-tool-search']'.</msg>
<status status="PASS" starttime="20210719 10:21:54.881" endtime="20210719 10:21:55.246"/>
</kw>
<status status="PASS" starttime="20210719 10:21:49.853" endtime="20210719 10:21:55.248"/>
</kw>
<kw name="createnewltboxoption" library="SyndicationLightboxKeywords">
<kw name="Wait Until Page Contains Element" library="SeleniumLibrary">
<arg>${createnewlightboxoption_lctr}</arg>
<arg>timeout=30s</arg>
<doc>Waits until the element ``locator`` appears on the current page.</doc>
<status status="PASS" starttime="20210719 10:21:55.249" endtime="20210719 10:21:55.259"/>
</kw>
<kw name="Click Element" library="SeleniumLibrary">
<arg>${createnewlightboxoption_lctr}</arg>
<doc>Click the element identified by ``locator``.</doc>
<msg timestamp="20210719 10:21:55.260" level="INFO">Clicking element 'xpath://button[text()='Create New Syndication Lightbox']'.</msg>
<status status="PASS" starttime="20210719 10:21:55.260" endtime="20210719 10:21:55.569"/>
</kw>
<status status="PASS" starttime="20210719 10:21:55.248" endtime="20210719 10:21:55.570"/>
</kw>
<kw name="enterltboxname" library="SyndicationLightboxKeywords">
<var>${lightbox_nameinput}</var>
<kw name="Generate Random String" library="String">
<var>${lightbox_nameinput}</var>
<arg>8</arg>
<arg>[LETTERS]</arg>
<doc>Generates a string with a desired ``length`` from the given ``chars``.</doc>
<msg timestamp="20210719 10:21:55.572" level="INFO">${lightbox_nameinput} = FDTzjZpH</msg>
<status status="PASS" starttime="20210719 10:21:55.571" endtime="20210719 10:21:55.572"/>
</kw>
<kw name="Wait Until Page Contains Element" library="SeleniumLibrary">
<arg>${lightboxnamefield_lctr}</arg>
<arg>timeout=30s</arg>
<doc>Waits until the element ``locator`` appears on the current page.</doc>
<status status="PASS" starttime="20210719 10:21:55.573" endtime="20210719 10:21:55.603"/>
</kw>
<kw name="Sleep" library="BuiltIn">
<arg>5s</arg>
<doc>Pauses the test executed for the given time.</doc>
<msg timestamp="20210719 10:22:00.604" level="INFO">Slept 5 seconds</msg>
<status status="PASS" starttime="20210719 10:21:55.604" endtime="20210719 10:22:00.605"/>
</kw>
<kw name="Input Text" library="SeleniumLibrary">
<arg>${lightboxnamefield_lctr}</arg>
<arg>${lightbox_nameinput}</arg>
<doc>Types the given ``text`` into the text field identified by ``locator``.</doc>
<msg timestamp="20210719 10:22:00.606" level="INFO">Typing text 'FDTzjZpH' into text field 'xpath://input[@name='title']'.</msg>
<status status="PASS" starttime="20210719 10:22:00.605" endtime="20210719 10:22:00.683"/>
</kw>
<kw name="Sleep" library="BuiltIn">
<arg>5s</arg>
<doc>Pauses the test executed for the given time.</doc>
<msg timestamp="20210719 10:22:05.685" level="INFO">Slept 5 seconds</msg>
<status status="PASS" starttime="20210719 10:22:00.684" endtime="20210719 10:22:05.685"/>
</kw>
<msg timestamp="20210719 10:22:05.686" level="INFO">${lightbox_nameinput} = FDTzjZpH</msg>
<status status="PASS" starttime="20210719 10:21:55.571" endtime="20210719 10:22:05.686"/>
</kw>
<kw name="selctltboxlocation" library="SyndicationLightboxKeywords">
<kw name="Wait Until Page Contains Element" library="SeleniumLibrary">
<arg>${lightboxlocicon_lctr}</arg>
<arg>timeout=30s</arg>
<doc>Waits until the element ``locator`` appears on the current page.</doc>
<status status="PASS" starttime="20210719 10:22:05.688" endtime="20210719 10:22:05.699"/>
</kw>
<kw name="Click Element" library="SeleniumLibrary">
<arg>${lightboxlocicon_lctr}</arg>
<doc>Click the element identified by ``locator``.</doc>
<msg timestamp="20210719 10:22:05.701" level="INFO">Clicking element 'xpath://input[@name='location']'.</msg>
<status status="PASS" starttime="20210719 10:22:05.700" endtime="20210719 10:22:05.770"/>
</kw>
<status status="PASS" starttime="20210719 10:22:05.687" endtime="20210719 10:22:05.771"/>
</kw>
<kw name="selctmarketfolder" library="SyndicationLightboxKeywords">
<arg>${market}</arg>
<kw name="Wait Until Element Is Visible" library="SeleniumLibrary">
<arg>xpath:(//span[text()='${market}'])[last()]</arg>
<arg>timeout=30s</arg>
<doc>Waits until the element ``locator`` is visible.</doc>
<status status="PASS" starttime="20210719 10:22:05.772" endtime="20210719 10:22:06.674"/>
</kw>
<kw name="Click Element" library="SeleniumLibrary">
<arg>xpath:(//span[text()='${market}'])[last()]</arg>
<doc>Click the element identified by ``locator``.</doc>
<msg timestamp="20210719 10:22:06.676" level="INFO">Clicking element 'xpath:(//span[text()='UK'])[last()]'.</msg>
<status status="PASS" starttime="20210719 10:22:06.675" endtime="20210719 10:22:06.723"/>
</kw>
<status status="PASS" starttime="20210719 10:22:05.771" endtime="20210719 10:22:06.725"/>
</kw>
<kw name="selecttitlefolder" library="SyndicationLightboxKeywords">
<arg>${title}</arg>
<kw name="Sleep" library="BuiltIn">
<arg>2s</arg>
<doc>Pauses the test executed for the given time.</doc>
<msg timestamp="20210719 10:22:08.730" level="INFO">Slept 2 seconds</msg>
<status status="PASS" starttime="20210719 10:22:06.728" endtime="20210719 10:22:08.730"/>
</kw>
<kw name="Wait Until Element Is Visible" library="SeleniumLibrary">
<arg>xpath:(//span[text()='${title}'])[last()]</arg>
<arg>timeout=30s</arg>
<doc>Waits until the element ``locator`` is visible.</doc>
<status status="PASS" starttime="20210719 10:22:08.737" endtime="20210719 10:22:08.754"/>
</kw>
<kw name="Click Element" library="SeleniumLibrary">
<arg>xpath:(//span[text()='${title}'])[last()]</arg>
<doc>Click the element identified by ``locator``.</doc>
<msg timestamp="20210719 10:22:08.755" level="INFO">Clicking element 'xpath:(//span[text()='Glamour'])[last()]'.</msg>
<status status="PASS" starttime="20210719 10:22:08.755" endtime="20210719 10:22:08.787"/>
</kw>
<status status="PASS" starttime="20210719 10:22:06.726" endtime="20210719 10:22:08.788"/>
</kw>
<kw name="selectwipfolder" library="SyndicationLightboxKeywords">
<kw name="Wait Until Page Contains Element" library="SeleniumLibrary">
<arg>${wipfolder_lctr}</arg>
<arg>timeout=50s</arg>
<doc>Waits until the element ``locator`` appears on the current page.</doc>
<status status="PASS" starttime="20210719 10:22:08.789" endtime="20210719 10:22:08.798"/>
</kw>
<kw name="Sleep" library="BuiltIn">
<arg>2s</arg>
<doc>Pauses the test executed for the given time.</doc>
<msg timestamp="20210719 10:22:10.799" level="INFO">Slept 2 seconds</msg>
<status status="PASS" starttime="20210719 10:22:08.798" endtime="20210719 10:22:10.800"/>
</kw>
<kw name="Scroll Element Into View" library="SeleniumLibrary">
<arg>${wipfolder_lctr}</arg>
<doc>Scrolls the element identified by ``locator`` into view.</doc>
<status status="PASS" starttime="20210719 10:22:10.800" endtime="20210719 10:22:11.063"/>
</kw>
<kw name="Double Click Element" library="SeleniumLibrary">
<arg>${wipfolder_lctr}</arg>
<doc>Double clicks the element identified by ``locator``.</doc>
<msg timestamp="20210719 10:22:11.065" level="INFO">Double clicking element 'xpath:(//span[text()='wip'])[last()]'.</msg>
<status status="PASS" starttime="20210719 10:22:11.064" endtime="20210719 10:22:11.335"/>
</kw>
<status status="PASS" starttime="20210719 10:22:08.788" endtime="20210719 10:22:11.336"/>
</kw>
<kw name="selectokbutton" library="SyndicationLightboxKeywords">
<kw name="Wait Until Page Contains Element" library="SeleniumLibrary">
<arg>${OKbutton_lctr}</arg>
<arg>timeout=30s</arg>
<doc>Waits until the element ``locator`` appears on the current page.</doc>
<status status="PASS" starttime="20210719 10:22:11.337" endtime="20210719 10:22:11.350"/>
</kw>
<kw name="Click Button" library="SeleniumLibrary">
<arg>${OKbutton_lctr}</arg>
<doc>Clicks the button identified by ``locator``.</doc>
<msg timestamp="20210719 10:22:11.351" level="INFO">Clicking button 'xpath://button[text()='OK']'.</msg>
<status status="PASS" starttime="20210719 10:22:11.351" endtime="20210719 10:22:12.071"/>
</kw>
<status status="PASS" starttime="20210719 10:22:11.336" endtime="20210719 10:22:12.072"/>
</kw>
<kw name="clickcreatebutton" library="SyndicationLightboxKeywords">
<kw name="Wait Until Page Contains Element" library="SeleniumLibrary">
<arg>${Createbutton_lctr}</arg>
<arg>timeout=30s</arg>
<doc>Waits until the element ``locator`` appears on the current page.</doc>
<status status="PASS" starttime="20210719 10:22:12.072" endtime="20210719 10:22:12.084"/>
</kw>
<kw name="Mouse Down" library="SeleniumLibrary">
<arg>${Createbutton_lctr}</arg>
<doc>Simulates pressing the left mouse button on the element ``locator``.</doc>
<msg timestamp="20210719 10:22:12.085" level="INFO">Simulating Mouse Down on element 'xpath://button[text()='Create']'.</msg>
<status status="PASS" starttime="20210719 10:22:12.084" endtime="20210719 10:22:12.368"/>
</kw>
<kw name="Mouse Up" library="SeleniumLibrary">
<arg>${Createbutton_lctr}</arg>
<doc>Simulates releasing the left mouse button on the element ``locator``.</doc>
<msg timestamp="20210719 10:22:12.369" level="INFO">Simulating Mouse Up on element 'xpath://button[text()='Create']'.</msg>
<status status="PASS" starttime="20210719 10:22:12.369" endtime="20210719 10:22:12.646"/>
</kw>
<status status="PASS" starttime="20210719 10:22:12.072" endtime="20210719 10:22:12.647"/>
</kw>
<kw name="selectswitchlt" library="SyndicationLightboxKeywords">
<kw name="Wait Until Page Contains Element" library="SeleniumLibrary">
<arg>${switchsyndicationlightboxoption_lctr}</arg>
<arg>timeout=30s</arg>
<doc>Waits until the element ``locator`` appears on the current page.</doc>
<status status="PASS" starttime="20210719 10:22:12.648" endtime="20210719 10:22:12.658"/>
</kw>
<kw name="Double Click Element" library="SeleniumLibrary">
<arg>${switchsyndicationlightboxoption_lctr}</arg>
<doc>Double clicks the element identified by ``locator``.</doc>
<msg timestamp="20210719 10:22:12.659" level="INFO">Double clicking element 'xpath://button[text()='Switch Syndication Lightbox']'.</msg>
<status status="PASS" starttime="20210719 10:22:12.659" endtime="20210719 10:22:14.134"/>
</kw>
<status status="PASS" starttime="20210719 10:22:12.648" endtime="20210719 10:22:14.135"/>
</kw>
<kw name="selctltboxlocator" library="SyndicationLightboxKeywords">
<kw name="Wait Until Page Contains Element" library="SeleniumLibrary">
<arg>${ltboxlociconvalidation_lctr}</arg>
<arg>timeout=30s</arg>
<doc>Waits until the element ``locator`` appears on the current page.</doc>
<status status="PASS" starttime="20210719 10:22:14.136" endtime="20210719 10:22:14.148"/>
</kw>
<kw name="Click Element" library="SeleniumLibrary">
<arg>${ltboxlociconvalidation_lctr}</arg>
<doc>Click the element identified by ``locator``.</doc>
<msg timestamp="20210719 10:22:14.149" level="INFO">Clicking element 'xpath:(//img[@class='x-form-trigger x-form-search-trigger'])[1]'.</msg>
<status status="PASS" starttime="20210719 10:22:14.148" endtime="20210719 10:22:14.206"/>
</kw>
<status status="PASS" starttime="20210719 10:22:14.136" endtime="20210719 10:22:14.206"/>
</kw>
<kw name="selctmarketfolder" library="SyndicationLightboxKeywords">
<arg>${market}</arg>
<kw name="Wait Until Element Is Visible" library="SeleniumLibrary">
<arg>xpath:(//span[text()='${market}'])[last()]</arg>
<arg>timeout=30s</arg>
<doc>Waits until the element ``locator`` is visible.</doc>
<status status="PASS" starttime="20210719 10:22:14.208" endtime="20210719 10:22:14.877"/>
</kw>
<kw name="Click Element" library="SeleniumLibrary">
<arg>xpath:(//span[text()='${market}'])[last()]</arg>
<doc>Click the element identified by ``locator``.</doc>
<msg timestamp="20210719 10:22:14.878" level="INFO">Clicking element 'xpath:(//span[text()='UK'])[last()]'.</msg>
<status status="PASS" starttime="20210719 10:22:14.878" endtime="20210719 10:22:14.914"/>
</kw>
<status status="PASS" starttime="20210719 10:22:14.207" endtime="20210719 10:22:14.915"/>
</kw>
<kw name="selecttitlefolder" library="SyndicationLightboxKeywords">
<arg>${title}</arg>
<kw name="Sleep" library="BuiltIn">
<arg>2s</arg>
<doc>Pauses the test executed for the given time.</doc>
<msg timestamp="20210719 10:22:16.917" level="INFO">Slept 2 seconds</msg>
<status status="PASS" starttime="20210719 10:22:14.916" endtime="20210719 10:22:16.917"/>
</kw>
<kw name="Wait Until Element Is Visible" library="SeleniumLibrary">
<arg>xpath:(//span[text()='${title}'])[last()]</arg>
<arg>timeout=30s</arg>
<doc>Waits until the element ``locator`` is visible.</doc>
<status status="PASS" starttime="20210719 10:22:16.918" endtime="20210719 10:22:16.933"/>
</kw>
<kw name="Click Element" library="SeleniumLibrary">
<arg>xpath:(//span[text()='${title}'])[last()]</arg>
<doc>Click the element identified by ``locator``.</doc>
<msg timestamp="20210719 10:22:16.934" level="INFO">Clicking element 'xpath:(//span[text()='Glamour'])[last()]'.</msg>
<status status="PASS" starttime="20210719 10:22:16.933" endtime="20210719 10:22:16.963"/>
</kw>
<status status="PASS" starttime="20210719 10:22:14.915" endtime="20210719 10:22:16.964"/>
</kw>
<kw name="selectwipfolder" library="SyndicationLightboxKeywords">
<kw name="Wait Until Page Contains Element" library="SeleniumLibrary">
<arg>${wipfolder_lctr}</arg>
<arg>timeout=50s</arg>
<doc>Waits until the element ``locator`` appears on the current page.</doc>
<status status="PASS" starttime="20210719 10:22:16.965" endtime="20210719 10:22:16.971"/>
</kw>
<kw name="Sleep" library="BuiltIn">
<arg>2s</arg>
<doc>Pauses the test executed for the given time.</doc>
<msg timestamp="20210719 10:22:18.974" level="INFO">Slept 2 seconds</msg>
<status status="PASS" starttime="20210719 10:22:16.971" endtime="20210719 10:22:18.974"/>
</kw>
<kw name="Scroll Element Into View" library="SeleniumLibrary">
<arg>${wipfolder_lctr}</arg>
<doc>Scrolls the element identified by ``locator`` into view.</doc>
<kw name="Capture Page Screenshot" library="SeleniumLibrary">
<doc>Takes a screenshot of the current page and embeds it into a log file.</doc>
<msg timestamp="20210719 10:22:19.866" level="INFO" html="true">&lt;/td&gt;&lt;/tr&gt;&lt;tr&gt;&lt;td colspan="3"&gt;&lt;a href="selenium-screenshot-1.png"&gt;&lt;img src="selenium-screenshot-1.png" width="800px"&gt;&lt;/a&gt;</msg>
<status status="PASS" starttime="20210719 10:22:18.991" endtime="20210719 10:22:19.866"/>
</kw>
<msg timestamp="20210719 10:22:19.873" level="FAIL">MoveTargetOutOfBoundsException: Message: move target out of bounds
  (Session info: chrome=91.0.4472.114)
</msg>
<status status="FAIL" starttime="20210719 10:22:18.975" endtime="20210719 10:22:19.873"/>
</kw>
<kw name="Double Click Element" library="SeleniumLibrary">
<arg>${wipfolder_lctr}</arg>
<doc>Double clicks the element identified by ``locator``.</doc>
<status status="NOT RUN" starttime="20210719 10:22:19.874" endtime="20210719 10:22:19.875"/>
</kw>
<status status="FAIL" starttime="20210719 10:22:16.965" endtime="20210719 10:22:19.875"/>
</kw>
<kw name="Lightboxverify" library="SyndicationLightboxKeywords">
<arg>${lightbox_nameinput}</arg>
<status status="NOT RUN" starttime="20210719 10:22:19.876" endtime="20210719 10:22:19.877"/>
</kw>
<status status="FAIL" starttime="20210719 10:21:33.165" endtime="20210719 10:22:19.878"/>
</kw>
<kw name="Finish TestCase" library="CommonFunctionality" type="TEARDOWN">
<kw name="Close All Browsers" library="SeleniumLibrary">
<doc>Closes all open browsers and resets the browser cache.</doc>
<status status="PASS" starttime="20210719 10:22:19.880" endtime="20210719 10:22:20.072"/>
</kw>
<status status="PASS" starttime="20210719 10:22:19.879" endtime="20210719 10:22:20.074"/>
</kw>
<status status="FAIL" starttime="20210719 10:21:29.322" endtime="20210719 10:22:20.075">MoveTargetOutOfBoundsException: Message: move target out of bounds
  (Session info: chrome=91.0.4472.114)
</status>
</test>
<test id="s1-s1-s1-t2" name="Lightboxcreationtestwithcsv using uk-wired-piced@condenast.com and Tuesday2020!*">
<kw name="Start TestCase" library="CommonFunctionality" type="SETUP">
<kw name="Open Browser" library="SeleniumLibrary">
<arg>https://google.com</arg>
<arg>chrome</arg>
<doc>Opens a new browser instance to the optional ``url``.</doc>
<msg timestamp="20210719 10:22:20.082" level="INFO">Opening browser 'chrome' to base url 'https://google.com'.</msg>
<status status="PASS" starttime="20210719 10:22:20.082" endtime="20210719 10:22:24.434"/>
</kw>
<kw name="Maximize Browser Window" library="SeleniumLibrary">
<doc>Maximizes current browser window.</doc>
<status status="PASS" starttime="20210719 10:22:24.435" endtime="20210719 10:22:24.571"/>
</kw>
<status status="PASS" starttime="20210719 10:22:20.081" endtime="20210719 10:22:24.572"/>
</kw>
<kw name="Lightboxcreationtest">
<arg>https://emea-staging.cnidam.com</arg>
<arg>uk-wired-piced@condenast.com</arg>
<arg>Tuesday2020!*</arg>
<arg>piced</arg>
<arg>UK</arg>
<arg>Wired</arg>
<tag>Smoke</tag>
<kw name="Open my url" library="LoginKeywords">
<arg>${SiteUrl}</arg>
<kw name="Go To" library="SeleniumLibrary">
<arg>${SiteUrl}</arg>
<doc>Navigates the current browser window to the provided ``url``.</doc>
<msg timestamp="20210719 10:22:24.574" level="INFO">Opening url 'https://emea-staging.cnidam.com'</msg>
<status status="PASS" starttime="20210719 10:22:24.574" endtime="20210719 10:22:27.908"/>
</kw>
<kw name="Maximize Browser Window" library="SeleniumLibrary">
<doc>Maximizes current browser window.</doc>
<status status="PASS" starttime="20210719 10:22:27.909" endtime="20210719 10:22:28.059"/>
</kw>
<status status="PASS" starttime="20210719 10:22:24.573" endtime="20210719 10:22:28.059"/>
</kw>
<kw name="Enter UserName" library="LoginKeywords">
<arg>${username}</arg>
<kw name="Wait Until Page Contains Element" library="SeleniumLibrary">
<arg>${txt_loginUserName_lctr}</arg>
<arg>timeout=30s</arg>
<doc>Waits until the element ``locator`` appears on the current page.</doc>
<status status="PASS" starttime="20210719 10:22:28.060" endtime="20210719 10:22:28.070"/>
</kw>
<kw name="Input Text" library="SeleniumLibrary">
<arg>${txt_loginUserName_lctr}</arg>
<arg>${username}</arg>
<doc>Types the given ``text`` into the text field identified by ``locator``.</doc>
<msg timestamp="20210719 10:22:28.072" level="INFO">Typing text 'uk-wired-piced@condenast.com' into text field 'id:idp-discovery-username'.</msg>
<status status="PASS" starttime="20210719 10:22:28.071" endtime="20210719 10:22:28.186"/>
</kw>
<kw name="Click Button" library="SeleniumLibrary">
<arg>${submitbutton_lctr}</arg>
<doc>Clicks the button identified by ``locator``.</doc>
<msg timestamp="20210719 10:22:28.187" level="INFO">Clicking button 'id:idp-discovery-submit'.</msg>
<status status="PASS" starttime="20210719 10:22:28.186" endtime="20210719 10:22:28.237"/>
</kw>
<status status="PASS" starttime="20210719 10:22:28.060" endtime="20210719 10:22:28.237"/>
</kw>
<kw name="Enter Password" library="LoginKeywords">
<arg>${password}</arg>
<kw name="Wait Until Page Contains Element" library="SeleniumLibrary">
<arg>${txt_loginps_lctr}</arg>
<arg>timeout=30s</arg>
<doc>Waits until the element ``locator`` appears on the current page.</doc>
<status status="PASS" starttime="20210719 10:22:28.238" endtime="20210719 10:22:30.346"/>
</kw>
<kw name="Input Text" library="SeleniumLibrary">
<arg>${txt_loginps_lctr}</arg>
<arg>${password}</arg>
<doc>Types the given ``text`` into the text field identified by ``locator``.</doc>
<msg timestamp="20210719 10:22:30.348" level="INFO">Typing text 'Tuesday2020!*' into text field 'class:password-with-toggle'.</msg>
<status status="PASS" starttime="20210719 10:22:30.347" endtime="20210719 10:22:30.411"/>
</kw>
<status status="PASS" starttime="20210719 10:22:28.238" endtime="20210719 10:22:30.412"/>
</kw>
<kw name="Click Verify" library="LoginKeywords">
<kw name="Wait Until Page Contains Element" library="SeleniumLibrary">
<arg>${txt_verify_lctr}</arg>
<arg>timeout=30s</arg>
<doc>Waits until the element ``locator`` appears on the current page.</doc>
<status status="PASS" starttime="20210719 10:22:30.413" endtime="20210719 10:22:30.422"/>
</kw>
<kw name="Click Button" library="SeleniumLibrary">
<arg>${txt_verify_lctr}</arg>
<doc>Clicks the button identified by ``locator``.</doc>
<msg timestamp="20210719 10:22:30.423" level="INFO">Clicking button 'css:input[class='button button-primary']'.</msg>
<status status="PASS" starttime="20210719 10:22:30.422" endtime="20210719 10:22:30.471"/>
</kw>
<status status="PASS" starttime="20210719 10:22:30.412" endtime="20210719 10:22:30.472"/>
</kw>
<kw name="Check welcomemessage" library="LoginKeywords">
<arg>${username}</arg>
<kw name="Wait Until Page Contains Element" library="SeleniumLibrary">
<arg>${welcomemessage_lctr}</arg>
<arg>timeout=30s</arg>
<doc>Waits until the element ``locator`` appears on the current page.</doc>
<status status="PASS" starttime="20210719 10:22:30.473" endtime="20210719 10:22:33.540"/>
</kw>
<kw name="Element Should Contain" library="SeleniumLibrary">
<arg>${welcomemessage_lctr}</arg>
<arg>${usernameinput}</arg>
<doc>Verifies that element ``locator`` contains text ``expected``.</doc>
<msg timestamp="20210719 10:22:33.560" level="INFO">Element 'xpath://div[@id='welcome-message']' contains text 'uk-wired-piced@condenast.com'.</msg>
<status status="PASS" starttime="20210719 10:22:33.541" endtime="20210719 10:22:33.560"/>
</kw>
<status status="PASS" starttime="20210719 10:22:30.473" endtime="20210719 10:22:33.561"/>
</kw>
<kw name="Get Title" library="SeleniumLibrary">
<var>${act_title}</var>
<doc>Returns the title of the current page.</doc>
<msg timestamp="20210719 10:22:33.567" level="INFO">${act_title} = Staging EMEA | Welcome to AEM</msg>
<status status="PASS" starttime="20210719 10:22:33.561" endtime="20210719 10:22:33.567"/>
</kw>
<kw name="Run Keyword If" library="BuiltIn">
<arg>'${act_title}' == '${expectedpagetitle_emea}' and '${SiteUrl}' == '${expectedsiteurl_emea}' or '${act_title}' == '${expectedpagetitle_apac}' and '${SiteUrl}' == '${expectedsiteurl_apac}'</arg>
<arg>Verify successful login</arg>
<arg>ELSE</arg>
<arg>Verify unsuccessful login</arg>
<doc>Runs the given keyword with the given arguments, if ``condition`` is true.</doc>
<kw name="Verify successful login" library="LoginKeywords">
<kw name="Log" library="BuiltIn">
<arg>**********Login test is passed**********</arg>
<doc>Logs the given message with the given level.</doc>
<msg timestamp="20210719 10:22:33.571" level="INFO">**********Login test is passed**********</msg>
<status status="PASS" starttime="20210719 10:22:33.571" endtime="20210719 10:22:33.571"/>
</kw>
<kw name="Log Title" library="SeleniumLibrary">
<doc>Logs and returns the title of the current page.</doc>
<msg timestamp="20210719 10:22:33.576" level="INFO">Staging EMEA | Welcome to AEM</msg>
<status status="PASS" starttime="20210719 10:22:33.572" endtime="20210719 10:22:33.577"/>
</kw>
<status status="PASS" starttime="20210719 10:22:33.570" endtime="20210719 10:22:33.578"/>
</kw>
<status status="PASS" starttime="20210719 10:22:33.569" endtime="20210719 10:22:33.578"/>
</kw>
<kw name="Run Keyword If" library="BuiltIn">
<arg>'${userrole}' == 'piced' or '${userrole}' == 'ebt'</arg>
<arg>Welcomepagetabscheck_ebtorpiced</arg>
<arg>ELSE</arg>
<arg>Welcomepagetabscheck_globaladmin</arg>
<doc>Runs the given keyword with the given arguments, if ``condition`` is true.</doc>
<kw name="Welcomepagetabscheck_ebtorpiced" library="LoginKeywords">
<kw name="Wait Until Page Contains Element" library="SeleniumLibrary">
<arg>${tabcontent_lctr}</arg>
<arg>timeout=30s</arg>
<doc>Waits until the element ``locator`` appears on the current page.</doc>
<status status="PASS" starttime="20210719 10:22:33.580" endtime="20210719 10:22:33.590"/>
</kw>
<kw name="Get Element Count" library="SeleniumLibrary">
<var>${AllTabsCount}</var>
<arg>${tabcontent_lctr}</arg>
<doc>Returns the number of elements matching ``locator``.</doc>
<msg timestamp="20210719 10:22:33.598" level="INFO">${AllTabsCount} = 10</msg>
<status status="PASS" starttime="20210719 10:22:33.591" endtime="20210719 10:22:33.598"/>
</kw>
<kw name="Get WebElements" library="SeleniumLibrary">
<var>@{TabItems}</var>
<arg>${tabcontent_lctr}</arg>
<doc>Returns a list of WebElement objects matching the ``locator``.</doc>
<msg timestamp="20210719 10:22:33.605" level="INFO">@{TabItems} = [ &lt;selenium.webdriver.remote.webelement.WebElement (session="befc346edf2ef21af10bdc4449da42b8", element="df500713-016b-44c1-a9cc-85bb03207bc6")&gt; | &lt;selenium.webdriver.remote.webelement.WebElement (ses...</msg>
<status status="PASS" starttime="20210719 10:22:33.599" endtime="20210719 10:22:33.606"/>
</kw>
<kw name="Log" library="BuiltIn">
<arg>${AllTabsCount}</arg>
<doc>Logs the given message with the given level.</doc>
<msg timestamp="20210719 10:22:33.607" level="INFO">10</msg>
<status status="PASS" starttime="20210719 10:22:33.606" endtime="20210719 10:22:33.607"/>
</kw>
<for flavor="IN RANGE">
<var>${i}</var>
<value>0</value>
<value>${${AllTabsCount}}</value>
<iter>
<var name="${i}">0</var>
<kw name="Get Text" library="SeleniumLibrary">
<var>${TabText}</var>
<arg>${TabItems}[${i}]</arg>
<doc>Returns the text value of the element identified by ``locator``.</doc>
<msg timestamp="20210719 10:22:33.620" level="INFO">${TabText} = Images</msg>
<status status="PASS" starttime="20210719 10:22:33.610" endtime="20210719 10:22:33.620"/>
</kw>
<kw name="Log" library="BuiltIn">
<arg>${TabText}</arg>
<doc>Logs the given message with the given level.</doc>
<msg timestamp="20210719 10:22:33.621" level="INFO">Images</msg>
<status status="PASS" starttime="20210719 10:22:33.621" endtime="20210719 10:22:33.621"/>
</kw>
<kw name="Log" library="BuiltIn">
<arg>${welcomepagetabs}[${i}]</arg>
<doc>Logs the given message with the given level.</doc>
<msg timestamp="20210719 10:22:33.623" level="INFO">Images</msg>
<status status="PASS" starttime="20210719 10:22:33.622" endtime="20210719 10:22:33.623"/>
</kw>
<kw name="Run Keyword If" library="BuiltIn">
<arg>'${welcomepagetabs}[${i}]' == '${TabText}'</arg>
<arg>Log</arg>
<arg>pass</arg>
<arg>ELSE</arg>
<arg>FAIL</arg>
<arg>***Title mismatch***</arg>
<doc>Runs the given keyword with the given arguments, if ``condition`` is true.</doc>
<kw name="Log" library="BuiltIn">
<arg>pass</arg>
<doc>Logs the given message with the given level.</doc>
<msg timestamp="20210719 10:22:33.624" level="INFO">pass</msg>
<status status="PASS" starttime="20210719 10:22:33.624" endtime="20210719 10:22:33.624"/>
</kw>
<status status="PASS" starttime="20210719 10:22:33.623" endtime="20210719 10:22:33.625"/>
</kw>
<status status="PASS" starttime="20210719 10:22:33.610" endtime="20210719 10:22:33.626"/>
</iter>
<iter>
<var name="${i}">1</var>
<kw name="Get Text" library="SeleniumLibrary">
<var>${TabText}</var>
<arg>${TabItems}[${i}]</arg>
<doc>Returns the text value of the element identified by ``locator``.</doc>
<msg timestamp="20210719 10:22:33.637" level="INFO">${TabText} = Images - Touch UI</msg>
<status status="PASS" starttime="20210719 10:22:33.627" endtime="20210719 10:22:33.638"/>
</kw>
<kw name="Log" library="BuiltIn">
<arg>${TabText}</arg>
<doc>Logs the given message with the given level.</doc>
<msg timestamp="20210719 10:22:33.639" level="INFO">Images - Touch UI</msg>
<status status="PASS" starttime="20210719 10:22:33.639" endtime="20210719 10:22:33.639"/>
</kw>
<kw name="Log" library="BuiltIn">
<arg>${welcomepagetabs}[${i}]</arg>
<doc>Logs the given message with the given level.</doc>
<msg timestamp="20210719 10:22:33.641" level="INFO">Images - Touch UI</msg>
<status status="PASS" starttime="20210719 10:22:33.641" endtime="20210719 10:22:33.641"/>
</kw>
<kw name="Run Keyword If" library="BuiltIn">
<arg>'${welcomepagetabs}[${i}]' == '${TabText}'</arg>
<arg>Log</arg>
<arg>pass</arg>
<arg>ELSE</arg>
<arg>FAIL</arg>
<arg>***Title mismatch***</arg>
<doc>Runs the given keyword with the given arguments, if ``condition`` is true.</doc>
<kw name="Log" library="BuiltIn">
<arg>pass</arg>
<doc>Logs the given message with the given level.</doc>
<msg timestamp="20210719 10:22:33.645" level="INFO">pass</msg>
<status status="PASS" starttime="20210719 10:22:33.644" endtime="20210719 10:22:33.645"/>
</kw>
<status status="PASS" starttime="20210719 10:22:33.643" endtime="20210719 10:22:33.646"/>
</kw>
<status status="PASS" starttime="20210719 10:22:33.627" endtime="20210719 10:22:33.647"/>
</iter>
<iter>
<var name="${i}">2</var>
<kw name="Get Text" library="SeleniumLibrary">
<var>${TabText}</var>
<arg>${TabItems}[${i}]</arg>
<doc>Returns the text value of the element identified by ``locator``.</doc>
<msg timestamp="20210719 10:22:33.660" level="INFO">${TabText} = Publications</msg>
<status status="PASS" starttime="20210719 10:22:33.648" endtime="20210719 10:22:33.660"/>
</kw>
<kw name="Log" library="BuiltIn">
<arg>${TabText}</arg>
<doc>Logs the given message with the given level.</doc>
<msg timestamp="20210719 10:22:33.662" level="INFO">Publications</msg>
<status status="PASS" starttime="20210719 10:22:33.661" endtime="20210719 10:22:33.662"/>
</kw>
<kw name="Log" library="BuiltIn">
<arg>${welcomepagetabs}[${i}]</arg>
<doc>Logs the given message with the given level.</doc>
<msg timestamp="20210719 10:22:33.663" level="INFO">Publications</msg>
<status status="PASS" starttime="20210719 10:22:33.663" endtime="20210719 10:22:33.663"/>
</kw>
<kw name="Run Keyword If" library="BuiltIn">
<arg>'${welcomepagetabs}[${i}]' == '${TabText}'</arg>
<arg>Log</arg>
<arg>pass</arg>
<arg>ELSE</arg>
<arg>FAIL</arg>
<arg>***Title mismatch***</arg>
<doc>Runs the given keyword with the given arguments, if ``condition`` is true.</doc>
<kw name="Log" library="BuiltIn">
<arg>pass</arg>
<doc>Logs the given message with the given level.</doc>
<msg timestamp="20210719 10:22:33.665" level="INFO">pass</msg>
<status status="PASS" starttime="20210719 10:22:33.665" endtime="20210719 10:22:33.665"/>
</kw>
<status status="PASS" starttime="20210719 10:22:33.664" endtime="20210719 10:22:33.666"/>
</kw>
<status status="PASS" starttime="20210719 10:22:33.647" endtime="20210719 10:22:33.666"/>
</iter>
<iter>
<var name="${i}">3</var>
<kw name="Get Text" library="SeleniumLibrary">
<var>${TabText}</var>
<arg>${TabItems}[${i}]</arg>
<doc>Returns the text value of the element identified by ``locator``.</doc>
<msg timestamp="20210719 10:22:33.678" level="INFO">${TabText} = Content creators contracts</msg>
<status status="PASS" starttime="20210719 10:22:33.667" endtime="20210719 10:22:33.678"/>
</kw>
<kw name="Log" library="BuiltIn">
<arg>${TabText}</arg>
<doc>Logs the given message with the given level.</doc>
<msg timestamp="20210719 10:22:33.680" level="INFO">Content creators contracts</msg>
<status status="PASS" starttime="20210719 10:22:33.680" endtime="20210719 10:22:33.680"/>
</kw>
<kw name="Log" library="BuiltIn">
<arg>${welcomepagetabs}[${i}]</arg>
<doc>Logs the given message with the given level.</doc>
<msg timestamp="20210719 10:22:33.681" level="INFO">Content creators contracts</msg>
<status status="PASS" starttime="20210719 10:22:33.681" endtime="20210719 10:22:33.681"/>
</kw>
<kw name="Run Keyword If" library="BuiltIn">
<arg>'${welcomepagetabs}[${i}]' == '${TabText}'</arg>
<arg>Log</arg>
<arg>pass</arg>
<arg>ELSE</arg>
<arg>FAIL</arg>
<arg>***Title mismatch***</arg>
<doc>Runs the given keyword with the given arguments, if ``condition`` is true.</doc>
<kw name="Log" library="BuiltIn">
<arg>pass</arg>
<doc>Logs the given message with the given level.</doc>
<msg timestamp="20210719 10:22:33.683" level="INFO">pass</msg>
<status status="PASS" starttime="20210719 10:22:33.683" endtime="20210719 10:22:33.683"/>
</kw>
<status status="PASS" starttime="20210719 10:22:33.682" endtime="20210719 10:22:33.684"/>
</kw>
<status status="PASS" starttime="20210719 10:22:33.667" endtime="20210719 10:22:33.685"/>
</iter>
<iter>
<var name="${i}">4</var>
<kw name="Get Text" library="SeleniumLibrary">
<var>${TabText}</var>
<arg>${TabItems}[${i}]</arg>
<doc>Returns the text value of the element identified by ``locator``.</doc>
<msg timestamp="20210719 10:22:33.697" level="INFO">${TabText} = Videos</msg>
<status status="PASS" starttime="20210719 10:22:33.686" endtime="20210719 10:22:33.697"/>
</kw>
<kw name="Log" library="BuiltIn">
<arg>${TabText}</arg>
<doc>Logs the given message with the given level.</doc>
<msg timestamp="20210719 10:22:33.699" level="INFO">Videos</msg>
<status status="PASS" starttime="20210719 10:22:33.698" endtime="20210719 10:22:33.699"/>
</kw>
<kw name="Log" library="BuiltIn">
<arg>${welcomepagetabs}[${i}]</arg>
<doc>Logs the given message with the given level.</doc>
<msg timestamp="20210719 10:22:33.700" level="INFO">Videos</msg>
<status status="PASS" starttime="20210719 10:22:33.700" endtime="20210719 10:22:33.700"/>
</kw>
<kw name="Run Keyword If" library="BuiltIn">
<arg>'${welcomepagetabs}[${i}]' == '${TabText}'</arg>
<arg>Log</arg>
<arg>pass</arg>
<arg>ELSE</arg>
<arg>FAIL</arg>
<arg>***Title mismatch***</arg>
<doc>Runs the given keyword with the given arguments, if ``condition`` is true.</doc>
<kw name="Log" library="BuiltIn">
<arg>pass</arg>
<doc>Logs the given message with the given level.</doc>
<msg timestamp="20210719 10:22:33.702" level="INFO">pass</msg>
<status status="PASS" starttime="20210719 10:22:33.702" endtime="20210719 10:22:33.702"/>
</kw>
<status status="PASS" starttime="20210719 10:22:33.701" endtime="20210719 10:22:33.703"/>
</kw>
<status status="PASS" starttime="20210719 10:22:33.685" endtime="20210719 10:22:33.703"/>
</iter>
<iter>
<var name="${i}">5</var>
<kw name="Get Text" library="SeleniumLibrary">
<var>${TabText}</var>
<arg>${TabItems}[${i}]</arg>
<doc>Returns the text value of the element identified by ``locator``.</doc>
<msg timestamp="20210719 10:22:33.714" level="INFO">${TabText} = Syndication after publication</msg>
<status status="PASS" starttime="20210719 10:22:33.704" endtime="20210719 10:22:33.715"/>
</kw>
<kw name="Log" library="BuiltIn">
<arg>${TabText}</arg>
<doc>Logs the given message with the given level.</doc>
<msg timestamp="20210719 10:22:33.721" level="INFO">Syndication after publication</msg>
<status status="PASS" starttime="20210719 10:22:33.721" endtime="20210719 10:22:33.721"/>
</kw>
<kw name="Log" library="BuiltIn">
<arg>${welcomepagetabs}[${i}]</arg>
<doc>Logs the given message with the given level.</doc>
<msg timestamp="20210719 10:22:33.723" level="INFO">Syndication after publication</msg>
<status status="PASS" starttime="20210719 10:22:33.722" endtime="20210719 10:22:33.723"/>
</kw>
<kw name="Run Keyword If" library="BuiltIn">
<arg>'${welcomepagetabs}[${i}]' == '${TabText}'</arg>
<arg>Log</arg>
<arg>pass</arg>
<arg>ELSE</arg>
<arg>FAIL</arg>
<arg>***Title mismatch***</arg>
<doc>Runs the given keyword with the given arguments, if ``condition`` is true.</doc>
<kw name="Log" library="BuiltIn">
<arg>pass</arg>
<doc>Logs the given message with the given level.</doc>
<msg timestamp="20210719 10:22:33.726" level="INFO">pass</msg>
<status status="PASS" starttime="20210719 10:22:33.726" endtime="20210719 10:22:33.726"/>
</kw>
<status status="PASS" starttime="20210719 10:22:33.724" endtime="20210719 10:22:33.727"/>
</kw>
<status status="PASS" starttime="20210719 10:22:33.703" endtime="20210719 10:22:33.728"/>
</iter>
<iter>
<var name="${i}">6</var>
<kw name="Get Text" library="SeleniumLibrary">
<var>${TabText}</var>
<arg>${TabItems}[${i}]</arg>
<doc>Returns the text value of the element identified by ``locator``.</doc>
<msg timestamp="20210719 10:22:33.742" level="INFO">${TabText} = Syndication before publication</msg>
<status status="PASS" starttime="20210719 10:22:33.729" endtime="20210719 10:22:33.742"/>
</kw>
<kw name="Log" library="BuiltIn">
<arg>${TabText}</arg>
<doc>Logs the given message with the given level.</doc>
<msg timestamp="20210719 10:22:33.744" level="INFO">Syndication before publication</msg>
<status status="PASS" starttime="20210719 10:22:33.744" endtime="20210719 10:22:33.745"/>
</kw>
<kw name="Log" library="BuiltIn">
<arg>${welcomepagetabs}[${i}]</arg>
<doc>Logs the given message with the given level.</doc>
<msg timestamp="20210719 10:22:33.747" level="INFO">Syndication before publication</msg>
<status status="PASS" starttime="20210719 10:22:33.746" endtime="20210719 10:22:33.747"/>
</kw>
<kw name="Run Keyword If" library="BuiltIn">
<arg>'${welcomepagetabs}[${i}]' == '${TabText}'</arg>
<arg>Log</arg>
<arg>pass</arg>
<arg>ELSE</arg>
<arg>FAIL</arg>
<arg>***Title mismatch***</arg>
<doc>Runs the given keyword with the given arguments, if ``condition`` is true.</doc>
<kw name="Log" library="BuiltIn">
<arg>pass</arg>
<doc>Logs the given message with the given level.</doc>
<msg timestamp="20210719 10:22:33.749" level="INFO">pass</msg>
<status status="PASS" starttime="20210719 10:22:33.749" endtime="20210719 10:22:33.749"/>
</kw>
<status status="PASS" starttime="20210719 10:22:33.748" endtime="20210719 10:22:33.750"/>
</kw>
<status status="PASS" starttime="20210719 10:22:33.728" endtime="20210719 10:22:33.750"/>
</iter>
<iter>
<var name="${i}">7</var>
<kw name="Get Text" library="SeleniumLibrary">
<var>${TabText}</var>
<arg>${TabItems}[${i}]</arg>
<doc>Returns the text value of the element identified by ``locator``.</doc>
<msg timestamp="20210719 10:22:33.762" level="INFO">${TabText} = Fashion Shows</msg>
<status status="PASS" starttime="20210719 10:22:33.751" endtime="20210719 10:22:33.762"/>
</kw>
<kw name="Log" library="BuiltIn">
<arg>${TabText}</arg>
<doc>Logs the given message with the given level.</doc>
<msg timestamp="20210719 10:22:33.764" level="INFO">Fashion Shows</msg>
<status status="PASS" starttime="20210719 10:22:33.763" endtime="20210719 10:22:33.764"/>
</kw>
<kw name="Log" library="BuiltIn">
<arg>${welcomepagetabs}[${i}]</arg>
<doc>Logs the given message with the given level.</doc>
<msg timestamp="20210719 10:22:33.767" level="INFO">Inbox</msg>
<status status="PASS" starttime="20210719 10:22:33.766" endtime="20210719 10:22:33.767"/>
</kw>
<kw name="Run Keyword If" library="BuiltIn">
<arg>'${welcomepagetabs}[${i}]' == '${TabText}'</arg>
<arg>Log</arg>
<arg>pass</arg>
<arg>ELSE</arg>
<arg>FAIL</arg>
<arg>***Title mismatch***</arg>
<doc>Runs the given keyword with the given arguments, if ``condition`` is true.</doc>
<kw name="Fail" library="BuiltIn">
<arg>***Title mismatch***</arg>
<doc>Fails the test with the given message and optionally alters its tags.</doc>
<msg timestamp="20210719 10:22:33.770" level="FAIL">***Title mismatch***</msg>
<status status="FAIL" starttime="20210719 10:22:33.769" endtime="20210719 10:22:33.770"/>
</kw>
<status status="FAIL" starttime="20210719 10:22:33.768" endtime="20210719 10:22:33.771"/>
</kw>
<status status="FAIL" starttime="20210719 10:22:33.751" endtime="20210719 10:22:33.771"/>
</iter>
<status status="FAIL" starttime="20210719 10:22:33.608" endtime="20210719 10:22:33.772"/>
</for>
<status status="FAIL" starttime="20210719 10:22:33.579" endtime="20210719 10:22:33.772"/>
</kw>
<status status="FAIL" starttime="20210719 10:22:33.579" endtime="20210719 10:22:33.773"/>
</kw>
<kw name="Go to images page" library="SyndicationLightboxKeywords">
<status status="NOT RUN" starttime="20210719 10:22:33.773" endtime="20210719 10:22:33.773"/>
</kw>
<kw name="clickltboxexpandarrow" library="SyndicationLightboxKeywords">
<status status="NOT RUN" starttime="20210719 10:22:33.774" endtime="20210719 10:22:33.774"/>
</kw>
<kw name="clickltboxsearchtool" library="SyndicationLightboxKeywords">
<status status="NOT RUN" starttime="20210719 10:22:33.774" endtime="20210719 10:22:33.774"/>
</kw>
<kw name="createnewltboxoption" library="SyndicationLightboxKeywords">
<status status="NOT RUN" starttime="20210719 10:22:33.775" endtime="20210719 10:22:33.776"/>
</kw>
<kw name="enterltboxname" library="SyndicationLightboxKeywords">
<var>${lightbox_nameinput}</var>
<status status="NOT RUN" starttime="20210719 10:22:33.777" endtime="20210719 10:22:33.777"/>
</kw>
<kw name="selctltboxlocation" library="SyndicationLightboxKeywords">
<status status="NOT RUN" starttime="20210719 10:22:33.778" endtime="20210719 10:22:33.778"/>
</kw>
<kw name="selctmarketfolder" library="SyndicationLightboxKeywords">
<arg>${market}</arg>
<status status="NOT RUN" starttime="20210719 10:22:33.778" endtime="20210719 10:22:33.779"/>
</kw>
<kw name="selecttitlefolder" library="SyndicationLightboxKeywords">
<arg>${title}</arg>
<status status="NOT RUN" starttime="20210719 10:22:33.779" endtime="20210719 10:22:33.780"/>
</kw>
<kw name="selectwipfolder" library="SyndicationLightboxKeywords">
<status status="NOT RUN" starttime="20210719 10:22:33.780" endtime="20210719 10:22:33.781"/>
</kw>
<kw name="selectokbutton" library="SyndicationLightboxKeywords">
<status status="NOT RUN" starttime="20210719 10:22:33.781" endtime="20210719 10:22:33.781"/>
</kw>
<kw name="clickcreatebutton" library="SyndicationLightboxKeywords">
<status status="NOT RUN" starttime="20210719 10:22:33.782" endtime="20210719 10:22:33.782"/>
</kw>
<kw name="selectswitchlt" library="SyndicationLightboxKeywords">
<status status="NOT RUN" starttime="20210719 10:22:33.782" endtime="20210719 10:22:33.783"/>
</kw>
<kw name="selctltboxlocator" library="SyndicationLightboxKeywords">
<status status="NOT RUN" starttime="20210719 10:22:33.783" endtime="20210719 10:22:33.783"/>
</kw>
<kw name="selctmarketfolder" library="SyndicationLightboxKeywords">
<arg>${market}</arg>
<status status="NOT RUN" starttime="20210719 10:22:33.784" endtime="20210719 10:22:33.784"/>
</kw>
<kw name="selecttitlefolder" library="SyndicationLightboxKeywords">
<arg>${title}</arg>
<status status="NOT RUN" starttime="20210719 10:22:33.784" endtime="20210719 10:22:33.784"/>
</kw>
<kw name="selectwipfolder" library="SyndicationLightboxKeywords">
<status status="NOT RUN" starttime="20210719 10:22:33.785" endtime="20210719 10:22:33.785"/>
</kw>
<kw name="Lightboxverify" library="SyndicationLightboxKeywords">
<arg>${lightbox_nameinput}</arg>
<status status="NOT RUN" starttime="20210719 10:22:33.785" endtime="20210719 10:22:33.785"/>
</kw>
<status status="FAIL" starttime="20210719 10:22:24.573" endtime="20210719 10:22:33.786"/>
</kw>
<kw name="Finish TestCase" library="CommonFunctionality" type="TEARDOWN">
<kw name="Close All Browsers" library="SeleniumLibrary">
<doc>Closes all open browsers and resets the browser cache.</doc>
<status status="PASS" starttime="20210719 10:22:33.787" endtime="20210719 10:22:33.888"/>
</kw>
<status status="PASS" starttime="20210719 10:22:33.786" endtime="20210719 10:22:33.888"/>
</kw>
<status status="FAIL" starttime="20210719 10:22:20.080" endtime="20210719 10:22:33.889">***Title mismatch***</status>
</test>
<status status="FAIL" starttime="20210719 10:21:28.954" endtime="20210719 10:22:33.894"/>
</suite>
<status status="FAIL" starttime="20210719 10:21:28.952" endtime="20210719 10:22:33.915"/>
</suite>
<status status="FAIL" starttime="20210719 10:21:28.931" endtime="20210719 10:22:33.917"/>
</suite>
<statistics>
<total>
<stat pass="0" fail="2" skip="0">All Tests</stat>
</total>
<tag>
</tag>
<suite>
<stat pass="0" fail="2" skip="0" id="s1" name="TestCases">TestCases</stat>
<stat pass="0" fail="2" skip="0" id="s1-s1" name="Lightboxcreationtests">TestCases.Lightboxcreationtests</stat>
<stat pass="0" fail="2" skip="0" id="s1-s1-s1" name="Syndicationlightbox">TestCases.Lightboxcreationtests.Syndicationlightbox</stat>
</suite>
</statistics>
<errors>
</errors>
</robot>
