<?xml version="1.0" encoding="UTF-8"?>
<robot generator="Robot 4.0.3 (Python 3.9.5 on darwin)" generated="20210719 10:23:51.927" rpa="false" schemaversion="2">
<suite id="s1" name="TestCases" source="/Users/hsreekum/PycharmProjects/DAMrobotAutomationframeworktwo/TestCases">
<suite id="s1-s1" name="Syndicationconsoletests" source="/Users/hsreekum/PycharmProjects/DAMrobotAutomationframeworktwo/TestCases/Syndicationconsoletests">
<suite id="s1-s1-s1" name="SyndicationBeforePublicationreqofmetest" source="/Users/hsreekum/PycharmProjects/DAMrobotAutomationframeworktwo/TestCases/Syndicationconsoletests/SyndicationBeforePublicationreqofmetest.robot">
<test id="s1-s1-s1-t1" name="SyndicationBeforepublication">
<kw name="Start TestCase" library="CommonFunctionality" type="SETUP">
<kw name="Open Browser" library="SeleniumLibrary">
<arg>https://google.com</arg>
<arg>chrome</arg>
<doc>Opens a new browser instance to the optional ``url``.</doc>
<msg timestamp="20210719 10:23:52.162" level="INFO">Opening browser 'chrome' to base url 'https://google.com'.</msg>
<status status="PASS" starttime="20210719 10:23:52.162" endtime="20210719 10:23:56.253"/>
</kw>
<kw name="Maximize Browser Window" library="SeleniumLibrary">
<doc>Maximizes current browser window.</doc>
<status status="PASS" starttime="20210719 10:23:56.255" endtime="20210719 10:23:56.392"/>
</kw>
<status status="PASS" starttime="20210719 10:23:52.161" endtime="20210719 10:23:56.392"/>
</kw>
<kw name="Open my url" library="LoginKeywords">
<arg>${SiteUrl}</arg>
<kw name="Go To" library="SeleniumLibrary">
<arg>${SiteUrl}</arg>
<doc>Navigates the current browser window to the provided ``url``.</doc>
<msg timestamp="20210719 10:23:56.394" level="INFO">Opening url 'https://emea-staging.cnidam.com'</msg>
<status status="PASS" starttime="20210719 10:23:56.394" endtime="20210719 10:23:59.167"/>
</kw>
<kw name="Maximize Browser Window" library="SeleniumLibrary">
<doc>Maximizes current browser window.</doc>
<status status="PASS" starttime="20210719 10:23:59.168" endtime="20210719 10:23:59.325"/>
</kw>
<status status="PASS" starttime="20210719 10:23:56.393" endtime="20210719 10:23:59.326"/>
</kw>
<kw name="Enter UserName" library="LoginKeywords">
<arg>${user}</arg>
<kw name="Wait Until Page Contains Element" library="SeleniumLibrary">
<arg>${txt_loginUserName_lctr}</arg>
<arg>timeout=30s</arg>
<doc>Waits until the element ``locator`` appears on the current page.</doc>
<status status="PASS" starttime="20210719 10:23:59.328" endtime="20210719 10:23:59.341"/>
</kw>
<kw name="Input Text" library="SeleniumLibrary">
<arg>${txt_loginUserName_lctr}</arg>
<arg>${username}</arg>
<doc>Types the given ``text`` into the text field identified by ``locator``.</doc>
<msg timestamp="20210719 10:23:59.343" level="INFO">Typing text 'harikrishnan.sreekumaran@condenast.com' into text field 'id:idp-discovery-username'.</msg>
<status status="PASS" starttime="20210719 10:23:59.342" endtime="20210719 10:23:59.531"/>
</kw>
<kw name="Click Button" library="SeleniumLibrary">
<arg>${submitbutton_lctr}</arg>
<doc>Clicks the button identified by ``locator``.</doc>
<msg timestamp="20210719 10:23:59.532" level="INFO">Clicking button 'id:idp-discovery-submit'.</msg>
<status status="PASS" starttime="20210719 10:23:59.532" endtime="20210719 10:23:59.590"/>
</kw>
<status status="PASS" starttime="20210719 10:23:59.326" endtime="20210719 10:23:59.590"/>
</kw>
<kw name="Enter Password" library="LoginKeywords">
<arg>${pwd}</arg>
<kw name="Wait Until Page Contains Element" library="SeleniumLibrary">
<arg>${txt_loginps_lctr}</arg>
<arg>timeout=30s</arg>
<doc>Waits until the element ``locator`` appears on the current page.</doc>
<status status="PASS" starttime="20210719 10:23:59.591" endtime="20210719 10:24:01.682"/>
</kw>
<kw name="Input Text" library="SeleniumLibrary">
<arg>${txt_loginps_lctr}</arg>
<arg>${password}</arg>
<doc>Types the given ``text`` into the text field identified by ``locator``.</doc>
<msg timestamp="20210719 10:24:01.683" level="INFO">Typing text 'Mondaytuesday2021!' into text field 'class:password-with-toggle'.</msg>
<status status="PASS" starttime="20210719 10:24:01.683" endtime="20210719 10:24:01.750"/>
</kw>
<status status="PASS" starttime="20210719 10:23:59.591" endtime="20210719 10:24:01.751"/>
</kw>
<kw name="Click Verify" library="LoginKeywords">
<kw name="Wait Until Page Contains Element" library="SeleniumLibrary">
<arg>${txt_verify_lctr}</arg>
<arg>timeout=30s</arg>
<doc>Waits until the element ``locator`` appears on the current page.</doc>
<status status="PASS" starttime="20210719 10:24:01.751" endtime="20210719 10:24:01.760"/>
</kw>
<kw name="Click Button" library="SeleniumLibrary">
<arg>${txt_verify_lctr}</arg>
<doc>Clicks the button identified by ``locator``.</doc>
<msg timestamp="20210719 10:24:01.761" level="INFO">Clicking button 'css:input[class='button button-primary']'.</msg>
<status status="PASS" starttime="20210719 10:24:01.760" endtime="20210719 10:24:01.803"/>
</kw>
<status status="PASS" starttime="20210719 10:24:01.751" endtime="20210719 10:24:01.804"/>
</kw>
<kw name="Sleep" library="BuiltIn">
<arg>7s</arg>
<doc>Pauses the test executed for the given time.</doc>
<msg timestamp="20210719 10:24:08.806" level="INFO">Slept 7 seconds</msg>
<status status="PASS" starttime="20210719 10:24:01.805" endtime="20210719 10:24:08.806"/>
</kw>
<kw name="Get Title" library="SeleniumLibrary">
<var>${act_title}</var>
<doc>Returns the title of the current page.</doc>
<msg timestamp="20210719 10:24:08.814" level="INFO">${act_title} = Staging EMEA | Welcome to AEM</msg>
<status status="PASS" starttime="20210719 10:24:08.808" endtime="20210719 10:24:08.814"/>
</kw>
<kw name="Run Keyword If" library="BuiltIn">
<arg>'${act_title}' == 'Staging EMEA | Welcome to AEM'</arg>
<arg>Verify successful login</arg>
<arg>ELSE</arg>
<arg>Verify unsuccessful login</arg>
<doc>Runs the given keyword with the given arguments, if ``condition`` is true.</doc>
<kw name="Verify successful login" library="LoginKeywords">
<kw name="Log" library="BuiltIn">
<arg>**********Login test is passed**********</arg>
<doc>Logs the given message with the given level.</doc>
<msg timestamp="20210719 10:24:08.817" level="INFO">**********Login test is passed**********</msg>
<status status="PASS" starttime="20210719 10:24:08.816" endtime="20210719 10:24:08.817"/>
</kw>
<kw name="Log Title" library="SeleniumLibrary">
<doc>Logs and returns the title of the current page.</doc>
<msg timestamp="20210719 10:24:08.821" level="INFO">Staging EMEA | Welcome to AEM</msg>
<status status="PASS" starttime="20210719 10:24:08.817" endtime="20210719 10:24:08.821"/>
</kw>
<status status="PASS" starttime="20210719 10:24:08.816" endtime="20210719 10:24:08.821"/>
</kw>
<status status="PASS" starttime="20210719 10:24:08.815" endtime="20210719 10:24:08.822"/>
</kw>
<kw name="Go to Syndication Before Publication" library="SyndicationbeforepublicationreqofmeKeywords">
<kw name="Wait Until Element Is Enabled" library="SeleniumLibrary">
<arg>${SyndicationBeforePublicationtabicon_lctr}</arg>
<doc>Waits until the element ``locator`` is enabled.</doc>
<status status="PASS" starttime="20210719 10:24:08.823" endtime="20210719 10:24:08.845"/>
</kw>
<kw name="Click Element" library="SeleniumLibrary">
<arg>${SyndicationBeforePublicationtabicon_lctr}</arg>
<doc>Click the element identified by ``locator``.</doc>
<msg timestamp="20210719 10:24:08.846" level="INFO">Clicking element 'xpath://div[@class='icon damreservationadminwip']'.</msg>
<status status="PASS" starttime="20210719 10:24:08.846" endtime="20210719 10:24:10.513"/>
</kw>
<status status="PASS" starttime="20210719 10:24:08.822" endtime="20210719 10:24:10.514"/>
</kw>
<kw name="Sleep" library="BuiltIn">
<arg>10s</arg>
<doc>Pauses the test executed for the given time.</doc>
<msg timestamp="20210719 10:24:20.515" level="INFO">Slept 10 seconds</msg>
<status status="PASS" starttime="20210719 10:24:10.515" endtime="20210719 10:24:20.516"/>
</kw>
<kw name="Go to Requested Of Me tab" library="SyndicationbeforepublicationreqofmeKeywords">
<kw name="Wait Until Element Is Enabled" library="SeleniumLibrary">
<arg>${wipRequestedOfMetab_lctr}</arg>
<doc>Waits until the element ``locator`` is enabled.</doc>
<status status="PASS" starttime="20210719 10:24:20.518" endtime="20210719 10:24:20.540"/>
</kw>
<kw name="Click Element" library="SeleniumLibrary">
<arg>${wipRequestedOfMetab_lctr}</arg>
<doc>Click the element identified by ``locator``.</doc>
<msg timestamp="20210719 10:24:20.541" level="INFO">Clicking element 'xpath://span[text()='Requested Of Me']'.</msg>
<status status="PASS" starttime="20210719 10:24:20.541" endtime="20210719 10:24:20.676"/>
</kw>
<status status="PASS" starttime="20210719 10:24:20.517" endtime="20210719 10:24:20.677"/>
</kw>
<kw name="Sleep" library="BuiltIn">
<arg>10s</arg>
<doc>Pauses the test executed for the given time.</doc>
<msg timestamp="20210719 10:24:30.680" level="INFO">Slept 10 seconds</msg>
<status status="PASS" starttime="20210719 10:24:20.678" endtime="20210719 10:24:30.680"/>
</kw>
<kw name="Get current Layout markets displayed in the page" library="SyndicationbeforepublicationreqofmeKeywords">
<kw name="Sleep" library="BuiltIn">
<arg>20s</arg>
<doc>Pauses the test executed for the given time.</doc>
<msg timestamp="20210719 10:24:50.683" level="INFO">Slept 20 seconds</msg>
<status status="PASS" starttime="20210719 10:24:30.682" endtime="20210719 10:24:50.683"/>
</kw>
<kw name="Wait Until Element Is Enabled" library="SeleniumLibrary">
<arg>${reqofme_wip_currentlayoutmarketsdisplayed}</arg>
<doc>Waits until the element ``locator`` is enabled.</doc>
<status status="PASS" starttime="20210719 10:24:50.685" endtime="20210719 10:24:50.707"/>
</kw>
<kw name="Get WebElements" library="SeleniumLibrary">
<var>@{layoutmarketdisplayedlist}</var>
<arg>${reqofme_wip_currentlayoutmarketsdisplayed}</arg>
<doc>Returns a list of WebElement objects matching the ``locator``.</doc>
<msg timestamp="20210719 10:24:50.713" level="INFO">@{layoutmarketdisplayedlist} = [ &lt;selenium.webdriver.remote.webelement.WebElement (session="c00d26ae6b4df5fe3f912e630ae27117", element="b154e3f8-ac75-4791-866a-c77279e7c2bd")&gt; | &lt;selenium.webdriver.remote.webelement.WebElement (ses...</msg>
<status status="PASS" starttime="20210719 10:24:50.708" endtime="20210719 10:24:50.713"/>
</kw>
<kw name="Get Element Count" library="SeleniumLibrary">
<var>${layoutmarketdisplayedcount}</var>
<arg>${reqofme_wip_currentlayoutmarketsdisplayed}</arg>
<doc>Returns the number of elements matching ``locator``.</doc>
<msg timestamp="20210719 10:24:50.720" level="INFO">${layoutmarketdisplayedcount} = 6</msg>
<status status="PASS" starttime="20210719 10:24:50.714" endtime="20210719 10:24:50.720"/>
</kw>
<kw name="Log To Console" library="BuiltIn">
<arg>${layoutmarketdisplayedcount}</arg>
<doc>Logs the given message to the console.</doc>
<status status="PASS" starttime="20210719 10:24:50.720" endtime="20210719 10:24:50.721"/>
</kw>
<kw name="Log" library="BuiltIn">
<arg>${layoutmarketdisplayedcount}</arg>
<doc>Logs the given message with the given level.</doc>
<msg timestamp="20210719 10:24:50.722" level="INFO">6</msg>
<status status="PASS" starttime="20210719 10:24:50.721" endtime="20210719 10:24:50.722"/>
</kw>
<for flavor="IN RANGE">
<var>${i}</var>
<value>0</value>
<value>${${layoutmarketdisplayedcount}}</value>
<iter>
<var name="${i}">0</var>
<kw name="Get Text" library="SeleniumLibrary">
<var>${LayoutmarketdisplayedText}</var>
<arg>${layoutmarketdisplayedlist}[${i}]</arg>
<doc>Returns the text value of the element identified by ``locator``.</doc>
<msg timestamp="20210719 10:24:50.737" level="INFO">${LayoutmarketdisplayedText} = Spain</msg>
<status status="PASS" starttime="20210719 10:24:50.726" endtime="20210719 10:24:50.737"/>
</kw>
<kw name="Log To Console" library="BuiltIn">
<arg>${LayoutmarketdisplayedText}</arg>
<doc>Logs the given message to the console.</doc>
<status status="PASS" starttime="20210719 10:24:50.738" endtime="20210719 10:24:50.738"/>
</kw>
<kw name="Log" library="BuiltIn">
<arg>${LayoutmarketdisplayedText}</arg>
<doc>Logs the given message with the given level.</doc>
<msg timestamp="20210719 10:24:50.739" level="INFO">Spain</msg>
<status status="PASS" starttime="20210719 10:24:50.738" endtime="20210719 10:24:50.739"/>
</kw>
<status status="PASS" starttime="20210719 10:24:50.726" endtime="20210719 10:24:50.739"/>
</iter>
<iter>
<var name="${i}">1</var>
<kw name="Get Text" library="SeleniumLibrary">
<var>${LayoutmarketdisplayedText}</var>
<arg>${layoutmarketdisplayedlist}[${i}]</arg>
<doc>Returns the text value of the element identified by ``locator``.</doc>
<msg timestamp="20210719 10:24:50.749" level="INFO">${LayoutmarketdisplayedText} = USA</msg>
<status status="PASS" starttime="20210719 10:24:50.740" endtime="20210719 10:24:50.749"/>
</kw>
<kw name="Log To Console" library="BuiltIn">
<arg>${LayoutmarketdisplayedText}</arg>
<doc>Logs the given message to the console.</doc>
<status status="PASS" starttime="20210719 10:24:50.750" endtime="20210719 10:24:50.750"/>
</kw>
<kw name="Log" library="BuiltIn">
<arg>${LayoutmarketdisplayedText}</arg>
<doc>Logs the given message with the given level.</doc>
<msg timestamp="20210719 10:24:50.751" level="INFO">USA</msg>
<status status="PASS" starttime="20210719 10:24:50.751" endtime="20210719 10:24:50.751"/>
</kw>
<status status="PASS" starttime="20210719 10:24:50.739" endtime="20210719 10:24:50.752"/>
</iter>
<iter>
<var name="${i}">2</var>
<kw name="Get Text" library="SeleniumLibrary">
<var>${LayoutmarketdisplayedText}</var>
<arg>${layoutmarketdisplayedlist}[${i}]</arg>
<doc>Returns the text value of the element identified by ``locator``.</doc>
<msg timestamp="20210719 10:24:50.761" level="INFO">${LayoutmarketdisplayedText} = Australia</msg>
<status status="PASS" starttime="20210719 10:24:50.752" endtime="20210719 10:24:50.761"/>
</kw>
<kw name="Log To Console" library="BuiltIn">
<arg>${LayoutmarketdisplayedText}</arg>
<doc>Logs the given message to the console.</doc>
<status status="PASS" starttime="20210719 10:24:50.762" endtime="20210719 10:24:50.762"/>
</kw>
<kw name="Log" library="BuiltIn">
<arg>${LayoutmarketdisplayedText}</arg>
<doc>Logs the given message with the given level.</doc>
<msg timestamp="20210719 10:24:50.763" level="INFO">Australia</msg>
<status status="PASS" starttime="20210719 10:24:50.763" endtime="20210719 10:24:50.763"/>
</kw>
<status status="PASS" starttime="20210719 10:24:50.752" endtime="20210719 10:24:50.764"/>
</iter>
<iter>
<var name="${i}">3</var>
<kw name="Get Text" library="SeleniumLibrary">
<var>${LayoutmarketdisplayedText}</var>
<arg>${layoutmarketdisplayedlist}[${i}]</arg>
<doc>Returns the text value of the element identified by ``locator``.</doc>
<msg timestamp="20210719 10:24:50.773" level="INFO">${LayoutmarketdisplayedText} = Czech Republic and Slovakia</msg>
<status status="PASS" starttime="20210719 10:24:50.764" endtime="20210719 10:24:50.773"/>
</kw>
<kw name="Log To Console" library="BuiltIn">
<arg>${LayoutmarketdisplayedText}</arg>
<doc>Logs the given message to the console.</doc>
<status status="PASS" starttime="20210719 10:24:50.774" endtime="20210719 10:24:50.774"/>
</kw>
<kw name="Log" library="BuiltIn">
<arg>${LayoutmarketdisplayedText}</arg>
<doc>Logs the given message with the given level.</doc>
<msg timestamp="20210719 10:24:50.775" level="INFO">Czech Republic and Slovakia</msg>
<status status="PASS" starttime="20210719 10:24:50.774" endtime="20210719 10:24:50.775"/>
</kw>
<status status="PASS" starttime="20210719 10:24:50.764" endtime="20210719 10:24:50.775"/>
</iter>
<iter>
<var name="${i}">4</var>
<kw name="Get Text" library="SeleniumLibrary">
<var>${LayoutmarketdisplayedText}</var>
<arg>${layoutmarketdisplayedlist}[${i}]</arg>
<doc>Returns the text value of the element identified by ``locator``.</doc>
<msg timestamp="20210719 10:24:50.784" level="INFO">${LayoutmarketdisplayedText} = United Kingdom</msg>
<status status="PASS" starttime="20210719 10:24:50.776" endtime="20210719 10:24:50.784"/>
</kw>
<kw name="Log To Console" library="BuiltIn">
<arg>${LayoutmarketdisplayedText}</arg>
<doc>Logs the given message to the console.</doc>
<status status="PASS" starttime="20210719 10:24:50.785" endtime="20210719 10:24:50.785"/>
</kw>
<kw name="Log" library="BuiltIn">
<arg>${LayoutmarketdisplayedText}</arg>
<doc>Logs the given message with the given level.</doc>
<msg timestamp="20210719 10:24:50.786" level="INFO">United Kingdom</msg>
<status status="PASS" starttime="20210719 10:24:50.786" endtime="20210719 10:24:50.786"/>
</kw>
<status status="PASS" starttime="20210719 10:24:50.775" endtime="20210719 10:24:50.787"/>
</iter>
<iter>
<var name="${i}">5</var>
<kw name="Get Text" library="SeleniumLibrary">
<var>${LayoutmarketdisplayedText}</var>
<arg>${layoutmarketdisplayedlist}[${i}]</arg>
<doc>Returns the text value of the element identified by ``locator``.</doc>
<msg timestamp="20210719 10:24:50.797" level="INFO">${LayoutmarketdisplayedText} = Taiwan</msg>
<status status="PASS" starttime="20210719 10:24:50.787" endtime="20210719 10:24:50.797"/>
</kw>
<kw name="Log To Console" library="BuiltIn">
<arg>${LayoutmarketdisplayedText}</arg>
<doc>Logs the given message to the console.</doc>
<status status="PASS" starttime="20210719 10:24:50.797" endtime="20210719 10:24:50.798"/>
</kw>
<kw name="Log" library="BuiltIn">
<arg>${LayoutmarketdisplayedText}</arg>
<doc>Logs the given message with the given level.</doc>
<msg timestamp="20210719 10:24:50.798" level="INFO">Taiwan</msg>
<status status="PASS" starttime="20210719 10:24:50.798" endtime="20210719 10:24:50.798"/>
</kw>
<status status="PASS" starttime="20210719 10:24:50.787" endtime="20210719 10:24:50.799"/>
</iter>
<status status="PASS" starttime="20210719 10:24:50.722" endtime="20210719 10:24:50.799"/>
</for>
<status status="PASS" starttime="20210719 10:24:30.682" endtime="20210719 10:24:50.799"/>
</kw>
<kw name="Get current Layout titles displayed in the page" library="SyndicationbeforepublicationreqofmeKeywords">
<kw name="Sleep" library="BuiltIn">
<arg>3s</arg>
<doc>Pauses the test executed for the given time.</doc>
<msg timestamp="20210719 10:24:53.803" level="INFO">Slept 3 seconds</msg>
<status status="PASS" starttime="20210719 10:24:50.800" endtime="20210719 10:24:53.803"/>
</kw>
<kw name="Wait Until Element Is Enabled" library="SeleniumLibrary">
<arg>${reqofme_wip_currentlayouttitlesdisplayed}</arg>
<doc>Waits until the element ``locator`` is enabled.</doc>
<status status="PASS" starttime="20210719 10:24:53.805" endtime="20210719 10:24:53.826"/>
</kw>
<kw name="Get WebElements" library="SeleniumLibrary">
<var>@{layouttitledisplayedlist}</var>
<arg>${reqofme_wip_currentlayouttitlesdisplayed}</arg>
<doc>Returns a list of WebElement objects matching the ``locator``.</doc>
<msg timestamp="20210719 10:24:53.832" level="INFO">@{layouttitledisplayedlist} = [ &lt;selenium.webdriver.remote.webelement.WebElement (session="c00d26ae6b4df5fe3f912e630ae27117", element="d261c58e-ab9e-4cdd-9b67-221224a6597c")&gt; | &lt;selenium.webdriver.remote.webelement.WebElement (ses...</msg>
<status status="PASS" starttime="20210719 10:24:53.827" endtime="20210719 10:24:53.833"/>
</kw>
<kw name="Get Element Count" library="SeleniumLibrary">
<var>${layouttitledisplayedcount}</var>
<arg>${reqofme_wip_currentlayouttitlesdisplayed}</arg>
<doc>Returns the number of elements matching ``locator``.</doc>
<msg timestamp="20210719 10:24:53.839" level="INFO">${layouttitledisplayedcount} = 6</msg>
<status status="PASS" starttime="20210719 10:24:53.833" endtime="20210719 10:24:53.839"/>
</kw>
<kw name="Log To Console" library="BuiltIn">
<arg>${layouttitledisplayedcount}</arg>
<doc>Logs the given message to the console.</doc>
<status status="PASS" starttime="20210719 10:24:53.840" endtime="20210719 10:24:53.840"/>
</kw>
<kw name="Log" library="BuiltIn">
<arg>${layouttitledisplayedcount}</arg>
<doc>Logs the given message with the given level.</doc>
<msg timestamp="20210719 10:24:53.841" level="INFO">6</msg>
<status status="PASS" starttime="20210719 10:24:53.841" endtime="20210719 10:24:53.841"/>
</kw>
<for flavor="IN RANGE">
<var>${i}</var>
<value>0</value>
<value>${${layouttitledisplayedcount}}</value>
<iter>
<var name="${i}">0</var>
<kw name="Get Text" library="SeleniumLibrary">
<var>${LayouttitledisplayedText}</var>
<arg>${layouttitledisplayedlist}[${i}]</arg>
<doc>Returns the text value of the element identified by ``locator``.</doc>
<msg timestamp="20210719 10:24:53.856" level="INFO">${LayouttitledisplayedText} = AD</msg>
<status status="PASS" starttime="20210719 10:24:53.845" endtime="20210719 10:24:53.856"/>
</kw>
<kw name="Log To Console" library="BuiltIn">
<arg>${LayouttitledisplayedText}</arg>
<doc>Logs the given message to the console.</doc>
<status status="PASS" starttime="20210719 10:24:53.856" endtime="20210719 10:24:53.857"/>
</kw>
<kw name="Log" library="BuiltIn">
<arg>${LayouttitledisplayedText}</arg>
<doc>Logs the given message with the given level.</doc>
<msg timestamp="20210719 10:24:53.858" level="INFO">AD</msg>
<status status="PASS" starttime="20210719 10:24:53.857" endtime="20210719 10:24:53.858"/>
</kw>
<status status="PASS" starttime="20210719 10:24:53.844" endtime="20210719 10:24:53.858"/>
</iter>
<iter>
<var name="${i}">1</var>
<kw name="Get Text" library="SeleniumLibrary">
<var>${LayouttitledisplayedText}</var>
<arg>${layouttitledisplayedlist}[${i}]</arg>
<doc>Returns the text value of the element identified by ``locator``.</doc>
<msg timestamp="20210719 10:24:53.868" level="INFO">${LayouttitledisplayedText} = AD</msg>
<status status="PASS" starttime="20210719 10:24:53.859" endtime="20210719 10:24:53.868"/>
</kw>
<kw name="Log To Console" library="BuiltIn">
<arg>${LayouttitledisplayedText}</arg>
<doc>Logs the given message to the console.</doc>
<status status="PASS" starttime="20210719 10:24:53.869" endtime="20210719 10:24:53.870"/>
</kw>
<kw name="Log" library="BuiltIn">
<arg>${LayouttitledisplayedText}</arg>
<doc>Logs the given message with the given level.</doc>
<msg timestamp="20210719 10:24:53.870" level="INFO">AD</msg>
<status status="PASS" starttime="20210719 10:24:53.870" endtime="20210719 10:24:53.870"/>
</kw>
<status status="PASS" starttime="20210719 10:24:53.858" endtime="20210719 10:24:53.871"/>
</iter>
<iter>
<var name="${i}">2</var>
<kw name="Get Text" library="SeleniumLibrary">
<var>${LayouttitledisplayedText}</var>
<arg>${layouttitledisplayedlist}[${i}]</arg>
<doc>Returns the text value of the element identified by ``locator``.</doc>
<msg timestamp="20210719 10:24:53.880" level="INFO">${LayouttitledisplayedText} = Vogue Living</msg>
<status status="PASS" starttime="20210719 10:24:53.871" endtime="20210719 10:24:53.880"/>
</kw>
<kw name="Log To Console" library="BuiltIn">
<arg>${LayouttitledisplayedText}</arg>
<doc>Logs the given message to the console.</doc>
<status status="PASS" starttime="20210719 10:24:53.881" endtime="20210719 10:24:53.882"/>
</kw>
<kw name="Log" library="BuiltIn">
<arg>${LayouttitledisplayedText}</arg>
<doc>Logs the given message with the given level.</doc>
<msg timestamp="20210719 10:24:53.882" level="INFO">Vogue Living</msg>
<status status="PASS" starttime="20210719 10:24:53.882" endtime="20210719 10:24:53.882"/>
</kw>
<status status="PASS" starttime="20210719 10:24:53.871" endtime="20210719 10:24:53.883"/>
</iter>
<iter>
<var name="${i}">3</var>
<kw name="Get Text" library="SeleniumLibrary">
<var>${LayouttitledisplayedText}</var>
<arg>${layouttitledisplayedlist}[${i}]</arg>
<doc>Returns the text value of the element identified by ``locator``.</doc>
<msg timestamp="20210719 10:24:53.892" level="INFO">${LayouttitledisplayedText} = Vogue</msg>
<status status="PASS" starttime="20210719 10:24:53.883" endtime="20210719 10:24:53.892"/>
</kw>
<kw name="Log To Console" library="BuiltIn">
<arg>${LayouttitledisplayedText}</arg>
<doc>Logs the given message to the console.</doc>
<status status="PASS" starttime="20210719 10:24:53.893" endtime="20210719 10:24:53.893"/>
</kw>
<kw name="Log" library="BuiltIn">
<arg>${LayouttitledisplayedText}</arg>
<doc>Logs the given message with the given level.</doc>
<msg timestamp="20210719 10:24:53.894" level="INFO">Vogue</msg>
<status status="PASS" starttime="20210719 10:24:53.894" endtime="20210719 10:24:53.894"/>
</kw>
<status status="PASS" starttime="20210719 10:24:53.883" endtime="20210719 10:24:53.895"/>
</iter>
<iter>
<var name="${i}">4</var>
<kw name="Get Text" library="SeleniumLibrary">
<var>${LayouttitledisplayedText}</var>
<arg>${layouttitledisplayedlist}[${i}]</arg>
<doc>Returns the text value of the element identified by ``locator``.</doc>
<msg timestamp="20210719 10:24:53.904" level="INFO">${LayouttitledisplayedText} = Glamour</msg>
<status status="PASS" starttime="20210719 10:24:53.895" endtime="20210719 10:24:53.904"/>
</kw>
<kw name="Log To Console" library="BuiltIn">
<arg>${LayouttitledisplayedText}</arg>
<doc>Logs the given message to the console.</doc>
<status status="PASS" starttime="20210719 10:24:53.905" endtime="20210719 10:24:53.905"/>
</kw>
<kw name="Log" library="BuiltIn">
<arg>${LayouttitledisplayedText}</arg>
<doc>Logs the given message with the given level.</doc>
<msg timestamp="20210719 10:24:53.906" level="INFO">Glamour</msg>
<status status="PASS" starttime="20210719 10:24:53.905" endtime="20210719 10:24:53.906"/>
</kw>
<status status="PASS" starttime="20210719 10:24:53.895" endtime="20210719 10:24:53.906"/>
</iter>
<iter>
<var name="${i}">5</var>
<kw name="Get Text" library="SeleniumLibrary">
<var>${LayouttitledisplayedText}</var>
<arg>${layouttitledisplayedlist}[${i}]</arg>
<doc>Returns the text value of the element identified by ``locator``.</doc>
<msg timestamp="20210719 10:24:53.916" level="INFO">${LayouttitledisplayedText} = GQ</msg>
<status status="PASS" starttime="20210719 10:24:53.907" endtime="20210719 10:24:53.916"/>
</kw>
<kw name="Log To Console" library="BuiltIn">
<arg>${LayouttitledisplayedText}</arg>
<doc>Logs the given message to the console.</doc>
<status status="PASS" starttime="20210719 10:24:53.917" endtime="20210719 10:24:53.918"/>
</kw>
<kw name="Log" library="BuiltIn">
<arg>${LayouttitledisplayedText}</arg>
<doc>Logs the given message with the given level.</doc>
<msg timestamp="20210719 10:24:53.918" level="INFO">GQ</msg>
<status status="PASS" starttime="20210719 10:24:53.918" endtime="20210719 10:24:53.918"/>
</kw>
<status status="PASS" starttime="20210719 10:24:53.907" endtime="20210719 10:24:53.919"/>
</iter>
<status status="PASS" starttime="20210719 10:24:53.842" endtime="20210719 10:24:53.919"/>
</for>
<status status="PASS" starttime="20210719 10:24:50.800" endtime="20210719 10:24:53.919"/>
</kw>
<kw name="Get current reqmarkets displayed in the page" library="SyndicationbeforepublicationreqofmeKeywords">
<kw name="Sleep" library="BuiltIn">
<arg>3s</arg>
<doc>Pauses the test executed for the given time.</doc>
<msg timestamp="20210719 10:24:56.920" level="INFO">Slept 3 seconds</msg>
<status status="PASS" starttime="20210719 10:24:53.920" endtime="20210719 10:24:56.921"/>
</kw>
<kw name="Wait Until Element Is Enabled" library="SeleniumLibrary">
<arg>${reqofme_wip_currentreqmarketsdisplayed}</arg>
<doc>Waits until the element ``locator`` is enabled.</doc>
<status status="PASS" starttime="20210719 10:24:56.922" endtime="20210719 10:24:56.942"/>
</kw>
<kw name="Get WebElements" library="SeleniumLibrary">
<var>@{reqmarketdisplayedlist}</var>
<arg>${reqofme_wip_currentreqmarketsdisplayed}</arg>
<doc>Returns a list of WebElement objects matching the ``locator``.</doc>
<msg timestamp="20210719 10:24:56.947" level="INFO">@{reqmarketdisplayedlist} = [ &lt;selenium.webdriver.remote.webelement.WebElement (session="c00d26ae6b4df5fe3f912e630ae27117", element="7d2c1d9b-e38f-45b3-bc73-95cc40d701c8")&gt; | &lt;selenium.webdriver.remote.webelement.WebElement (ses...</msg>
<status status="PASS" starttime="20210719 10:24:56.942" endtime="20210719 10:24:56.947"/>
</kw>
<kw name="Get Element Count" library="SeleniumLibrary">
<var>${reqmarketdisplayedcount}</var>
<arg>${reqofme_wip_currentreqmarketsdisplayed}</arg>
<doc>Returns the number of elements matching ``locator``.</doc>
<msg timestamp="20210719 10:24:56.953" level="INFO">${reqmarketdisplayedcount} = 6</msg>
<status status="PASS" starttime="20210719 10:24:56.948" endtime="20210719 10:24:56.953"/>
</kw>
<kw name="Log To Console" library="BuiltIn">
<arg>${reqmarketdisplayedcount}</arg>
<doc>Logs the given message to the console.</doc>
<status status="PASS" starttime="20210719 10:24:56.954" endtime="20210719 10:24:56.954"/>
</kw>
<kw name="Log" library="BuiltIn">
<arg>${reqmarketdisplayedcount}</arg>
<doc>Logs the given message with the given level.</doc>
<msg timestamp="20210719 10:24:56.955" level="INFO">6</msg>
<status status="PASS" starttime="20210719 10:24:56.955" endtime="20210719 10:24:56.955"/>
</kw>
<for flavor="IN RANGE">
<var>${i}</var>
<value>0</value>
<value>${${reqmarketdisplayedcount}}</value>
<iter>
<var name="${i}">0</var>
<kw name="Get Text" library="SeleniumLibrary">
<var>${reqLayoutmarketdisplayedText}</var>
<arg>${reqmarketdisplayedlist}[${i}]</arg>
<doc>Returns the text value of the element identified by ``locator``.</doc>
<msg timestamp="20210719 10:24:56.966" level="INFO">${reqLayoutmarketdisplayedText} = United Kingdom</msg>
<status status="PASS" starttime="20210719 10:24:56.958" endtime="20210719 10:24:56.966"/>
</kw>
<kw name="Log To Console" library="BuiltIn">
<arg>${reqLayoutmarketdisplayedText}</arg>
<doc>Logs the given message to the console.</doc>
<status status="PASS" starttime="20210719 10:24:56.966" endtime="20210719 10:24:56.967"/>
</kw>
<kw name="Log" library="BuiltIn">
<arg>${reqLayoutmarketdisplayedText}</arg>
<doc>Logs the given message with the given level.</doc>
<msg timestamp="20210719 10:24:56.967" level="INFO">United Kingdom</msg>
<status status="PASS" starttime="20210719 10:24:56.967" endtime="20210719 10:24:56.967"/>
</kw>
<status status="PASS" starttime="20210719 10:24:56.958" endtime="20210719 10:24:56.968"/>
</iter>
<iter>
<var name="${i}">1</var>
<kw name="Get Text" library="SeleniumLibrary">
<var>${reqLayoutmarketdisplayedText}</var>
<arg>${reqmarketdisplayedlist}[${i}]</arg>
<doc>Returns the text value of the element identified by ``locator``.</doc>
<msg timestamp="20210719 10:24:56.977" level="INFO">${reqLayoutmarketdisplayedText} = United Kingdom</msg>
<status status="PASS" starttime="20210719 10:24:56.968" endtime="20210719 10:24:56.977"/>
</kw>
<kw name="Log To Console" library="BuiltIn">
<arg>${reqLayoutmarketdisplayedText}</arg>
<doc>Logs the given message to the console.</doc>
<status status="PASS" starttime="20210719 10:24:56.977" endtime="20210719 10:24:56.978"/>
</kw>
<kw name="Log" library="BuiltIn">
<arg>${reqLayoutmarketdisplayedText}</arg>
<doc>Logs the given message with the given level.</doc>
<msg timestamp="20210719 10:24:56.978" level="INFO">United Kingdom</msg>
<status status="PASS" starttime="20210719 10:24:56.978" endtime="20210719 10:24:56.979"/>
</kw>
<status status="PASS" starttime="20210719 10:24:56.968" endtime="20210719 10:24:56.979"/>
</iter>
<iter>
<var name="${i}">2</var>
<kw name="Get Text" library="SeleniumLibrary">
<var>${reqLayoutmarketdisplayedText}</var>
<arg>${reqmarketdisplayedlist}[${i}]</arg>
<doc>Returns the text value of the element identified by ``locator``.</doc>
<msg timestamp="20210719 10:24:56.988" level="INFO">${reqLayoutmarketdisplayedText} = United Kingdom, Taiwan</msg>
<status status="PASS" starttime="20210719 10:24:56.980" endtime="20210719 10:24:56.988"/>
</kw>
<kw name="Log To Console" library="BuiltIn">
<arg>${reqLayoutmarketdisplayedText}</arg>
<doc>Logs the given message to the console.</doc>
<status status="PASS" starttime="20210719 10:24:56.988" endtime="20210719 10:24:56.989"/>
</kw>
<kw name="Log" library="BuiltIn">
<arg>${reqLayoutmarketdisplayedText}</arg>
<doc>Logs the given message with the given level.</doc>
<msg timestamp="20210719 10:24:56.989" level="INFO">United Kingdom, Taiwan</msg>
<status status="PASS" starttime="20210719 10:24:56.989" endtime="20210719 10:24:56.990"/>
</kw>
<status status="PASS" starttime="20210719 10:24:56.979" endtime="20210719 10:24:56.990"/>
</iter>
<iter>
<var name="${i}">3</var>
<kw name="Get Text" library="SeleniumLibrary">
<var>${reqLayoutmarketdisplayedText}</var>
<arg>${reqmarketdisplayedlist}[${i}]</arg>
<doc>Returns the text value of the element identified by ``locator``.</doc>
<msg timestamp="20210719 10:24:56.998" level="INFO">${reqLayoutmarketdisplayedText} = United Kingdom, Taiwan</msg>
<status status="PASS" starttime="20210719 10:24:56.991" endtime="20210719 10:24:56.999"/>
</kw>
<kw name="Log To Console" library="BuiltIn">
<arg>${reqLayoutmarketdisplayedText}</arg>
<doc>Logs the given message to the console.</doc>
<status status="PASS" starttime="20210719 10:24:56.999" endtime="20210719 10:24:57.000"/>
</kw>
<kw name="Log" library="BuiltIn">
<arg>${reqLayoutmarketdisplayedText}</arg>
<doc>Logs the given message with the given level.</doc>
<msg timestamp="20210719 10:24:57.000" level="INFO">United Kingdom, Taiwan</msg>
<status status="PASS" starttime="20210719 10:24:57.000" endtime="20210719 10:24:57.000"/>
</kw>
<status status="PASS" starttime="20210719 10:24:56.990" endtime="20210719 10:24:57.001"/>
</iter>
<iter>
<var name="${i}">4</var>
<kw name="Get Text" library="SeleniumLibrary">
<var>${reqLayoutmarketdisplayedText}</var>
<arg>${reqmarketdisplayedlist}[${i}]</arg>
<doc>Returns the text value of the element identified by ``locator``.</doc>
<msg timestamp="20210719 10:24:57.011" level="INFO">${reqLayoutmarketdisplayedText} = Australia</msg>
<status status="PASS" starttime="20210719 10:24:57.001" endtime="20210719 10:24:57.011"/>
</kw>
<kw name="Log To Console" library="BuiltIn">
<arg>${reqLayoutmarketdisplayedText}</arg>
<doc>Logs the given message to the console.</doc>
<status status="PASS" starttime="20210719 10:24:57.011" endtime="20210719 10:24:57.012"/>
</kw>
<kw name="Log" library="BuiltIn">
<arg>${reqLayoutmarketdisplayedText}</arg>
<doc>Logs the given message with the given level.</doc>
<msg timestamp="20210719 10:24:57.012" level="INFO">Australia</msg>
<status status="PASS" starttime="20210719 10:24:57.012" endtime="20210719 10:24:57.012"/>
</kw>
<status status="PASS" starttime="20210719 10:24:57.001" endtime="20210719 10:24:57.013"/>
</iter>
<iter>
<var name="${i}">5</var>
<kw name="Get Text" library="SeleniumLibrary">
<var>${reqLayoutmarketdisplayedText}</var>
<arg>${reqmarketdisplayedlist}[${i}]</arg>
<doc>Returns the text value of the element identified by ``locator``.</doc>
<msg timestamp="20210719 10:24:57.021" level="INFO">${reqLayoutmarketdisplayedText} = Australia</msg>
<status status="PASS" starttime="20210719 10:24:57.013" endtime="20210719 10:24:57.022"/>
</kw>
<kw name="Log To Console" library="BuiltIn">
<arg>${reqLayoutmarketdisplayedText}</arg>
<doc>Logs the given message to the console.</doc>
<status status="PASS" starttime="20210719 10:24:57.022" endtime="20210719 10:24:57.023"/>
</kw>
<kw name="Log" library="BuiltIn">
<arg>${reqLayoutmarketdisplayedText}</arg>
<doc>Logs the given message with the given level.</doc>
<msg timestamp="20210719 10:24:57.023" level="INFO">Australia</msg>
<status status="PASS" starttime="20210719 10:24:57.023" endtime="20210719 10:24:57.023"/>
</kw>
<status status="PASS" starttime="20210719 10:24:57.013" endtime="20210719 10:24:57.024"/>
</iter>
<status status="PASS" starttime="20210719 10:24:56.955" endtime="20210719 10:24:57.024"/>
</for>
<status status="PASS" starttime="20210719 10:24:53.920" endtime="20210719 10:24:57.024"/>
</kw>
<kw name="Get current reqtitles displayed in the page" library="SyndicationbeforepublicationreqofmeKeywords">
<kw name="Sleep" library="BuiltIn">
<arg>3s</arg>
<doc>Pauses the test executed for the given time.</doc>
<msg timestamp="20210719 10:25:00.025" level="INFO">Slept 3 seconds</msg>
<status status="PASS" starttime="20210719 10:24:57.025" endtime="20210719 10:25:00.026"/>
</kw>
<kw name="Wait Until Element Is Enabled" library="SeleniumLibrary">
<arg>${reqofme_wip_currentreqtitlesdisplayed}</arg>
<doc>Waits until the element ``locator`` is enabled.</doc>
<status status="PASS" starttime="20210719 10:25:00.027" endtime="20210719 10:25:00.055"/>
</kw>
<kw name="Get WebElements" library="SeleniumLibrary">
<var>@{reqtitledisplayedlist}</var>
<arg>${reqofme_wip_currentreqtitlesdisplayed}</arg>
<doc>Returns a list of WebElement objects matching the ``locator``.</doc>
<msg timestamp="20210719 10:25:00.061" level="INFO">@{reqtitledisplayedlist} = [ &lt;selenium.webdriver.remote.webelement.WebElement (session="c00d26ae6b4df5fe3f912e630ae27117", element="e1e2e816-dd78-45da-b2d4-1257edd2a630")&gt; | &lt;selenium.webdriver.remote.webelement.WebElement (ses...</msg>
<status status="PASS" starttime="20210719 10:25:00.055" endtime="20210719 10:25:00.061"/>
</kw>
<kw name="Get Element Count" library="SeleniumLibrary">
<var>${reqtitledisplayedcount}</var>
<arg>${reqofme_wip_currentreqtitlesdisplayed}</arg>
<doc>Returns the number of elements matching ``locator``.</doc>
<msg timestamp="20210719 10:25:00.068" level="INFO">${reqtitledisplayedcount} = 6</msg>
<status status="PASS" starttime="20210719 10:25:00.062" endtime="20210719 10:25:00.068"/>
</kw>
<kw name="Log To Console" library="BuiltIn">
<arg>${reqtitledisplayedcount}</arg>
<doc>Logs the given message to the console.</doc>
<status status="PASS" starttime="20210719 10:25:00.068" endtime="20210719 10:25:00.069"/>
</kw>
<kw name="Log" library="BuiltIn">
<arg>${reqtitledisplayedcount}</arg>
<doc>Logs the given message with the given level.</doc>
<msg timestamp="20210719 10:25:00.069" level="INFO">6</msg>
<status status="PASS" starttime="20210719 10:25:00.069" endtime="20210719 10:25:00.069"/>
</kw>
<for flavor="IN RANGE">
<var>${i}</var>
<value>0</value>
<value>${${reqtitledisplayedcount}}</value>
<iter>
<var name="${i}">0</var>
<kw name="Get Text" library="SeleniumLibrary">
<var>${reqLayouttitledisplayedText}</var>
<arg>${reqtitledisplayedlist}[${i}]</arg>
<doc>Returns the text value of the element identified by ``locator``.</doc>
<msg timestamp="20210719 10:25:00.083" level="INFO">${reqLayouttitledisplayedText} = GQ</msg>
<status status="PASS" starttime="20210719 10:25:00.073" endtime="20210719 10:25:00.083"/>
</kw>
<kw name="Log To Console" library="BuiltIn">
<arg>${reqLayouttitledisplayedText}</arg>
<doc>Logs the given message to the console.</doc>
<status status="PASS" starttime="20210719 10:25:00.083" endtime="20210719 10:25:00.084"/>
</kw>
<kw name="Log" library="BuiltIn">
<arg>${reqLayouttitledisplayedText}</arg>
<doc>Logs the given message with the given level.</doc>
<msg timestamp="20210719 10:25:00.084" level="INFO">GQ</msg>
<status status="PASS" starttime="20210719 10:25:00.084" endtime="20210719 10:25:00.085"/>
</kw>
<status status="PASS" starttime="20210719 10:25:00.073" endtime="20210719 10:25:00.085"/>
</iter>
<iter>
<var name="${i}">1</var>
<kw name="Get Text" library="SeleniumLibrary">
<var>${reqLayouttitledisplayedText}</var>
<arg>${reqtitledisplayedlist}[${i}]</arg>
<doc>Returns the text value of the element identified by ``locator``.</doc>
<msg timestamp="20210719 10:25:00.095" level="INFO">${reqLayouttitledisplayedText} = World Of Interiors</msg>
<status status="PASS" starttime="20210719 10:25:00.086" endtime="20210719 10:25:00.095"/>
</kw>
<kw name="Log To Console" library="BuiltIn">
<arg>${reqLayouttitledisplayedText}</arg>
<doc>Logs the given message to the console.</doc>
<status status="PASS" starttime="20210719 10:25:00.096" endtime="20210719 10:25:00.096"/>
</kw>
<kw name="Log" library="BuiltIn">
<arg>${reqLayouttitledisplayedText}</arg>
<doc>Logs the given message with the given level.</doc>
<msg timestamp="20210719 10:25:00.097" level="INFO">World Of Interiors</msg>
<status status="PASS" starttime="20210719 10:25:00.097" endtime="20210719 10:25:00.097"/>
</kw>
<status status="PASS" starttime="20210719 10:25:00.085" endtime="20210719 10:25:00.097"/>
</iter>
<iter>
<var name="${i}">2</var>
<kw name="Get Text" library="SeleniumLibrary">
<var>${reqLayouttitledisplayedText}</var>
<arg>${reqtitledisplayedlist}[${i}]</arg>
<doc>Returns the text value of the element identified by ``locator``.</doc>
<msg timestamp="20210719 10:25:00.107" level="INFO">${reqLayouttitledisplayedText} = Glamour, GQ</msg>
<status status="PASS" starttime="20210719 10:25:00.098" endtime="20210719 10:25:00.107"/>
</kw>
<kw name="Log To Console" library="BuiltIn">
<arg>${reqLayouttitledisplayedText}</arg>
<doc>Logs the given message to the console.</doc>
<status status="PASS" starttime="20210719 10:25:00.108" endtime="20210719 10:25:00.108"/>
</kw>
<kw name="Log" library="BuiltIn">
<arg>${reqLayouttitledisplayedText}</arg>
<doc>Logs the given message with the given level.</doc>
<msg timestamp="20210719 10:25:00.109" level="INFO">Glamour, GQ</msg>
<status status="PASS" starttime="20210719 10:25:00.108" endtime="20210719 10:25:00.109"/>
</kw>
<status status="PASS" starttime="20210719 10:25:00.098" endtime="20210719 10:25:00.109"/>
</iter>
<iter>
<var name="${i}">3</var>
<kw name="Get Text" library="SeleniumLibrary">
<var>${reqLayouttitledisplayedText}</var>
<arg>${reqtitledisplayedlist}[${i}]</arg>
<doc>Returns the text value of the element identified by ``locator``.</doc>
<msg timestamp="20210719 10:25:00.119" level="INFO">${reqLayouttitledisplayedText} = Glamour, GQ</msg>
<status status="PASS" starttime="20210719 10:25:00.110" endtime="20210719 10:25:00.119"/>
</kw>
<kw name="Log To Console" library="BuiltIn">
<arg>${reqLayouttitledisplayedText}</arg>
<doc>Logs the given message to the console.</doc>
<status status="PASS" starttime="20210719 10:25:00.120" endtime="20210719 10:25:00.120"/>
</kw>
<kw name="Log" library="BuiltIn">
<arg>${reqLayouttitledisplayedText}</arg>
<doc>Logs the given message with the given level.</doc>
<msg timestamp="20210719 10:25:00.121" level="INFO">Glamour, GQ</msg>
<status status="PASS" starttime="20210719 10:25:00.120" endtime="20210719 10:25:00.121"/>
</kw>
<status status="PASS" starttime="20210719 10:25:00.110" endtime="20210719 10:25:00.121"/>
</iter>
<iter>
<var name="${i}">4</var>
<kw name="Get Text" library="SeleniumLibrary">
<var>${reqLayouttitledisplayedText}</var>
<arg>${reqtitledisplayedlist}[${i}]</arg>
<doc>Returns the text value of the element identified by ``locator``.</doc>
<msg timestamp="20210719 10:25:00.130" level="INFO">${reqLayouttitledisplayedText} = Vogue Living</msg>
<status status="PASS" starttime="20210719 10:25:00.122" endtime="20210719 10:25:00.130"/>
</kw>
<kw name="Log To Console" library="BuiltIn">
<arg>${reqLayouttitledisplayedText}</arg>
<doc>Logs the given message to the console.</doc>
<status status="PASS" starttime="20210719 10:25:00.131" endtime="20210719 10:25:00.132"/>
</kw>
<kw name="Log" library="BuiltIn">
<arg>${reqLayouttitledisplayedText}</arg>
<doc>Logs the given message with the given level.</doc>
<msg timestamp="20210719 10:25:00.132" level="INFO">Vogue Living</msg>
<status status="PASS" starttime="20210719 10:25:00.132" endtime="20210719 10:25:00.132"/>
</kw>
<status status="PASS" starttime="20210719 10:25:00.121" endtime="20210719 10:25:00.133"/>
</iter>
<iter>
<var name="${i}">5</var>
<kw name="Get Text" library="SeleniumLibrary">
<var>${reqLayouttitledisplayedText}</var>
<arg>${reqtitledisplayedlist}[${i}]</arg>
<doc>Returns the text value of the element identified by ``locator``.</doc>
<msg timestamp="20210719 10:25:00.143" level="INFO">${reqLayouttitledisplayedText} = Vogue, Vogue Living</msg>
<status status="PASS" starttime="20210719 10:25:00.133" endtime="20210719 10:25:00.143"/>
</kw>
<kw name="Log To Console" library="BuiltIn">
<arg>${reqLayouttitledisplayedText}</arg>
<doc>Logs the given message to the console.</doc>
<status status="PASS" starttime="20210719 10:25:00.143" endtime="20210719 10:25:00.144"/>
</kw>
<kw name="Log" library="BuiltIn">
<arg>${reqLayouttitledisplayedText}</arg>
<doc>Logs the given message with the given level.</doc>
<msg timestamp="20210719 10:25:00.144" level="INFO">Vogue, Vogue Living</msg>
<status status="PASS" starttime="20210719 10:25:00.144" endtime="20210719 10:25:00.144"/>
</kw>
<status status="PASS" starttime="20210719 10:25:00.133" endtime="20210719 10:25:00.145"/>
</iter>
<status status="PASS" starttime="20210719 10:25:00.070" endtime="20210719 10:25:00.145"/>
</for>
<status status="PASS" starttime="20210719 10:24:57.025" endtime="20210719 10:25:00.146"/>
</kw>
<kw name="Click Layout market dropdown" library="SyndicationbeforepublicationreqofmeKeywords">
<kw name="Sleep" library="BuiltIn">
<arg>7s</arg>
<doc>Pauses the test executed for the given time.</doc>
<msg timestamp="20210719 10:25:07.147" level="INFO">Slept 7 seconds</msg>
<status status="PASS" starttime="20210719 10:25:00.146" endtime="20210719 10:25:07.147"/>
</kw>
<kw name="Wait Until Element Is Enabled" library="SeleniumLibrary">
<arg>${reqofme_wipLayoutmarketdropdownicon}</arg>
<doc>Waits until the element ``locator`` is enabled.</doc>
<status status="PASS" starttime="20210719 10:25:07.148" endtime="20210719 10:25:07.170"/>
</kw>
<kw name="Mouse Down" library="SeleniumLibrary">
<arg>${reqofme_wipLayoutmarketdropdownicon}</arg>
<doc>Simulates pressing the left mouse button on the element ``locator``.</doc>
<msg timestamp="20210719 10:25:07.171" level="INFO">Simulating Mouse Down on element 'xpath:(//img[@src='/libs/cq/ui/resources/0.gif'])[19]'.</msg>
<status status="PASS" starttime="20210719 10:25:07.170" endtime="20210719 10:25:07.443"/>
</kw>
<kw name="Click Element" library="SeleniumLibrary">
<arg>${reqofme_wipLayoutmarketdropdownicon}</arg>
<doc>Click the element identified by ``locator``.</doc>
<msg timestamp="20210719 10:25:07.446" level="INFO">Clicking element 'xpath:(//img[@src='/libs/cq/ui/resources/0.gif'])[19]'.</msg>
<status status="PASS" starttime="20210719 10:25:07.445" endtime="20210719 10:25:07.558"/>
</kw>
<status status="PASS" starttime="20210719 10:25:00.146" endtime="20210719 10:25:07.559"/>
</kw>
<kw name="Get layout market list" library="SyndicationbeforepublicationreqofmeKeywords">
<kw name="Sleep" library="BuiltIn">
<arg>3s</arg>
<doc>Pauses the test executed for the given time.</doc>
<msg timestamp="20210719 10:25:10.561" level="INFO">Slept 3 seconds</msg>
<status status="PASS" starttime="20210719 10:25:07.560" endtime="20210719 10:25:10.561"/>
</kw>
<kw name="Wait Until Element Is Enabled" library="SeleniumLibrary">
<arg>${reqofme_wipLayoutmarketlist}</arg>
<doc>Waits until the element ``locator`` is enabled.</doc>
<status status="PASS" starttime="20210719 10:25:10.562" endtime="20210719 10:25:10.582"/>
</kw>
<kw name="Get WebElements" library="SeleniumLibrary">
<var>@{layoutlist}</var>
<arg>${reqofme_wipLayoutmarketlist}</arg>
<doc>Returns a list of WebElement objects matching the ``locator``.</doc>
<msg timestamp="20210719 10:25:10.589" level="INFO">@{layoutlist} = [ &lt;selenium.webdriver.remote.webelement.WebElement (session="c00d26ae6b4df5fe3f912e630ae27117", element="da98b7cb-feed-40f4-91e9-e8d7d9397e27")&gt; | &lt;selenium.webdriver.remote.webelement.WebElement (ses...</msg>
<status status="PASS" starttime="20210719 10:25:10.583" endtime="20210719 10:25:10.589"/>
</kw>
<kw name="Get Element Count" library="SeleniumLibrary">
<var>${layoutmarketcount}</var>
<arg>${reqofme_wipLayoutmarketlist}</arg>
<doc>Returns the number of elements matching ``locator``.</doc>
<msg timestamp="20210719 10:25:10.596" level="INFO">${layoutmarketcount} = 37</msg>
<status status="PASS" starttime="20210719 10:25:10.590" endtime="20210719 10:25:10.596"/>
</kw>
<kw name="Log To Console" library="BuiltIn">
<arg>${layoutmarketcount}</arg>
<doc>Logs the given message to the console.</doc>
<status status="PASS" starttime="20210719 10:25:10.597" endtime="20210719 10:25:10.597"/>
</kw>
<kw name="Log" library="BuiltIn">
<arg>${layoutmarketcount}</arg>
<doc>Logs the given message with the given level.</doc>
<msg timestamp="20210719 10:25:10.598" level="INFO">37</msg>
<status status="PASS" starttime="20210719 10:25:10.597" endtime="20210719 10:25:10.598"/>
</kw>
<kw name="Run Keyword If" library="BuiltIn">
<arg>'${layoutmarketcount}' == '${layoutmarketcountorig}'</arg>
<arg>Log</arg>
<arg>Continuing execution</arg>
<arg>ELSE</arg>
<arg>FAIL</arg>
<doc>Runs the given keyword with the given arguments, if ``condition`` is true.</doc>
<kw name="Fail" library="BuiltIn">
<doc>Fails the test with the given message and optionally alters its tags.</doc>
<msg timestamp="20210719 10:25:10.599" level="FAIL">AssertionError</msg>
<status status="FAIL" starttime="20210719 10:25:10.599" endtime="20210719 10:25:10.599"/>
</kw>
<status status="FAIL" starttime="20210719 10:25:10.598" endtime="20210719 10:25:10.599"/>
</kw>
<for flavor="IN RANGE">
<var>${i}</var>
<value>0</value>
<value>${${layoutmarketcount}}</value>
<iter>
<var name="${i}">${i}</var>
<kw name="Get Text" library="SeleniumLibrary">
<var>${LayoutmarketText}</var>
<arg>${layoutlist}[${i}]</arg>
<doc>Returns the text value of the element identified by ``locator``.</doc>
<status status="NOT RUN" starttime="20210719 10:25:10.600" endtime="20210719 10:25:10.600"/>
</kw>
<kw name="Log To Console" library="BuiltIn">
<arg>${LayoutmarketText}</arg>
<doc>Logs the given message to the console.</doc>
<status status="NOT RUN" starttime="20210719 10:25:10.600" endtime="20210719 10:25:10.601"/>
</kw>
<kw name="Log" library="BuiltIn">
<arg>${LayoutmarketText}</arg>
<doc>Logs the given message with the given level.</doc>
<status status="NOT RUN" starttime="20210719 10:25:10.601" endtime="20210719 10:25:10.601"/>
</kw>
<status status="NOT RUN" starttime="20210719 10:25:10.600" endtime="20210719 10:25:10.601"/>
</iter>
<status status="NOT RUN" starttime="20210719 10:25:10.600" endtime="20210719 10:25:10.601"/>
</for>
<status status="FAIL" starttime="20210719 10:25:07.559" endtime="20210719 10:25:10.602"/>
</kw>
<kw name="Select Layout market" library="SyndicationbeforepublicationreqofmeKeywords">
<arg>${layoutmarketinput}</arg>
<status status="NOT RUN" starttime="20210719 10:25:10.602" endtime="20210719 10:25:10.602"/>
</kw>
<kw name="Check selected Layout markets displayed in the page" library="SyndicationbeforepublicationreqofmeKeywords">
<arg>${layoutmarketinput}</arg>
<status status="NOT RUN" starttime="20210719 10:25:10.602" endtime="20210719 10:25:10.603"/>
</kw>
<kw name="Click Layout title dropdown" library="SyndicationbeforepublicationreqofmeKeywords">
<status status="NOT RUN" starttime="20210719 10:25:10.603" endtime="20210719 10:25:10.603"/>
</kw>
<kw name="Get layout title list" library="SyndicationbeforepublicationreqofmeKeywords">
<status status="NOT RUN" starttime="20210719 10:25:10.603" endtime="20210719 10:25:10.603"/>
</kw>
<kw name="Select Layout title" library="SyndicationbeforepublicationreqofmeKeywords">
<arg>${layouttileinput}</arg>
<status status="NOT RUN" starttime="20210719 10:25:10.604" endtime="20210719 10:25:10.604"/>
</kw>
<kw name="Check selected Layout titles displayed in the page" library="SyndicationbeforepublicationreqofmeKeywords">
<arg>${layouttileinput}</arg>
<status status="NOT RUN" starttime="20210719 10:25:10.604" endtime="20210719 10:25:10.604"/>
</kw>
<kw name="Click Requesting market dropdown" library="SyndicationbeforepublicationreqofmeKeywords">
<status status="NOT RUN" starttime="20210719 10:25:10.604" endtime="20210719 10:25:10.605"/>
</kw>
<kw name="Get Requesting market list" library="SyndicationbeforepublicationreqofmeKeywords">
<status status="NOT RUN" starttime="20210719 10:25:10.605" endtime="20210719 10:25:10.605"/>
</kw>
<kw name="Select Requesting market" library="SyndicationbeforepublicationreqofmeKeywords">
<arg>${requestingmarketinput}</arg>
<status status="NOT RUN" starttime="20210719 10:25:10.605" endtime="20210719 10:25:10.605"/>
</kw>
<kw name="Check selected Requesting markets displayed in the page" library="SyndicationbeforepublicationreqofmeKeywords">
<arg>${requestingmarketinput}</arg>
<status status="NOT RUN" starttime="20210719 10:25:10.605" endtime="20210719 10:25:10.606"/>
</kw>
<kw name="Click Requesting title dropdown" library="SyndicationbeforepublicationreqofmeKeywords">
<status status="NOT RUN" starttime="20210719 10:25:10.606" endtime="20210719 10:25:10.606"/>
</kw>
<kw name="Get Requesting title list" library="SyndicationbeforepublicationreqofmeKeywords">
<status status="NOT RUN" starttime="20210719 10:25:10.606" endtime="20210719 10:25:10.606"/>
</kw>
<kw name="Select Requesting title" library="SyndicationbeforepublicationreqofmeKeywords">
<arg>${requestingtitleinput}</arg>
<status status="NOT RUN" starttime="20210719 10:25:10.606" endtime="20210719 10:25:10.607"/>
</kw>
<kw name="Check selected Requesting titles displayed in the page" library="SyndicationbeforepublicationreqofmeKeywords">
<arg>${requestingtitleinput}</arg>
<status status="NOT RUN" starttime="20210719 10:25:10.607" endtime="20210719 10:25:10.607"/>
</kw>
<tag>Smoke</tag>
<status status="FAIL" starttime="20210719 10:23:52.161" endtime="20210719 10:25:10.607">AssertionError</status>
</test>
<status status="FAIL" starttime="20210719 10:23:52.001" endtime="20210719 10:25:10.609"/>
</suite>
<status status="FAIL" starttime="20210719 10:23:51.999" endtime="20210719 10:25:10.619"/>
</suite>
<status status="FAIL" starttime="20210719 10:23:51.978" endtime="20210719 10:25:10.620"/>
</suite>
<statistics>
<total>
<stat pass="0" fail="1" skip="0">All Tests</stat>
</total>
<tag>
<stat pass="0" fail="1" skip="0">Smoke</stat>
</tag>
<suite>
<stat pass="0" fail="1" skip="0" id="s1" name="TestCases">TestCases</stat>
<stat pass="0" fail="1" skip="0" id="s1-s1" name="Syndicationconsoletests">TestCases.Syndicationconsoletests</stat>
<stat pass="0" fail="1" skip="0" id="s1-s1-s1" name="SyndicationBeforePublicationreqofmetest">TestCases.Syndicationconsoletests.SyndicationBeforePublicationreqofmetest</stat>
</suite>
</statistics>
<errors>
</errors>
</robot>
